#
# There is insufficient memory for the Java Runtime Environment to continue.
# Native memory allocation (malloc) failed to allocate 65536 bytes for committing reserved memory.
# Possible reasons:
#   The system is out of physical RAM or swap space
#   In 32 bit mode, the process size limit was hit
# Possible solutions:
#   Reduce memory load on the system
#   Increase physical memory or swap space
#   Check if swap backing store is full
#   Use 64 bit Java on a 64 bit OS
#   Decrease Java heap size (-Xmx/-Xms)
#   Decrease number of Java threads
#   Decrease Java thread stack sizes (-Xss)
#   Set larger code cache with -XX:ReservedCodeCacheSize=
# This output file may be truncated or incomplete.
#
#  Out of Memory Error (os_linux.cpp:2769), pid=8627, tid=140156963481344
#
# JRE version: OpenJDK Runtime Environment (7.0_55-b14) (build 1.7.0_55-b14)
# Java VM: OpenJDK 64-Bit Server VM (24.51-b03 mixed mode linux-amd64 compressed oops)
# Failed to write core dump. Core dumps have been disabled. To enable core dumping, try "ulimit -c unlimited" before starting Java again
#

---------------  T H R E A D  ---------------

Current thread (0x00000000023de000):  JavaThread "C2 CompilerThread0" daemon [_thread_in_vm, id=8663, stack(0x00007f78d5f56000,0x00007f78d6057000)]

Stack: [0x00007f78d5f56000,0x00007f78d6057000],  sp=0x00007f78d6052770,  free space=1009k
Native frames: (J=compiled Java code, j=interpreted, Vv=VM code, C=native code)
V  [libjvm.so+0x8f8c75]  VMError::report_and_die()+0x175
V  [libjvm.so+0x46afd0]  report_vm_out_of_memory(char const*, int, unsigned long, char const*)+0x70
V  [libjvm.so+0x78729e]  os::Linux::commit_memory_impl(char*, unsigned long, unsigned long, bool)+0x17e
V  [libjvm.so+0x78733c]  os::pd_commit_memory(char*, unsigned long, unsigned long, bool)+0xc
V  [libjvm.so+0x781bb6]  os::commit_memory(char*, unsigned long, unsigned long, bool)+0x26
V  [libjvm.so+0x8f5ba4]  VirtualSpace::expand_by(unsigned long, bool)+0x1b4
V  [libjvm.so+0x550bf4]  CodeHeap::expand_by(unsigned long)+0x84
V  [libjvm.so+0x40135d]  CodeCache::allocate(int)+0x4d
V  [libjvm.so+0x3fc758]  BufferBlob::create(char const*, int)+0x98
V  [libjvm.so+0x3ffee8]  CodeBuffer::initialize(int, int)+0x28
V  [libjvm.so+0x79304b]  Compile::init_buffer(unsigned int*)+0x1db
V  [libjvm.so+0x799401]  Compile::Output()+0x391
V  [libjvm.so+0x41b286]  Compile::Code_Gen()+0x706
V  [libjvm.so+0x41fa6b]  Compile::Compile(ciEnv*, C2Compiler*, ciMethod*, int, bool, bool)+0x11db
V  [libjvm.so+0x3937f0]  C2Compiler::compile_method(ciEnv*, ciMethod*, int)+0xe0
V  [libjvm.so+0x4240fe]  CompileBroker::invoke_compiler_on_method(CompileTask*)+0x34e
V  [libjvm.so+0x42532c]  CompileBroker::compiler_thread_loop()+0x52c
V  [libjvm.so+0x8b33c5]  JavaThread::thread_main_inner()+0x105
V  [libjvm.so+0x8b36d1]  JavaThread::run()+0x2b1
V  [libjvm.so+0x784242]  java_start(Thread*)+0xf2


Current CompileTask:
C2: 802625 1828             org.springframework.asm.ClassReader::readCode (3343 bytes)


---------------  P R O C E S S  ---------------

Java Threads: ( => current thread )
  0x000000000547c800 JavaThread "org.eclipse.jetty.server.session.HashSessionManager@2c71904cTimer" daemon [_thread_blocked, id=9017, stack(0x00007f78cf003000,0x00007f78cf104000)]
  0x00007f78d1029000 JavaThread "Scanner-0" daemon [_thread_in_vm, id=8893, stack(0x00007f78cecea000,0x00007f78cedeb000)]
  0x00007f78d0828000 JavaThread "org.eclipse.jetty.server.session.HashSessionManager@2f2592a9Timer" daemon [_thread_blocked, id=8890, stack(0x00007f78cedeb000,0x00007f78ceeec000)]
  0x00007f78d0826800 JavaThread "org.eclipse.jetty.server.session.HashSessionManager@152c1e8fTimer" daemon [_thread_blocked, id=8889, stack(0x00007f78ceeec000,0x00007f78cefed000)]
  0x0000000003014800 JavaThread "qtp2138651673-19" [_thread_blocked, id=8735, stack(0x00007f78cf5ef000,0x00007f78cf6f0000)]
  0x0000000003509000 JavaThread "qtp2138651673-18" [_thread_blocked, id=8734, stack(0x00007f78cf6f0000,0x00007f78cf7f1000)]
  0x0000000002f98000 JavaThread "qtp2138651673-17" [_thread_blocked, id=8733, stack(0x00007f78cf7f1000,0x00007f78cf8f2000)]
  0x0000000002f95800 JavaThread "qtp2138651673-16" [_thread_blocked, id=8732, stack(0x00007f78cf8f2000,0x00007f78cf9f3000)]
  0x00000000030ed000 JavaThread "qtp2138651673-15" [_thread_blocked, id=8731, stack(0x00007f78cf9f3000,0x00007f78cfaf4000)]
  0x0000000002d09800 JavaThread "qtp2138651673-14" [_thread_blocked, id=8730, stack(0x00007f78cfaf4000,0x00007f78cfbf5000)]
  0x0000000003531800 JavaThread "qtp2138651673-13-acceptor-0@47a972fe-ServerConnector@45bca673{HTTP/1.1}{0.0.0.0:8080}" [_thread_in_native, id=8729, stack(0x00007f78cfbf5000,0x00007f78cfcf6000)]
  0x0000000002d08800 JavaThread "qtp2138651673-12-selector-ServerConnectorManager@38679b1/0" [_thread_in_native, id=8728, stack(0x00007f78cfcf6000,0x00007f78cfdf7000)]
  0x00000000023eb800 JavaThread "Service Thread" daemon [_thread_blocked, id=8665, stack(0x00007f78d5d54000,0x00007f78d5e55000)]
  0x00000000023e0000 JavaThread "C2 CompilerThread1" daemon [_thread_blocked, id=8664, stack(0x00007f78d5e55000,0x00007f78d5f56000)]
=>0x00000000023de000 JavaThread "C2 CompilerThread0" daemon [_thread_in_vm, id=8663, stack(0x00007f78d5f56000,0x00007f78d6057000)]
  0x00000000023db800 JavaThread "Signal Dispatcher" daemon [_thread_blocked, id=8662, stack(0x00007f78d6057000,0x00007f78d6158000)]
  0x00000000023b3000 JavaThread "Finalizer" daemon [_thread_blocked, id=8661, stack(0x00007f78d62cf000,0x00007f78d63d0000)]
  0x00000000023b1000 JavaThread "Reference Handler" daemon [_thread_blocked, id=8660, stack(0x00007f78d63d0000,0x00007f78d64d1000)]
  0x000000000234b800 JavaThread "main" [_thread_blocked, id=8658, stack(0x00007f78dcd95000,0x00007f78dce96000)]

Other Threads:
  0x00000000023ad000 VMThread [stack: 0x00007f78d64d1000,0x00007f78d65d2000] [id=8659]
  0x00000000023f6800 WatcherThread [stack: 0x00007f78d5c53000,0x00007f78d5d54000] [id=8666]

VM state:not at safepoint (normal execution)

VM Mutex/Monitor currently owned by a thread:  ([mutex/lock_event])
[0x0000000002346e60] CodeCache_lock - owner thread: 0x00000000023de000

Heap
 def new generation   total 48768K, used 12529K [0x00000000d6400000, 0x00000000d98e0000, 0x00000000e0b50000)
  eden space 43392K,  28% used [0x00000000d6400000, 0x00000000d703c718, 0x00000000d8e60000)
  from space 5376K,   0% used [0x00000000d93a0000, 0x00000000d93a0000, 0x00000000d98e0000)
  to   space 5376K,   0% used [0x00000000d8e60000, 0x00000000d8e60000, 0x00000000d93a0000)
 tenured generation   total 108080K, used 55178K [0x00000000e0b50000, 0x00000000e74dc000, 0x00000000f5a00000)
   the space 108080K,  51% used [0x00000000e0b50000, 0x00000000e4132a20, 0x00000000e4132c00, 0x00000000e74dc000)
 compacting perm gen  total 56128K, used 56053K [0x00000000f5a00000, 0x00000000f90d0000, 0x0000000100000000)
   the space 56128K,  99% used [0x00000000f5a00000, 0x00000000f90bd680, 0x00000000f90bd800, 0x00000000f90d0000)
No shared spaces configured.

Card table byte_map: [0x00007f78d6996000,0x00007f78d6ae5000] byte_map_base: 0x00007f78d62e4000

Polling page: 0x00007f78dcea7000

Code Cache  [0x00007f78d6ae5000, 0x00007f78d7095000, 0x00007f78d9ae5000)
 total_blobs=1965 nmethods=1584 adapters=331 free_code_cache=43496Kb largest_free_block=44395584

Compilation events (10 events):
Event: 796.975 Thread 0x00000000023de000 1827             java.util.LinkedHashMap::transfer (88 bytes)
Event: 796.995 Thread 0x00000000023de000 nmethod 1827 0x00007f78d6b831d0 code [0x00007f78d6b83340, 0x00007f78d6b83588]
Event: 797.097 Thread 0x00000000023e0000 nmethod 1826% 0x00007f78d7081450 code [0x00007f78d7081c60, 0x00007f78d7085d18]
Event: 797.132 Thread 0x00000000023de000 1828             org.springframework.asm.ClassReader::readCode (3343 bytes)
Event: 797.218 Thread 0x00000000023e0000 1829             sun.misc.URLClassPath::findResource (38 bytes)
Event: 797.229 Thread 0x00000000023e0000 nmethod 1829 0x00007f78d6c639d0 code [0x00007f78d6c63b40, 0x00007f78d6c63c88]
Event: 797.869 Thread 0x00000000023e0000 1830             java.util.regex.Pattern$Branch::match (66 bytes)
Event: 797.976 Thread 0x00000000023e0000 nmethod 1830 0x00007f78d7013d90 code [0x00007f78d7013ee0, 0x00007f78d7014058]
Event: 798.291 Thread 0x00000000023e0000 1831             java.util.Formatter::checkText (58 bytes)
Event: 798.472 Thread 0x00000000023e0000 nmethod 1831 0x00007f78d7013910 code [0x00007f78d7013a60, 0x00007f78d7013c68]

GC Heap History (10 events):
Event: 772.007 GC heap before
{Heap before GC invocations=760 (full 86):
 def new generation   total 48768K, used 43392K [0x00000000d6400000, 0x00000000d98e0000, 0x00000000e0b50000)
  eden space 43392K, 100% used [0x00000000d6400000, 0x00000000d8e60000, 0x00000000d8e60000)
  from space 5376K,   0% used [0x00000000d93a0000, 0x00000000d93a0000, 0x00000000d98e0000)
  to   space 5376K,   0% used [0x00000000d8e60000, 0x00000000d8e60000, 0x00000000d93a0000)
 tenured generation   total 108080K, used 63441K [0x00000000e0b50000, 0x00000000e74dc000, 0x00000000f5a00000)
   the space 108080K,  58% used [0x00000000e0b50000, 0x00000000e49447f8, 0x00000000e4944800, 0x00000000e74dc000)
 compacting perm gen  total 49728K, used 49492K [0x00000000f5a00000, 0x00000000f8a90000, 0x0000000100000000)
   the space 49728K,  99% used [0x00000000f5a00000, 0x00000000f8a55250, 0x00000000f8a55400, 0x00000000f8a90000)
No shared spaces configured.
Event: 772.154 GC heap after
Heap after GC invocations=761 (full 86):
 def new generation   total 48768K, used 5375K [0x00000000d6400000, 0x00000000d98e0000, 0x00000000e0b50000)
  eden space 43392K,   0% used [0x00000000d6400000, 0x00000000d6400000, 0x00000000d8e60000)
  from space 5376K,  99% used [0x00000000d8e60000, 0x00000000d939fff8, 0x00000000d93a0000)
  to   space 5376K,   0% used [0x00000000d93a0000, 0x00000000d93a0000, 0x00000000d98e0000)
 tenured generation   total 108080K, used 67524K [0x00000000e0b50000, 0x00000000e74dc000, 0x00000000f5a00000)
   the space 108080K,  62% used [0x00000000e0b50000, 0x00000000e4d41338, 0x00000000e4d41400, 0x00000000e74dc000)
 compacting perm gen  total 49728K, used 49492K [0x00000000f5a00000, 0x00000000f8a90000, 0x0000000100000000)
   the space 49728K,  99% used [0x00000000f5a00000, 0x00000000f8a55250, 0x00000000f8a55400, 0x00000000f8a90000)
No shared spaces configured.
}
Event: 772.772 GC heap before
{Heap before GC invocations=761 (full 86):
 def new generation   total 48768K, used 48667K [0x00000000d6400000, 0x00000000d98e0000, 0x00000000e0b50000)
  eden space 43392K,  99% used [0x00000000d6400000, 0x00000000d8e46ff0, 0x00000000d8e60000)
  from space 5376K,  99% used [0x00000000d8e60000, 0x00000000d939fff8, 0x00000000d93a0000)
  to   space 5376K,   0% used [0x00000000d93a0000, 0x00000000d93a0000, 0x00000000d98e0000)
 tenured generation   total 108080K, used 67524K [0x00000000e0b50000, 0x00000000e74dc000, 0x00000000f5a00000)
   the space 108080K,  62% used [0x00000000e0b50000, 0x00000000e4d41338, 0x00000000e4d41400, 0x00000000e74dc000)
 compacting perm gen  total 49728K, used 49492K [0x00000000f5a00000, 0x00000000f8a90000, 0x0000000100000000)
   the space 49728K,  99% used [0x00000000f5a00000, 0x00000000f8a55250, 0x00000000f8a55400, 0x00000000f8a90000)
No shared spaces configured.
Event: 772.962 GC heap after
Heap after GC invocations=762 (full 86):
 def new generation   total 48768K, used 5376K [0x00000000d6400000, 0x00000000d98e0000, 0x00000000e0b50000)
  eden space 43392K,   0% used [0x00000000d6400000, 0x00000000d6400000, 0x00000000d8e60000)
  from space 5376K, 100% used [0x00000000d93a0000, 0x00000000d98e0000, 0x00000000d98e0000)
  to   space 5376K,   0% used [0x00000000d8e60000, 0x00000000d8e60000, 0x00000000d93a0000)
 tenured generation   total 108080K, used 73025K [0x00000000e0b50000, 0x00000000e74dc000, 0x00000000f5a00000)
   the space 108080K,  67% used [0x00000000e0b50000, 0x00000000e52a07d0, 0x00000000e52a0800, 0x00000000e74dc000)
 compacting perm gen  total 49728K, used 49492K [0x00000000f5a00000, 0x00000000f8a90000, 0x0000000100000000)
   the space 49728K,  99% used [0x00000000f5a00000, 0x00000000f8a55250, 0x00000000f8a55400, 0x00000000f8a90000)
No shared spaces configured.
}
Event: 774.246 GC heap before
{Heap before GC invocations=762 (full 86):
 def new generation   total 48768K, used 48768K [0x00000000d6400000, 0x00000000d98e0000, 0x00000000e0b50000)
  eden space 43392K, 100% used [0x00000000d6400000, 0x00000000d8e60000, 0x00000000d8e60000)
  from space 5376K, 100% used [0x00000000d93a0000, 0x00000000d98e0000, 0x00000000d98e0000)
  to   space 5376K,   0% used [0x00000000d8e60000, 0x00000000d8e60000, 0x00000000d93a0000)
 tenured generation   total 108080K, used 73025K [0x00000000e0b50000, 0x00000000e74dc000, 0x00000000f5a00000)
   the space 108080K,  67% used [0x00000000e0b50000, 0x00000000e52a07d0, 0x00000000e52a0800, 0x00000000e74dc000)
 compacting perm gen  total 49728K, used 49492K [0x00000000f5a00000, 0x00000000f8a90000, 0x0000000100000000)
   the space 49728K,  99% used [0x00000000f5a00000, 0x00000000f8a55250, 0x00000000f8a55400, 0x00000000f8a90000)
No shared spaces configured.
Event: 774.395 GC heap after
Heap after GC invocations=763 (full 86):
 def new generation   total 48768K, used 5376K [0x00000000d6400000, 0x00000000d98e0000, 0x00000000e0b50000)
  eden space 43392K,   0% used [0x00000000d6400000, 0x00000000d6400000, 0x00000000d8e60000)
  from space 5376K, 100% used [0x00000000d8e60000, 0x00000000d93a0000, 0x00000000d93a0000)
  to   space 5376K,   0% used [0x00000000d93a0000, 0x00000000d93a0000, 0x00000000d98e0000)
 tenured generation   total 108080K, used 78744K [0x00000000e0b50000, 0x00000000e74dc000, 0x00000000f5a00000)
   the space 108080K,  72% used [0x00000000e0b50000, 0x00000000e5836088, 0x00000000e5836200, 0x00000000e74dc000)
 compacting perm gen  total 49728K, used 49492K [0x00000000f5a00000, 0x00000000f8a90000, 0x0000000100000000)
   the space 49728K,  99% used [0x00000000f5a00000, 0x00000000f8a55250, 0x00000000f8a55400, 0x00000000f8a90000)
No shared spaces configured.
}
Event: 778.508 GC heap before
{Heap before GC invocations=763 (full 86):
 def new generation   total 48768K, used 48768K [0x00000000d6400000, 0x00000000d98e0000, 0x00000000e0b50000)
  eden space 43392K, 100% used [0x00000000d6400000, 0x00000000d8e60000, 0x00000000d8e60000)
  from space 5376K, 100% used [0x00000000d8e60000, 0x00000000d93a0000, 0x00000000d93a0000)
  to   space 5376K,   0% used [0x00000000d93a0000, 0x00000000d93a0000, 0x00000000d98e0000)
 tenured generation   total 108080K, used 78744K [0x00000000e0b50000, 0x00000000e74dc000, 0x00000000f5a00000)
   the space 108080K,  72% used [0x00000000e0b50000, 0x00000000e5836088, 0x00000000e5836200, 0x00000000e74dc000)
 compacting perm gen  total 49728K, used 49643K [0x00000000f5a00000, 0x00000000f8a90000, 0x0000000100000000)
   the space 49728K,  99% used [0x00000000f5a00000, 0x00000000f8a7aee8, 0x00000000f8a7b000, 0x00000000f8a90000)
No shared spaces configured.
Event: 778.578 GC heap after
Heap after GC invocations=764 (full 86):
 def new generation   total 48768K, used 5375K [0x00000000d6400000, 0x00000000d98e0000, 0x00000000e0b50000)
  eden space 43392K,   0% used [0x00000000d6400000, 0x00000000d6400000, 0x00000000d8e60000)
  from space 5376K,  99% used [0x00000000d93a0000, 0x00000000d98dfff8, 0x00000000d98e0000)
  to   space 5376K,   0% used [0x00000000d8e60000, 0x00000000d8e60000, 0x00000000d93a0000)
 tenured generation   total 108080K, used 84496K [0x00000000e0b50000, 0x00000000e74dc000, 0x00000000f5a00000)
   the space 108080K,  78% used [0x00000000e0b50000, 0x00000000e5dd41a0, 0x00000000e5dd4200, 0x00000000e74dc000)
 compacting perm gen  total 49728K, used 49643K [0x00000000f5a00000, 0x00000000f8a90000, 0x0000000100000000)
   the space 49728K,  99% used [0x00000000f5a00000, 0x00000000f8a7aee8, 0x00000000f8a7b000, 0x00000000f8a90000)
No shared spaces configured.
}
Event: 793.030 GC heap before
{Heap before GC invocations=764 (full 86):
 def new generation   total 48768K, used 44368K [0x00000000d6400000, 0x00000000d98e0000, 0x00000000e0b50000)
  eden space 43392K,  89% used [0x00000000d6400000, 0x00000000d8a141a8, 0x00000000d8e60000)
  from space 5376K,  99% used [0x00000000d93a0000, 0x00000000d98dfff8, 0x00000000d98e0000)
  to   space 5376K,   0% used [0x00000000d8e60000, 0x00000000d8e60000, 0x00000000d93a0000)
 tenured generation   total 108080K, used 84496K [0x00000000e0b50000, 0x00000000e74dc000, 0x00000000f5a00000)
   the space 108080K,  78% used [0x00000000e0b50000, 0x00000000e5dd41a0, 0x00000000e5dd4200, 0x00000000e74dc000)
 compacting perm gen  total 55168K, used 55167K [0x00000000f5a00000, 0x00000000f8fe0000, 0x0000000100000000)
   the space 55168K,  99% used [0x00000000f5a00000, 0x00000000f8fdffc8, 0x00000000f8fe0000, 0x00000000f8fe0000)
No shared spaces configured.
Event: 794.624 GC heap after
Heap after GC invocations=765 (full 87):
 def new generation   total 48768K, used 0K [0x00000000d6400000, 0x00000000d98e0000, 0x00000000e0b50000)
  eden space 43392K,   0% used [0x00000000d6400000, 0x00000000d6400000, 0x00000000d8e60000)
  from space 5376K,   0% used [0x00000000d93a0000, 0x00000000d93a0000, 0x00000000d98e0000)
  to   space 5376K,   0% used [0x00000000d8e60000, 0x00000000d8e60000, 0x00000000d93a0000)
 tenured generation   total 108080K, used 55178K [0x00000000e0b50000, 0x00000000e74dc000, 0x00000000f5a00000)
   the space 108080K,  51% used [0x00000000e0b50000, 0x00000000e4132a20, 0x00000000e4132c00, 0x00000000e74dc000)
 compacting perm gen  total 55168K, used 55167K [0x00000000f5a00000, 0x00000000f8fe0000, 0x0000000100000000)
   the space 55168K,  99% used [0x00000000f5a00000, 0x00000000f8fdffc8, 0x00000000f8fe0000, 0x00000000f8fe0000)
No shared spaces configured.
}

Deoptimization events (10 events):
Event: 776.882 Thread 0x00007f78d1029000 Uncommon trap: reason=null_check action=make_not_entrant pc=0x00007f78d6fc621c method=org.apache.tomcat.util.digester.RulesBase.lookup(Ljava/lang/String;Ljava/lang/String;)Ljava/util/List; @ 76
Event: 776.882 Thread 0x00007f78d1029000 Uncommon trap: reason=null_check action=make_not_entrant pc=0x00007f78d6f5a2d4 method=org.apache.tomcat.util.digester.RulesBase.lookup(Ljava/lang/String;Ljava/lang/String;)Ljava/util/List; @ 76
Event: 776.953 Thread 0x00007f78d1029000 Uncommon trap: reason=null_check action=make_not_entrant pc=0x00007f78d6fb6b98 method=com.sun.org.apache.xerces.internal.utils.XMLLimitAnalyzer.isTracking(Ljava/lang/String;)Z @ 14
Event: 776.953 Thread 0x00007f78d1029000 Uncommon trap: reason=null_check action=make_not_entrant pc=0x00007f78d6f583f0 method=com.sun.org.apache.xerces.internal.utils.XMLLimitAnalyzer.isTracking(Ljava/lang/String;)Z @ 14
Event: 776.953 Thread 0x00007f78d1029000 Uncommon trap: reason=null_check action=make_not_entrant pc=0x00007f78d6f59640 method=com.sun.org.apache.xerces.internal.utils.XMLLimitAnalyzer.isTracking(Ljava/lang/String;)Z @ 14
Event: 779.501 Thread 0x00007f78d1029000 Uncommon trap: reason=bimorphic action=maybe_recompile pc=0x00007f78d7014dc4 method=java.util.Hashtable.put(Ljava/lang/Object;Ljava/lang/Object;)Ljava/lang/Object; @ 61
Event: 780.745 Thread 0x00007f78d1029000 Uncommon trap: reason=class_check action=maybe_recompile pc=0x00007f78d6d6f7ac method=java.lang.Class.getEnumConstantsShared()[Ljava/lang/Object; @ 50
Event: 792.771 Thread 0x00007f78d1029000 Uncommon trap: reason=unreached action=reinterpret pc=0x00007f78d6ea3778 method=java.io.UnixFileSystem.canonicalize(Ljava/lang/String;)Ljava/lang/String; @ 42
Event: 795.500 Thread 0x00007f78d1029000 Uncommon trap: reason=class_check action=maybe_recompile pc=0x00007f78d7073350 method=org.springframework.asm.ClassReader.readCode(Lorg/springframework/asm/MethodVisitor;Lorg/springframework/asm/Context;I)V @ 1791
Event: 795.897 Thread 0x00007f78d1029000 Uncommon trap: reason=unloaded action=reinterpret pc=0x00007f78d7073dec method=org.springframework.asm.ClassReader.readConst(I[C)Ljava/lang/Object; @ 84

Internal exceptions (10 events):
Event: 795.205 Thread 0x00007f78d1029000 Threw 0x00000000d64f0a68 at /build/openjdk-7-kBcQ8a/openjdk-7-7u55-2.4.7/build/openjdk/hotspot/src/share/vm/prims/jvm.cpp:1244
Event: 795.205 Thread 0x00007f78d1029000 Threw 0x00000000d64f1560 at /build/openjdk-7-kBcQ8a/openjdk-7-7u55-2.4.7/build/openjdk/hotspot/src/share/vm/prims/jvm.cpp:1244
Event: 795.205 Thread 0x00007f78d1029000 Threw 0x00000000d64f1b28 at /build/openjdk-7-kBcQ8a/openjdk-7-7u55-2.4.7/build/openjdk/hotspot/src/share/vm/prims/jvm.cpp:1244
Event: 795.214 Thread 0x00007f78d1029000 Threw 0x00000000d64f82e8 at /build/openjdk-7-kBcQ8a/openjdk-7-7u55-2.4.7/build/openjdk/hotspot/src/share/vm/prims/jvm.cpp:1244
Event: 795.214 Thread 0x00007f78d1029000 Threw 0x00000000d64f8f68 at /build/openjdk-7-kBcQ8a/openjdk-7-7u55-2.4.7/build/openjdk/hotspot/src/share/vm/prims/jvm.cpp:1244
Event: 795.214 Thread 0x00007f78d1029000 Threw 0x00000000d64fba20 at /build/openjdk-7-kBcQ8a/openjdk-7-7u55-2.4.7/build/openjdk/hotspot/src/share/vm/prims/jvm.cpp:1244
Event: 795.214 Thread 0x00007f78d1029000 Threw 0x00000000d64fc518 at /build/openjdk-7-kBcQ8a/openjdk-7-7u55-2.4.7/build/openjdk/hotspot/src/share/vm/prims/jvm.cpp:1244
Event: 795.214 Thread 0x00007f78d1029000 Threw 0x00000000d64fcae0 at /build/openjdk-7-kBcQ8a/openjdk-7-7u55-2.4.7/build/openjdk/hotspot/src/share/vm/prims/jvm.cpp:1244
Event: 795.223 Thread 0x00007f78d1029000 Threw 0x00000000d6503200 at /build/openjdk-7-kBcQ8a/openjdk-7-7u55-2.4.7/build/openjdk/hotspot/src/share/vm/prims/jvm.cpp:1244
Event: 795.975 Thread 0x00007f78d1029000 Threw 0x00000000d66fdb98 at /build/openjdk-7-kBcQ8a/openjdk-7-7u55-2.4.7/build/openjdk/hotspot/src/share/vm/prims/jvm.cpp:1244

Events (10 events):
Event: 795.214 loading class 0x00000000043b32b0 done
Event: 795.214 loading class 0x00000000043b32b0
Event: 795.214 loading class 0x00000000043b32b0 done
Event: 795.500 Thread 0x00007f78d1029000 Uncommon trap: trap_request=0xffffffde fr.pc=0x00007f78d7073350
Event: 795.500 Thread 0x00007f78d1029000 DEOPT PACKING pc=0x00007f78d7073350 sp=0x00007f78cede8610
Event: 795.500 Thread 0x00007f78d1029000 DEOPT UNPACKING pc=0x00007f78d6b1e045 sp=0x00007f78cede85c0 mode 2
Event: 795.835 Thread 0x00000000023e0000 flushing nmethod 0x00007f78d6b83050
Event: 795.897 Thread 0x00007f78d1029000 Uncommon trap: trap_request=0x000000e4 fr.pc=0x00007f78d7073dec
Event: 795.897 Thread 0x00007f78d1029000 DEOPT PACKING pc=0x00007f78d7073dec sp=0x00007f78cede8610
Event: 795.897 Thread 0x00007f78d1029000 DEOPT UNPACKING pc=0x00007f78d6b1e045 sp=0x00007f78cede8530 mode 2


Dynamic libraries:
00400000-00401000 r-xp 00000000 fe:00 145358                             /usr/lib/jvm/java-7-openjdk-amd64/jre/bin/java
00600000-00601000 r--p 00000000 fe:00 145358                             /usr/lib/jvm/java-7-openjdk-amd64/jre/bin/java
00601000-00602000 rw-p 00001000 fe:00 145358                             /usr/lib/jvm/java-7-openjdk-amd64/jre/bin/java
0233e000-062e8000 rw-p 00000000 00:00 0                                  [heap]
d6400000-d98e0000 rw-p 00000000 00:00 0 
d98e0000-e0b50000 rw-p 00000000 00:00 0 
e0b50000-e74dc000 rw-p 00000000 00:00 0 
e74dc000-e7950000 ---p 00000000 00:00 0 
e7950000-f5a00000 rw-p 00000000 00:00 0 
f5a00000-f90d0000 rw-p 00000000 00:00 0 
f90d0000-100000000 rw-p 00000000 00:00 0 
7f78cebe9000-7f78cebec000 ---p 00000000 00:00 0 
7f78cebec000-7f78cecea000 rw-p 00000000 00:00 0 
7f78cecea000-7f78ceced000 ---p 00000000 00:00 0 
7f78ceced000-7f78cedeb000 rw-p 00000000 00:00 0 
7f78cedeb000-7f78cedee000 ---p 00000000 00:00 0 
7f78cedee000-7f78ceeec000 rw-p 00000000 00:00 0 
7f78ceeec000-7f78ceeef000 ---p 00000000 00:00 0 
7f78ceeef000-7f78cefed000 rw-p 00000000 00:00 0 
7f78cefed000-7f78ceff8000 r--s 00203000 fe:00 145382                     /usr/lib/jvm/java-7-openjdk-amd64/jre/lib/charsets.jar
7f78ceff8000-7f78cf003000 r--s 00203000 fe:00 145382                     /usr/lib/jvm/java-7-openjdk-amd64/jre/lib/charsets.jar
7f78cf003000-7f78cf006000 ---p 00000000 00:00 0 
7f78cf006000-7f78cf104000 rw-p 00000000 00:00 0 
7f78cf104000-7f78cf107000 ---p 00000000 00:00 0 
7f78cf107000-7f78cf205000 rw-p 00000000 00:00 0 
7f78cf205000-7f78cf208000 ---p 00000000 00:00 0 
7f78cf208000-7f78cf306000 rw-p 00000000 00:00 0 
7f78cf306000-7f78cf308000 r--s 00005000 fe:00 155666                     /home/vagrant/.m2/repository/org/apache/directory/server/apacheds-protocol-shared/1.5.5/apacheds-protocol-shared-1.5.5.jar
7f78cf308000-7f78cf30a000 r--s 00066000 fe:00 155662                     /home/vagrant/.m2/repository/org/apache/directory/server/apacheds-bootstrap-partition/1.5.5/apacheds-bootstrap-partition-1.5.5.jar
7f78cf30a000-7f78cf311000 r--s 0003b000 fe:00 155661                     /home/vagrant/.m2/repository/org/apache/directory/server/apacheds-kerberos-shared/1.5.5/apacheds-kerberos-shared-1.5.5.jar
7f78cf311000-7f78cf31e000 r--s 0008f000 fe:00 295433                     /home/vagrant/.m2/repository/org/apache/mina/mina-core/2.0.0-M6/mina-core-2.0.0-M6.jar
7f78cf31e000-7f78cf320000 r--s 00002000 fe:00 155658                     /home/vagrant/.m2/repository/org/apache/directory/shared/shared-asn1-codec/0.9.15/shared-asn1-codec-0.9.15.jar
7f78cf320000-7f78cf324000 r--s 00027000 fe:00 155656                     /home/vagrant/.m2/repository/org/apache/directory/server/apacheds-protocol-ldap/1.5.5/apacheds-protocol-ldap-1.5.5.jar
7f78cf324000-7f78cf325000 r--s 00003000 fe:00 155655                     /home/vagrant/.m2/repository/org/apache/directory/server/apacheds-server-jndi/1.5.5/apacheds-server-jndi-1.5.5.jar
7f78cf325000-7f78cf32a000 r--s 00068000 fe:00 402554                     /home/vagrant/.m2/repository/antlr/antlr/2.7.7/antlr-2.7.7.jar
7f78cf32a000-7f78cf32b000 r--s 00004000 fe:00 155652                     /home/vagrant/.m2/repository/org/apache/directory/shared/shared-ldap-constants/0.9.15/shared-ldap-constants-0.9.15.jar
7f78cf32b000-7f78cf32f000 r--s 00014000 fe:00 155651                     /home/vagrant/.m2/repository/org/apache/directory/shared/shared-asn1/0.9.15/shared-asn1-0.9.15.jar
7f78cf32f000-7f78cf34c000 r--s 0011f000 fe:00 155649                     /home/vagrant/.m2/repository/org/apache/directory/shared/shared-ldap/0.9.15/shared-ldap-0.9.15.jar
7f78cf34c000-7f78cf36f000 r--s 00163000 fe:00 402553                     /home/vagrant/.m2/repository/bouncycastle/bcprov-jdk15/140/bcprov-jdk15-140.jar
7f78cf36f000-7f78cf370000 r--s 00004000 fe:00 155647                     /home/vagrant/.m2/repository/org/apache/directory/shared/shared-cursor/0.9.15/shared-cursor-0.9.15.jar
7f78cf370000-7f78cf371000 r--s 00003000 fe:00 155644                     /home/vagrant/.m2/repository/org/apache/directory/server/apacheds-bootstrap-extract/1.5.5/apacheds-bootstrap-extract-1.5.5.jar
7f78cf371000-7f78cf373000 r--s 00008000 fe:00 402551                     /home/vagrant/.m2/repository/org/apache/directory/server/apacheds-xdbm-base/1.5.5/apacheds-xdbm-base-1.5.5.jar
7f78cf373000-7f78cf375000 r--s 00006000 fe:00 155642                     /home/vagrant/.m2/repository/org/apache/directory/server/apacheds-core-avl/1.5.5/apacheds-core-avl-1.5.5.jar
7f78cf375000-7f78cf377000 r--s 0000e000 fe:00 155641                     /home/vagrant/.m2/repository/org/apache/directory/server/apacheds-jdbm-store/1.5.5/apacheds-jdbm-store-1.5.5.jar
7f78cf377000-7f78cf378000 r--s 00002000 fe:00 155640                     /home/vagrant/.m2/repository/org/apache/directory/server/apacheds-utils/1.5.5/apacheds-utils-1.5.5.jar
7f78cf378000-7f78cf37a000 r--s 00002000 fe:00 402547                     /home/vagrant/.m2/repository/org/apache/directory/server/apacheds-core-constants/1.5.5/apacheds-core-constants-1.5.5.jar
7f78cf37a000-7f78cf37c000 r--s 00002000 fe:00 402545                     /home/vagrant/.m2/repository/org/apache/directory/server/apacheds-core-shared/1.5.5/apacheds-core-shared-1.5.5.jar
7f78cf37c000-7f78cf37e000 r--s 0000e000 fe:00 402542                     /home/vagrant/.m2/repository/org/apache/directory/server/apacheds-schema-registries/1.5.5/apacheds-schema-registries-1.5.5.jar
7f78cf37e000-7f78cf380000 r--s 0000f000 fe:00 402541                     /home/vagrant/.m2/repository/org/apache/directory/server/apacheds-core-entry/1.5.5/apacheds-core-entry-1.5.5.jar
7f78cf380000-7f78cf382000 r--s 00014000 fe:00 402540                     /home/vagrant/.m2/repository/org/apache/directory/server/apacheds-jdbm/1.5.5/apacheds-jdbm-1.5.5.jar
7f78cf382000-7f78cf386000 r--s 0001d000 fe:00 155636                     /home/vagrant/.m2/repository/org/apache/directory/server/apacheds-schema-bootstrap/1.5.5/apacheds-schema-bootstrap-1.5.5.jar
7f78cf386000-7f78cf388000 r--s 00004000 fe:00 155635                     /home/vagrant/.m2/repository/org/apache/directory/server/apacheds-xdbm-tools/1.5.5/apacheds-xdbm-tools-1.5.5.jar
7f78cf388000-7f78cf38e000 r--s 00022000 fe:00 155634                     /home/vagrant/.m2/repository/org/apache/directory/server/apacheds-schema-extras/1.5.5/apacheds-schema-extras-1.5.5.jar
7f78cf38e000-7f78cf391000 r--s 00011000 fe:00 295431                     /home/vagrant/.m2/repository/org/apache/directory/server/apacheds-xdbm-search/1.5.5/apacheds-xdbm-search-1.5.5.jar
7f78cf391000-7f78cf39c000 r--s 0008b000 fe:00 402538                     /home/vagrant/.m2/repository/org/apache/directory/server/apacheds-core/1.5.5/apacheds-core-1.5.5.jar
7f78cf39c000-7f78cf39d000 r--s 00002000 fe:00 155628                     /home/vagrant/.m2/repository/de/thm/arsnova/connector/connector-model/0.73.0/connector-model-0.73.0.jar
7f78cf39d000-7f78cf3ab000 r--s 0007f000 fe:00 402535                     /home/vagrant/.m2/repository/commons-collections/commons-collections/3.2.1/commons-collections-3.2.1.jar
7f78cf3ab000-7f78cf3ad000 r--s 00000000 fe:00 155622                     /home/vagrant/.m2/repository/de/thm/arsnova/connector/connector-client/0.73.0/connector-client-0.73.0.jar
7f78cf3ad000-7f78cf3b3000 r--s 00033000 fe:00 402533                     /home/vagrant/.m2/repository/commons-codec/commons-codec/1.6/commons-codec-1.6.jar
7f78cf3b3000-7f78cf3ba000 r--s 0003f000 fe:00 295426                     /home/vagrant/.m2/repository/org/apache/httpcomponents/httpcore/4.3.3/httpcore-4.3.3.jar
7f78cf3ba000-7f78cf3c6000 r--s 00085000 fe:00 295424                     /home/vagrant/.m2/repository/org/apache/httpcomponents/httpclient/4.3.6/httpclient-4.3.6.jar
7f78cf3c6000-7f78cf3ca000 r--s 0002a000 fe:00 402531                     /home/vagrant/.m2/repository/commons-io/commons-io/2.4/commons-io-2.4.jar
7f78cf3ca000-7f78cf3cc000 r--s 0000b000 fe:00 295414                     /home/vagrant/.m2/repository/org/springframework/spring-aspects/4.0.9.RELEASE/spring-aspects-4.0.9.RELEASE.jar
7f78cf3cc000-7f78cf3e4000 r--s 001ac000 fe:00 155577                     /home/vagrant/.m2/repository/org/aspectj/aspectjweaver/1.7.4/aspectjweaver-1.7.4.jar
7f78cf3e4000-7f78cf3e9000 r--s 00019000 fe:00 155576                     /home/vagrant/.m2/repository/org/aspectj/aspectjrt/1.7.4/aspectjrt-1.7.4.jar
7f78cf3e9000-7f78cf3f2000 r--s 0004e000 fe:00 295412                     /home/vagrant/.m2/repository/org/springframework/spring-aop/4.0.9.RELEASE/spring-aop-4.0.9.RELEASE.jar
7f78cf3f2000-7f78cf3f5000 r--s 00007000 fe:00 402517                     /home/vagrant/.m2/repository/com/fasterxml/jackson/core/jackson-annotations/2.4.0/jackson-annotations-2.4.0.jar
7f78cf3f5000-7f78cf406000 r--s 000f6000 fe:00 402516                     /home/vagrant/.m2/repository/com/fasterxml/jackson/core/jackson-databind/2.4.5/jackson-databind-2.4.5.jar
7f78cf406000-7f78cf40a000 r--s 00034000 fe:00 155574                     /home/vagrant/.m2/repository/com/fasterxml/jackson/core/jackson-core/2.4.3/jackson-core-2.4.3.jar
7f78cf40a000-7f78cf40c000 r--s 0000f000 fe:00 155571                     /home/vagrant/.m2/repository/io/netty/netty-transport-native-epoll/4.0.25.Final/netty-transport-native-epoll-4.0.25.Final.jar
7f78cf40c000-7f78cf410000 r--s 0001f000 fe:00 155570                     /home/vagrant/.m2/repository/io/netty/netty-codec/4.0.25.Final/netty-codec-4.0.25.Final.jar
7f78cf410000-7f78cf418000 r--s 0005f000 fe:00 155566                     /home/vagrant/.m2/repository/io/netty/netty-codec-http/4.0.25.Final/netty-codec-http-4.0.25.Final.jar
7f78cf418000-7f78cf41d000 r--s 00034000 fe:00 155567                     /home/vagrant/.m2/repository/io/netty/netty-handler/4.0.25.Final/netty-handler-4.0.25.Final.jar
7f78cf41d000-7f78cf423000 r--s 00046000 fe:00 155564                     /home/vagrant/.m2/repository/io/netty/netty-transport/4.0.25.Final/netty-transport-4.0.25.Final.jar
7f78cf423000-7f78cf42b000 r--s 0005f000 fe:00 402511                     /home/vagrant/.m2/repository/io/netty/netty-common/4.0.25.Final/netty-common-4.0.25.Final.jar
7f78cf42b000-7f78cf42d000 r--s 00027000 fe:00 402510                     /home/vagrant/.m2/repository/io/netty/netty-buffer/4.0.25.Final/netty-buffer-4.0.25.Final.jar
7f78cf42d000-7f78cf432000 r--s 00029000 fe:00 155560                     /home/vagrant/.m2/repository/com/corundumstudio/socketio/netty-socketio/1.7.6/netty-socketio-1.7.6.jar
7f78cf432000-7f78cf438000 r--s 00048000 fe:00 155561                     /home/vagrant/.m2/repository/org/apache/commons/commons-lang3/3.1/commons-lang3-3.1.jar
7f78cf438000-7f78cf43b000 r--s 00011000 fe:00 155557                     /home/vagrant/.m2/repository/org/scribe/scribe/1.3.2/scribe-1.3.2.jar
7f78cf43b000-7f78cf43f000 r--s 0001c000 fe:00 155556                     /home/vagrant/.m2/repository/org/scribe/scribe-up/1.2.0/scribe-up-1.2.0.jar
7f78cf43f000-7f78cf440000 r--s 00002000 fe:00 155551                     /home/vagrant/.m2/repository/com/github/leleuj/springframework/security/spring-security-oauth-client/1.0.0/spring-security-oauth-client-1.0.0.jar
7f78cf440000-7f78cf442000 r--s 0000e000 fe:00 402520                     /home/vagrant/.m2/repository/javax/activation/activation/1.1/activation-1.1.jar
7f78cf442000-7f78cf44a000 r--s 00078000 fe:00 402503                     /home/vagrant/.m2/repository/javax/mail/mail/1.4.7/mail-1.4.7.jar
7f78cf44a000-7f78cf44d000 r--s 00013000 fe:00 402499                     /home/vagrant/.m2/repository/net/sf/ezmorph/ezmorph/1.0.6/ezmorph-1.0.6.jar
7f78cf44d000-7f78cf452000 r--s 00034000 fe:00 402498                     /home/vagrant/.m2/repository/commons-beanutils/commons-beanutils/1.8.0/commons-beanutils-1.8.0.jar
7f78cf452000-7f78cf456000 r--s 00022000 fe:00 402497                     /home/vagrant/.m2/repository/net/sf/json-lib/json-lib/2.3/json-lib-2.3-jdk15.jar
7f78cf456000-7f78cf458000 r--s 0000d000 fe:00 295406                     /home/vagrant/.m2/repository/commons-logging/commons-logging/1.1.1/commons-logging-1.1.1.jar
7f78cf458000-7f78cf45a000 r--s 00006000 fe:00 402495                     /home/vagrant/.m2/repository/couchdb4j/couchdb4j/0.3.0-i386-1/couchdb4j-0.3.0-i386-1.jar
7f78cf45a000-7f78cf463000 r--s 0006f000 fe:00 402494                     /home/vagrant/.m2/repository/log4j/log4j/1.2.17/log4j-1.2.17.jar
7f78cf463000-7f78cf46a000 r--s 0003f000 fe:00 402488                     /home/vagrant/.m2/repository/cglib/cglib/3.1/cglib-3.1.jar
7f78cf46a000-7f78cf474000 r--s 0005c000 fe:00 402486                     /home/vagrant/.m2/repository/jstl/jstl/1.2/jstl-1.2.jar
7f78cf474000-7f78cf47c000 r--s 00034000 fe:00 295401                     /home/vagrant/.m2/repository/org/springframework/spring-tx/3.2.8.RELEASE/spring-tx-3.2.8.RELEASE.jar
7f78cf47c000-7f78cf483000 r--s 00035000 fe:00 402484                     /home/vagrant/.m2/repository/org/springframework/ldap/spring-ldap-core/1.3.2.RELEASE/spring-ldap-core-1.3.2.RELEASE.jar
7f78cf483000-7f78cf486000 r--s 00016000 fe:00 295399                     /home/vagrant/.m2/repository/org/springframework/security/spring-security-ldap/3.2.5.RELEASE/spring-security-ldap-3.2.5.RELEASE.jar
7f78cf486000-7f78cf489000 r--s 00041000 fe:00 402482                     /home/vagrant/.m2/repository/xalan/serializer/2.7.1/serializer-2.7.1.jar
7f78cf489000-7f78cf4ae000 r--s 002e3000 fe:00 402481                     /home/vagrant/.m2/repository/xalan/xalan/2.7.1/xalan-2.7.1.jar
7f78cf4ae000-7f78cf4b0000 r--s 00013000 fe:00 402479                     /home/vagrant/.m2/repository/xml-resolver/xml-resolver/1.2/xml-resolver-1.2.jar
7f78cf4b0000-7f78cf4c9000 r--s 00134000 fe:00 402477                     /home/vagrant/.m2/repository/xerces/xercesImpl/2.10.0/xercesImpl-2.10.0.jar
7f78cf4c9000-7f78cf4d2000 r--s 0002d000 fe:00 402476                     /home/vagrant/.m2/repository/xml-apis/xml-apis/1.4.01/xml-apis-1.4.01.jar
7f78cf4d2000-7f78cf4d8000 r--s 00054000 fe:00 295395                     /home/vagrant/.m2/repository/org/owasp/esapi/esapi/2.0GA/esapi-2.0GA.jar
7f78cf4d8000-7f78cf4dd000 r--s 0003b000 fe:00 295388                     /home/vagrant/.m2/repository/ca/juliusdavies/not-yet-commons-ssl/0.3.9/not-yet-commons-ssl-0.3.9.jar
7f78cf4dd000-7f78cf4e8000 r--s 00063000 fe:00 295385                     /home/vagrant/.m2/repository/org/apache/santuario/xmlsec/1.4.4/xmlsec-1.4.4.jar
7f78cf4e8000-7f78cf50d000 r--s 00172000 fe:00 295383                     /home/vagrant/.m2/repository/org/bouncycastle/bcprov-jdk15/1.45/bcprov-jdk15-1.45.jar
7f78cf50d000-7f78cf51d000 r--s 00086000 fe:00 295378                     /home/vagrant/.m2/repository/org/opensaml/xmltooling/1.3.2-1/xmltooling-1.3.2-1.jar
7f78cf51d000-7f78cf531000 r--s 00077000 fe:00 295376                     /home/vagrant/.m2/repository/org/opensaml/openws/1.4.2-1/openws-1.4.2-1.jar
7f78cf531000-7f78cf559000 r--s 00123000 fe:00 295374                     /home/vagrant/.m2/repository/org/opensaml/opensaml/2.5.1-1/opensaml-2.5.1-1.jar
7f78cf559000-7f78cf55b000 r--s 0000a000 fe:00 155667                     /home/vagrant/.m2/repository/org/apache/directory/server/apacheds-core-jndi/1.5.5/apacheds-core-jndi-1.5.5.jar
7f78cf55b000-7f78cf55d000 r--s 00001000 fe:00 295405                     /home/vagrant/.m2/repository/org/slf4j/slf4j-log4j12/1.7.10/slf4j-log4j12-1.7.10.jar
7f78cf55d000-7f78cf55e000 r--s 00007000 fe:00 295403                     /home/vagrant/.m2/repository/org/slf4j/slf4j-api/1.7.10/slf4j-api-1.7.10.jar
7f78cf55e000-7f78cf55f000 r--s 0000b000 fe:00 402490                     /home/vagrant/.m2/repository/org/ow2/asm/asm/4.2/asm-4.2.jar
7f78cf55f000-7f78cf567000 r--s 00058000 fe:00 402475                     /home/vagrant/.m2/repository/velocity/velocity/1.5/velocity-1.5.jar
7f78cf567000-7f78cf568000 r--s 00000000 fe:00 295389                     /home/vagrant/.m2/repository/net/jcip/jcip-annotations/1.0/jcip-annotations-1.0.jar
7f78cf568000-7f78cf577000 r--s 00076000 fe:00 295381                     /home/vagrant/.m2/repository/joda-time/joda-time/1.6.2/joda-time-1.6.2.jar
7f78cf577000-7f78cf579000 r--s 00000000 fe:00 295380                     /home/vagrant/.m2/repository/org/slf4j/jul-to-slf4j/1.6.1/jul-to-slf4j-1.6.1.jar
7f78cf579000-7f78cf57c000 r--s 00018000 fe:00 295371                     /home/vagrant/.m2/repository/org/jasig/cas/client/cas-client-core/3.3.3/cas-client-core-3.3.3.jar
7f78cf57c000-7f78cf57e000 r--s 00005000 fe:00 295370                     /home/vagrant/.m2/repository/org/springframework/security/spring-security-cas/3.2.5.RELEASE/spring-security-cas-3.2.5.RELEASE.jar
7f78cf57e000-7f78cf588000 r--s 0005a000 fe:00 295369                     /home/vagrant/.m2/repository/org/springframework/spring-jdbc/3.2.8.RELEASE/spring-jdbc-3.2.8.RELEASE.jar
7f78cf588000-7f78cf58b000 r--s 00012000 fe:00 295342                     /home/vagrant/.m2/repository/org/springframework/security/spring-security-acl/3.2.5.RELEASE/spring-security-acl-3.2.5.RELEASE.jar
7f78cf58b000-7f78cf58c000 r--s 00005000 fe:00 295364                     /home/vagrant/.m2/repository/org/springframework/security/spring-security-taglibs/3.2.5.RELEASE/spring-security-taglibs-3.2.5.RELEASE.jar
7f78cf58c000-7f78cf596000 r--s 0004a000 fe:00 295362                     /home/vagrant/.m2/repository/org/springframework/security/spring-security-web/3.2.5.RELEASE/spring-security-web-3.2.5.RELEASE.jar
7f78cf596000-7f78cf5a1000 r--s 0004f000 fe:00 295360                     /home/vagrant/.m2/repository/org/springframework/security/spring-security-core/3.2.5.RELEASE/spring-security-core-3.2.5.RELEASE.jar
7f78cf5a1000-7f78cf5a3000 r--s 00000000 fe:00 295357                     /home/vagrant/.m2/repository/aopalliance/aopalliance/1.0/aopalliance-1.0.jar
7f78cf5a3000-7f78cf5ab000 r--s 0005c000 fe:00 295354                     /home/vagrant/.m2/repository/org/springframework/security/spring-security-config/3.2.5.RELEASE/spring-security-config-3.2.5.RELEASE.jar
7f78cf5ab000-7f78cf5af000 r--s 00016000 fe:00 295353                     /home/vagrant/.m2/repository/org/springframework/retry/spring-retry/1.1.1.RELEASE/spring-retry-1.1.1.RELEASE.jar
7f78cf5af000-7f78cf5b6000 r--s 0003b000 fe:00 295355                     /home/vagrant/.m2/repository/org/springframework/spring-messaging/4.0.8.RELEASE/spring-messaging-4.0.8.RELEASE.jar
7f78cf5b6000-7f78cf5c8000 r--s 000c7000 fe:00 295349                     /home/vagrant/.m2/repository/org/springframework/integration/spring-integration-core/4.0.6.RELEASE/spring-integration-core-4.0.6.RELEASE.jar
7f78cf5c8000-7f78cf5cc000 r--s 0001e000 fe:00 295348                     /home/vagrant/.m2/repository/org/springframework/spring-context-support/4.0.8.RELEASE/spring-context-support-4.0.8.RELEASE.jar
7f78cf5cc000-7f78cf5ce000 r--s 0000f000 fe:00 295343                     /home/vagrant/.m2/repository/org/springframework/integration/spring-integration-mail/4.0.6.RELEASE/spring-integration-mail-4.0.6.RELEASE.jar
7f78cf5ce000-7f78cf5dd000 r--s 00095000 fe:00 295339                     /home/vagrant/.m2/repository/org/springframework/spring-web/4.0.9.RELEASE/spring-web-4.0.9.RELEASE.jar
7f78cf5dd000-7f78cf5ea000 r--s 00096000 fe:00 295328                     /home/vagrant/.m2/repository/org/springframework/spring-webmvc/4.0.9.RELEASE/spring-webmvc-4.0.9.RELEASE.jar
7f78cf5ea000-7f78cf5ef000 r--s 0002e000 fe:00 295334                     /home/vagrant/.m2/repository/org/springframework/spring-expression/4.0.9.RELEASE/spring-expression-4.0.9.RELEASE.jar
7f78cf5ef000-7f78cf5f2000 ---p 00000000 00:00 0 
7f78cf5f2000-7f78cf6f0000 rw-p 00000000 00:00 0 
7f78cf6f0000-7f78cf6f3000 ---p 00000000 00:00 0 
7f78cf6f3000-7f78cf7f1000 rw-p 00000000 00:00 0 
7f78cf7f1000-7f78cf7f4000 ---p 00000000 00:00 0 
7f78cf7f4000-7f78cf8f2000 rw-p 00000000 00:00 0 
7f78cf8f2000-7f78cf8f5000 ---p 00000000 00:00 0 
7f78cf8f5000-7f78cf9f3000 rw-p 00000000 00:00 0 
7f78cf9f3000-7f78cf9f6000 ---p 00000000 00:00 0 
7f78cf9f6000-7f78cfaf4000 rw-p 00000000 00:00 0 
7f78cfaf4000-7f78cfaf7000 ---p 00000000 00:00 0 
7f78cfaf7000-7f78cfbf5000 rw-p 00000000 00:00 0 
7f78cfbf5000-7f78cfbf8000 ---p 00000000 00:00 0 
7f78cfbf8000-7f78cfcf6000 rw-p 00000000 00:00 0 
7f78cfcf6000-7f78cfcf9000 ---p 00000000 00:00 0 
7f78cfcf9000-7f78cfdf7000 rw-p 00000000 00:00 0 
7f78cfdf7000-7f78cfdff000 r-xp 00000000 fe:00 273837                     /usr/lib/jvm/java-7-openjdk-amd64/jre/lib/amd64/libmanagement.so
7f78cfdff000-7f78cfffe000 ---p 00008000 fe:00 273837                     /usr/lib/jvm/java-7-openjdk-amd64/jre/lib/amd64/libmanagement.so
7f78cfffe000-7f78cffff000 r--p 00007000 fe:00 273837                     /usr/lib/jvm/java-7-openjdk-amd64/jre/lib/amd64/libmanagement.so
7f78cffff000-7f78d0000000 rw-p 00008000 fe:00 273837                     /usr/lib/jvm/java-7-openjdk-amd64/jre/lib/amd64/libmanagement.so
7f78d0000000-7f78d3e36000 rw-p 00000000 00:00 0 
7f78d3e36000-7f78d4000000 ---p 00000000 00:00 0 
7f78d4000000-7f78d4013000 r--s 000dc000 fe:00 295333                     /home/vagrant/.m2/repository/org/springframework/spring-core/4.0.9.RELEASE/spring-core-4.0.9.RELEASE.jar
7f78d4013000-7f78d4020000 r--s 00098000 fe:00 295332                     /home/vagrant/.m2/repository/org/springframework/spring-beans/4.0.9.RELEASE/spring-beans-4.0.9.RELEASE.jar
7f78d4020000-7f78d4037000 r--s 000d8000 fe:00 295331                     /home/vagrant/.m2/repository/org/springframework/spring-context/4.0.9.RELEASE/spring-context-4.0.9.RELEASE.jar
7f78d4037000-7f78d403c000 r--s 00041000 fe:00 295330                     /home/vagrant/.m2/repository/commons-lang/commons-lang/2.6/commons-lang-2.6.jar
7f78d403c000-7f78d4045000 r--s 000b9000 fe:00 145377                     /usr/lib/jvm/java-7-openjdk-amd64/jre/lib/resources.jar
7f78d4045000-7f78d4047000 r--s 00006000 fe:00 402902                     /home/vagrant/.m2/repository/javax/transaction/javax.transaction-api/1.2/javax.transaction-api-1.2.jar
7f78d4047000-7f78d404c000 r--s 0002d000 fe:00 402901                     /home/vagrant/.m2/repository/org/apache/taglibs/taglibs-standard-impl/1.2.1/taglibs-standard-impl-1.2.1.jar
7f78d404c000-7f78d404e000 r--s 00008000 fe:00 295833                     /home/vagrant/.m2/repository/org/apache/taglibs/taglibs-standard-spec/1.2.1/taglibs-standard-spec-1.2.1.jar
7f78d404e000-7f78d404f000 r--s 00000000 fe:00 295831                     /home/vagrant/.m2/repository/org/eclipse/jetty/apache-jstl/9.2.7.v20150116/apache-jstl-9.2.7.v20150116.jar
7f78d404f000-7f78d405e000 r--s 001a0000 fe:00 402900                     /home/vagrant/.m2/repository/org/eclipse/jetty/orbit/org.eclipse.jdt.core/3.8.2.v20130121/org.eclipse.jdt.core-3.8.2.v20130121.jar
7f78d405e000-7f78d4063000 r--s 00036000 fe:00 295828                     /home/vagrant/.m2/repository/org/mortbay/jasper/apache-el/8.0.9.M3/apache-el-8.0.9.M3.jar
7f78d4063000-7f78d4071000 r--s 000dc000 fe:00 295829                     /home/vagrant/.m2/repository/org/mortbay/jasper/apache-jsp/8.0.9.M3/apache-jsp-8.0.9.M3.jar
7f78d4071000-7f78d4073000 r--s 0002c000 fe:00 156583                     /home/vagrant/.m2/repository/org/eclipse/jetty/toolchain/jetty-schemas/3.1.M0/jetty-schemas-3.1.M0.jar
7f78d4073000-7f78d4074000 r--s 00002000 fe:00 156581                     /home/vagrant/.m2/repository/org/eclipse/jetty/apache-jsp/9.2.7.v20150116/apache-jsp-9.2.7.v20150116.jar
7f78d4074000-7f78d4076000 r--s 00003000 fe:00 295824                     /home/vagrant/.m2/repository/org/eclipse/jetty/websocket/websocket-servlet/9.2.7.v20150116/websocket-servlet-9.2.7.v20150116.jar
7f78d4076000-7f78d4078000 r--s 00007000 fe:00 295820                     /home/vagrant/.m2/repository/org/eclipse/jetty/websocket/websocket-client/9.2.7.v20150116/websocket-client-9.2.7.v20150116.jar
7f78d4078000-7f78d407a000 r--s 00009000 fe:00 295821                     /home/vagrant/.m2/repository/org/eclipse/jetty/websocket/websocket-api/9.2.7.v20150116/websocket-api-9.2.7.v20150116.jar
7f78d407a000-7f78d407e000 r--s 00028000 fe:00 295819                     /home/vagrant/.m2/repository/org/eclipse/jetty/websocket/websocket-common/9.2.7.v20150116/websocket-common-9.2.7.v20150116.jar
7f78d407e000-7f78d4080000 r--s 00008000 fe:00 295818                     /home/vagrant/.m2/repository/org/eclipse/jetty/websocket/websocket-server/9.2.7.v20150116/websocket-server-9.2.7.v20150116.jar
7f78d4080000-7f78d4082000 r--s 00007000 fe:00 402893                     /home/vagrant/.m2/repository/javax/websocket/javax.websocket-api/1.0/javax.websocket-api-1.0.jar
7f78d4082000-7f78d4087000 r--s 00022000 fe:00 295817                     /home/vagrant/.m2/repository/org/eclipse/jetty/websocket/javax-websocket-client-impl/9.2.7.v20150116/javax-websocket-client-impl-9.2.7.v20150116.jar
7f78d4087000-7f78d4089000 r--s 00008000 fe:00 156579                     /home/vagrant/.m2/repository/org/eclipse/jetty/websocket/javax-websocket-server-impl/9.2.7.v20150116/javax-websocket-server-impl-9.2.7.v20150116.jar
7f78d4089000-7f78d408b000 r--s 00006000 fe:00 402883                     /home/vagrant/.m2/repository/org/ow2/asm/asm-tree/5.0.1/asm-tree-5.0.1.jar
7f78d408b000-7f78d408d000 r--s 00009000 fe:00 402882                     /home/vagrant/.m2/repository/org/ow2/asm/asm-commons/5.0.1/asm-commons-5.0.1.jar
7f78d408d000-7f78d408e000 r--s 0000c000 fe:00 402888                     /home/vagrant/.m2/repository/org/ow2/asm/asm/5.0.1/asm-5.0.1.jar
7f78d408e000-7f78d4090000 r--s 00005000 fe:00 402887                     /home/vagrant/.m2/repository/javax/annotation/javax.annotation-api/1.2/javax.annotation-api-1.2.jar
7f78d4090000-7f78d4092000 r--s 00012000 fe:00 156576                     /home/vagrant/.m2/repository/org/eclipse/jetty/jetty-annotations/9.2.7.v20150116/jetty-annotations-9.2.7.v20150116.jar
7f78d4092000-7f78d4093000 r--s 00005000 fe:00 156573                     /home/vagrant/.m2/repository/org/eclipse/jetty/jetty-jmx/9.2.7.v20150116/jetty-jmx-9.2.7.v20150116.jar
7f78d4093000-7f78d4096000 r--s 00017000 fe:00 156571                     /home/vagrant/.m2/repository/org/eclipse/jetty/jetty-io/9.2.7.v20150116/jetty-io-9.2.7.v20150116.jar
7f78d4096000-7f78d4098000 r--s 00018000 fe:00 156569                     /home/vagrant/.m2/repository/org/eclipse/jetty/jetty-http/9.2.7.v20150116/jetty-http-9.2.7.v20150116.jar
7f78d4098000-7f78d409b000 r--s 00015000 fe:00 402885                     /home/vagrant/.m2/repository/javax/servlet/javax.servlet-api/3.1.0/javax.servlet-api-3.1.0.jar
7f78d409b000-7f78d40a2000 r--s 00060000 fe:00 156568                     /home/vagrant/.m2/repository/org/eclipse/jetty/jetty-server/9.2.7.v20150116/jetty-server-9.2.7.v20150116.jar
7f78d40a2000-7f78d40a4000 r--s 00009000 fe:00 156567                     /home/vagrant/.m2/repository/org/eclipse/jetty/jetty-jndi/9.2.7.v20150116/jetty-jndi-9.2.7.v20150116.jar
7f78d40a4000-7f78d40a6000 r--s 0000c000 fe:00 156563                     /home/vagrant/.m2/repository/org/eclipse/jetty/jetty-plus/9.2.7.v20150116/jetty-plus-9.2.7.v20150116.jar
7f78d40a6000-7f78d40a9000 r--s 00015000 fe:00 156562                     /home/vagrant/.m2/repository/org/eclipse/jetty/jetty-security/9.2.7.v20150116/jetty-security-9.2.7.v20150116.jar
7f78d40a9000-7f78d40ab000 r--s 00008000 fe:00 156559                     /home/vagrant/.m2/repository/org/eclipse/jetty/jetty-jaas/9.2.7.v20150116/jetty-jaas-9.2.7.v20150116.jar
7f78d40ab000-7f78d40ac000 r--s 00006000 fe:00 156557                     /home/vagrant/.m2/repository/org/eclipse/jetty/jetty-quickstart/9.2.7.v20150116/jetty-quickstart-9.2.7.v20150116.jar
7f78d40ac000-7f78d40af000 r--s 0001a000 fe:00 156555                     /home/vagrant/.m2/repository/org/eclipse/jetty/jetty-servlet/9.2.7.v20150116/jetty-servlet-9.2.7.v20150116.jar
7f78d40af000-7f78d40b0000 r--s 0000a000 fe:00 156552                     /home/vagrant/.m2/repository/org/eclipse/jetty/jetty-xml/9.2.7.v20150116/jetty-xml-9.2.7.v20150116.jar
7f78d40b0000-7f78d40b2000 r--s 00019000 fe:00 156554                     /home/vagrant/.m2/repository/org/eclipse/jetty/jetty-webapp/9.2.7.v20150116/jetty-webapp-9.2.7.v20150116.jar
7f78d40b2000-7f78d40b8000 r--s 00050000 fe:00 295814                     /home/vagrant/.m2/repository/org/eclipse/jetty/jetty-util/9.2.7.v20150116/jetty-util-9.2.7.v20150116.jar
7f78d40b8000-7f78d40b9000 r--s 00005000 fe:00 156550                     /home/vagrant/.m2/repository/org/apache/maven/plugin-tools/maven-plugin-tools-api/3.1/maven-plugin-tools-api-3.1.jar
7f78d40b9000-7f78d40bb000 r--s 00002000 fe:00 295811                     /home/vagrant/.m2/repository/org/sonatype/plexus/plexus-cipher/1.4/plexus-cipher-1.4.jar
7f78d40bb000-7f78d40bc000 r--s 00006000 fe:00 295809                     /home/vagrant/.m2/repository/org/sonatype/plexus/plexus-sec-dispatcher/1.3/plexus-sec-dispatcher-1.3.jar
7f78d40bc000-7f78d40be000 r--s 0000d000 fe:00 156548                     /home/vagrant/.m2/repository/org/codehaus/plexus/plexus-interpolation/1.14/plexus-interpolation-1.14.jar
7f78d40be000-7f78d40c2000 r--s 0001a000 fe:00 295807                     /home/vagrant/.m2/repository/org/sonatype/aether/aether-util/1.11/aether-util-1.11.jar
7f78d40c2000-7f78d40c6000 r--s 00033000 fe:00 156547                     /home/vagrant/.m2/repository/org/codehaus/plexus/plexus-utils/2.0.6/plexus-utils-2.0.6.jar
7f78d40c6000-7f78d40d2000 r--s 0006b000 fe:00 295806                     /home/vagrant/.m2/repository/org/sonatype/sisu/sisu-guice/2.9.4/sisu-guice-2.9.4-no_aop.jar
7f78d40d2000-7f78d40d8000 r--s 00033000 fe:00 295805                     /home/vagrant/.m2/repository/org/sonatype/sisu/sisu-inject-bean/2.1.1/sisu-inject-bean-2.1.1.jar
7f78d40d8000-7f78d40da000 r--s 00016000 fe:00 294401                     /home/vagrant/.m2/repository/org/eclipse/jetty/jetty-maven-plugin/9.2.7.v20150116/jetty-maven-plugin-9.2.7.v20150116.jar
7f78d40da000-7f78d4145000 r--s 0069c000 fe:00 150219                     /usr/lib/jvm/java-7-openjdk-amd64/lib/tools.jar
7f78d4145000-7f78d4148000 r--s 0001b000 fe:00 295588                     /home/vagrant/.m2/repository/junit/junit/3.8.2/junit-3.8.2.jar
7f78d4148000-7f78d4156000 r--s 0008f000 fe:00 156322                     /home/vagrant/.m2/repository/com/google/collections/google-collections/1.0/google-collections-1.0.jar
7f78d4156000-7f78d4157000 r--s 0000a000 fe:00 295585                     /home/vagrant/.m2/repository/commons-logging/commons-logging-api/1.1/commons-logging-api-1.1.jar
7f78d4157000-7f78d415e000 r--s 00051000 fe:00 402776                     /home/vagrant/.m2/repository/log4j/log4j/1.2.12/log4j-1.2.12.jar
7f78d415e000-7f78d4162000 r--s 0001d000 fe:00 295584                     /home/vagrant/.m2/repository/org/apache/xbean/xbean-reflect/3.4/xbean-reflect-3.4.jar
7f78d4162000-7f78d4163000 r--s 00004000 fe:00 156318                     /home/vagrant/.m2/repository/org/codehaus/plexus/plexus-compiler-javac/2.4/plexus-compiler-javac-2.4.jar
7f78d4163000-7f78d4165000 r--s 00000000 fe:00 156317                     /home/vagrant/.m2/repository/org/codehaus/plexus/plexus-compiler-manager/2.4/plexus-compiler-manager-2.4.jar
7f78d4165000-7f78d4167000 r--s 00005000 fe:00 156315                     /home/vagrant/.m2/repository/org/codehaus/plexus/plexus-compiler-api/2.4/plexus-compiler-api-2.4.jar
7f78d4167000-7f78d4169000 r--s 00000000 fe:00 156311                     /home/vagrant/.m2/repository/org/codehaus/plexus/plexus-component-annotations/1.5.5/plexus-component-annotations-1.5.5.jar
7f78d4169000-7f78d416b000 r--s 00002000 fe:00 156310                     /home/vagrant/.m2/repository/org/apache/maven/shared/maven-shared-incremental/1.1/maven-shared-incremental-1.1.jar
7f78d416b000-7f78d416d000 r--s 00006000 fe:00 156308                     /home/vagrant/.m2/repository/com/google/code/findbugs/jsr305/2.0.1/jsr305-2.0.1.jar
7f78d416d000-7f78d4170000 r--s 00023000 fe:00 156309                     /home/vagrant/.m2/repository/org/apache/maven/shared/maven-shared-utils/0.1/maven-shared-utils-0.1.jar
7f78d4170000-7f78d4174000 r--s 00030000 fe:00 156307                     /home/vagrant/.m2/repository/org/codehaus/plexus/plexus-utils/1.5.1/plexus-utils-1.5.1.jar
7f78d4174000-7f78d4176000 r--s 0000a000 fe:00 294382                     /home/vagrant/.m2/repository/org/apache/maven/plugins/maven-compiler-plugin/3.2/maven-compiler-plugin-3.2.jar
7f78d4176000-7f78d4178000 r--s 0000b000 fe:00 156136                     /home/vagrant/.m2/repository/org/codehaus/plexus/plexus-interpolation/1.6/plexus-interpolation-1.6.jar
7f78d4178000-7f78d417a000 r--s 00002000 fe:00 156135                     /home/vagrant/.m2/repository/org/codehaus/plexus/plexus-interactivity-api/1.0-alpha-4/plexus-interactivity-api-1.0-alpha-4.jar
7f78d417a000-7f78d417c000 r--s 00006000 fe:00 156131                     /home/vagrant/.m2/repository/commons-cli/commons-cli/1.0/commons-cli-1.0.jar
7f78d417c000-7f78d417d000 r--s 00001000 fe:00 156129                     /home/vagrant/.m2/repository/org/apache/maven/doxia/doxia-sink-api/1.0-alpha-7/doxia-sink-api-1.0-alpha-7.jar
7f78d417d000-7f78d417e000 r--s 00002000 fe:00 156130                     /home/vagrant/.m2/repository/org/apache/maven/reporting/maven-reporting-api/2.0.6/maven-reporting-api-2.0.6.jar
7f78d417e000-7f78d4180000 r--s 00007000 fe:00 156128                     /home/vagrant/.m2/repository/org/apache/maven/shared/maven-filtering/1.0-beta-2/maven-filtering-1.0-beta-2.jar
7f78d4180000-7f78d4183000 r--s 0001b000 fe:00 295517                     /home/vagrant/.m2/repository/junit/junit/3.8.1/junit-3.8.1.jar
7f78d4183000-7f78d4185000 r--s 00004000 fe:00 294433                     /home/vagrant/.m2/repository/org/apache/maven/plugins/maven-resources-plugin/2.3/maven-resources-plugin-2.3.jar
7f78d4185000-7f78d4189000 r--s 0001f000 fe:00 295513                     /home/vagrant/.m2/repository/org/jacoco/org.jacoco.report/0.7.2.201409121644/org.jacoco.report-0.7.2.201409121644.jar
7f78d4189000-7f78d418e000 r--s 00058000 fe:00 402703                     /home/vagrant/.m2/repository/org/ow2/asm/asm-debug-all/5.0.1/asm-debug-all-5.0.1.jar
7f78d418e000-7f78d4192000 r--s 0001d000 fe:00 295511                     /home/vagrant/.m2/repository/org/jacoco/org.jacoco.core/0.7.2.201409121644/org.jacoco.core-0.7.2.201409121644.jar
7f78d4192000-7f78d4198000 r--s 00041000 fe:00 295512                     /home/vagrant/.m2/repository/org/jacoco/org.jacoco.agent/0.7.2.201409121644/org.jacoco.agent-0.7.2.201409121644-runtime.jar
7f78d4198000-7f78d419d000 r--s 00016000 fe:00 402701                     /home/vagrant/.m2/repository/xml-apis/xml-apis/1.0.b2/xml-apis-1.0.b2.jar
7f78d419d000-7f78d419f000 r--s 0000e000 fe:00 156051                     /home/vagrant/.m2/repository/oro/oro/2.0.8/oro-2.0.8.jar
7f78d419f000-7f78d41a1000 r--s 00008000 fe:00 295501                     /home/vagrant/.m2/repository/commons-logging/commons-logging/1.0.4/commons-logging-1.0.4.jar
7f78d41a1000-7f78d41a5000 r--s 00026000 fe:00 156050                     /home/vagrant/.m2/repository/commons-digester/commons-digester/1.6/commons-digester-1.6.jar
7f78d41a5000-7f78d41aa000 r--s 0002a000 fe:00 402697                     /home/vagrant/.m2/repository/commons-beanutils/commons-beanutils/1.7.0/commons-beanutils-1.7.0.jar
7f78d41aa000-7f78d41ad000 r--s 00014000 fe:00 156048                     /home/vagrant/.m2/repository/commons-validator/commons-validator/1.2.0/commons-validator-1.2.0.jar
7f78d41ad000-7f78d41ba000 r--s 0007f000 fe:00 402696                     /home/vagrant/.m2/repository/commons-collections/commons-collections/3.2/commons-collections-3.2.jar
7f78d41ba000-7f78d41c2000 r--s 00058000 fe:00 295507                     /home/vagrant/.m2/repository/org/apache/velocity/velocity/1.5/velocity-1.5.jar
7f78d41c2000-7f78d41c3000 r--s 00001000 fe:00 156046                     /home/vagrant/.m2/repository/org/codehaus/plexus/plexus-velocity/1.1.7/plexus-velocity-1.1.7.jar
7f78d41c3000-7f78d41c4000 r--s 00002000 fe:00 156042                     /home/vagrant/.m2/repository/org/codehaus/plexus/plexus-i18n/1.0-beta-7/plexus-i18n-1.0-beta-7.jar
7f78d41c4000-7f78d41c6000 r--s 00008000 fe:00 156041                     /home/vagrant/.m2/repository/org/apache/maven/doxia/doxia-module-fml/1.1.2/doxia-module-fml-1.1.2.jar
7f78d41c6000-7f78d41c7000 r--s 00003000 fe:00 156038                     /home/vagrant/.m2/repository/org/apache/maven/doxia/doxia-module-xhtml/1.1.2/doxia-module-xhtml-1.1.2.jar
7f78d41c7000-7f78d41c9000 r--s 0000b000 fe:00 156035                     /home/vagrant/.m2/repository/org/apache/maven/doxia/doxia-decoration-model/1.1.2/doxia-decoration-model-1.1.2.jar
7f78d41c9000-7f78d41cb000 r--s 0000b000 fe:00 156037                     /home/vagrant/.m2/repository/org/apache/maven/doxia/doxia-site-renderer/1.1.2/doxia-site-renderer-1.1.2.jar
7f78d41cb000-7f78d41cd000 r--s 00006000 fe:00 295505                     /home/vagrant/.m2/repository/commons-codec/commons-codec/1.2/commons-codec-1.2.jar
7f78d41cd000-7f78d41d3000 r--s 00045000 fe:00 295392                     /home/vagrant/.m2/repository/commons-httpclient/commons-httpclient/3.1/commons-httpclient-3.1.jar
7f78d41d3000-7f78d41d7000 r--s 0003c000 fe:00 402694                     /home/vagrant/.m2/repository/commons-lang/commons-lang/2.4/commons-lang-2.4.jar
7f78d41d7000-7f78d41ee000 r--s 00112000 fe:00 156034                     /home/vagrant/.m2/repository/xerces/xercesImpl/2.8.1/xercesImpl-2.8.1.jar
7f78d41ee000-7f78d41f2000 r--s 00023000 fe:00 156030                     /home/vagrant/.m2/repository/org/apache/maven/doxia/doxia-core/1.1.2/doxia-core-1.1.2.jar
7f78d41f2000-7f78d41f4000 r--s 00003000 fe:00 156032                     /home/vagrant/.m2/repository/org/apache/maven/reporting/maven-reporting-impl/2.1/maven-reporting-impl-2.1.jar
7f78d41f4000-7f78d41f5000 r--s 00002000 fe:00 156026                     /home/vagrant/.m2/repository/org/apache/maven/doxia/doxia-logging-api/1.1/doxia-logging-api-1.1.jar
7f78d41f5000-7f78d41f7000 r--s 00002000 fe:00 156025                     /home/vagrant/.m2/repository/org/apache/maven/doxia/doxia-sink-api/1.1/doxia-sink-api-1.1.jar
7f78d41f7000-7f78d41f8000 r--s 00002000 fe:00 156024                     /home/vagrant/.m2/repository/org/apache/maven/reporting/maven-reporting-api/2.2.1/maven-reporting-api-2.2.1.jar
7f78d41f8000-7f78d41fa000 r--s 00008000 fe:00 156020                     /home/vagrant/.m2/repository/org/apache/maven/shared/maven-shared-io/1.1/maven-shared-io-1.1.jar
7f78d41fa000-7f78d41fc000 r--s 00008000 fe:00 156019                     /home/vagrant/.m2/repository/org/apache/maven/shared/file-management/1.2.1/file-management-1.2.1.jar
7f78d41fc000-7f78d4201000 r--s 00039000 fe:00 156017                     /home/vagrant/.m2/repository/org/codehaus/plexus/plexus-utils/1.5.6/plexus-utils-1.5.6.jar
7f78d4201000-7f78d4207000 r--s 00034000 fe:00 295503                     /home/vagrant/.m2/repository/junit/junit/4.8.2/junit-4.8.2.jar
7f78d4207000-7f78d420f000 r--s 00049000 fe:00 156015                     /home/vagrant/.m2/repository/backport-util-concurrent/backport-util-concurrent/3.1/backport-util-concurrent-3.1.jar
7f78d420f000-7f78d4212000 ---p 00000000 00:00 0 
7f78d4212000-7f78d4248000 rw-p 00000000 00:00 0 
7f78d4248000-7f78d4284000 r-xp 00000000 fe:00 131911                     /lib/x86_64-linux-gnu/libpcre.so.3.13.1
7f78d4284000-7f78d4484000 ---p 0003c000 fe:00 131911                     /lib/x86_64-linux-gnu/libpcre.so.3.13.1
7f78d4484000-7f78d4485000 rw-p 0003c000 fe:00 131911                     /lib/x86_64-linux-gnu/libpcre.so.3.13.1
7f78d4485000-7f78d4491000 r-xp 00000000 fe:00 18290                      /usr/lib/x86_64-linux-gnu/libffi.so.5.0.10
7f78d4491000-7f78d4691000 ---p 0000c000 fe:00 18290                      /usr/lib/x86_64-linux-gnu/libffi.so.5.0.10
7f78d4691000-7f78d4692000 rw-p 0000c000 fe:00 18290                      /usr/lib/x86_64-linux-gnu/libffi.so.5.0.10
7f78d4692000-7f78d4693000 r-xp 00000000 fe:00 19708                      /usr/lib/x86_64-linux-gnu/libgthread-2.0.so.0.3200.4
7f78d4693000-7f78d4892000 ---p 00001000 fe:00 19708                      /usr/lib/x86_64-linux-gnu/libgthread-2.0.so.0.3200.4
7f78d4892000-7f78d4893000 r--p 00000000 fe:00 19708                      /usr/lib/x86_64-linux-gnu/libgthread-2.0.so.0.3200.4
7f78d4893000-7f78d4894000 rw-p 00001000 fe:00 19708                      /usr/lib/x86_64-linux-gnu/libgthread-2.0.so.0.3200.4
7f78d4894000-7f78d48a7000 r-xp 00000000 fe:00 135368                     /lib/x86_64-linux-gnu/libresolv-2.13.so
7f78d48a7000-7f78d4aa6000 ---p 00013000 fe:00 135368                     /lib/x86_64-linux-gnu/libresolv-2.13.so
7f78d4aa6000-7f78d4aa7000 r--p 00012000 fe:00 135368                     /lib/x86_64-linux-gnu/libresolv-2.13.so
7f78d4aa7000-7f78d4aa8000 rw-p 00013000 fe:00 135368                     /lib/x86_64-linux-gnu/libresolv-2.13.so
7f78d4aa8000-7f78d4aaa000 rw-p 00000000 00:00 0 
7f78d4aaa000-7f78d4ac8000 r-xp 00000000 fe:00 129349                     /lib/x86_64-linux-gnu/libselinux.so.1
7f78d4ac8000-7f78d4cc7000 ---p 0001e000 fe:00 129349                     /lib/x86_64-linux-gnu/libselinux.so.1
7f78d4cc7000-7f78d4cc8000 r--p 0001d000 fe:00 129349                     /lib/x86_64-linux-gnu/libselinux.so.1
7f78d4cc8000-7f78d4cc9000 rw-p 0001e000 fe:00 129349                     /lib/x86_64-linux-gnu/libselinux.so.1
7f78d4cc9000-7f78d4cca000 rw-p 00000000 00:00 0 
7f78d4cca000-7f78d4ccd000 r-xp 00000000 fe:00 19709                      /usr/lib/x86_64-linux-gnu/libgmodule-2.0.so.0.3200.4
7f78d4ccd000-7f78d4ecc000 ---p 00003000 fe:00 19709                      /usr/lib/x86_64-linux-gnu/libgmodule-2.0.so.0.3200.4
7f78d4ecc000-7f78d4ecd000 r--p 00002000 fe:00 19709                      /usr/lib/x86_64-linux-gnu/libgmodule-2.0.so.0.3200.4
7f78d4ecd000-7f78d4ece000 rw-p 00003000 fe:00 19709                      /usr/lib/x86_64-linux-gnu/libgmodule-2.0.so.0.3200.4
7f78d4ece000-7f78d4fc3000 r-xp 00000000 fe:00 144508                     /lib/x86_64-linux-gnu/libglib-2.0.so.0.3200.4
7f78d4fc3000-7f78d51c3000 ---p 000f5000 fe:00 144508                     /lib/x86_64-linux-gnu/libglib-2.0.so.0.3200.4
7f78d51c3000-7f78d51c4000 r--p 000f5000 fe:00 144508                     /lib/x86_64-linux-gnu/libglib-2.0.so.0.3200.4
7f78d51c4000-7f78d51c5000 rw-p 000f6000 fe:00 144508                     /lib/x86_64-linux-gnu/libglib-2.0.so.0.3200.4
7f78d51c5000-7f78d51c6000 rw-p 00000000 00:00 0 
7f78d51c6000-7f78d5214000 r-xp 00000000 fe:00 19707                      /usr/lib/x86_64-linux-gnu/libgobject-2.0.so.0.3200.4
7f78d5214000-7f78d5414000 ---p 0004e000 fe:00 19707                      /usr/lib/x86_64-linux-gnu/libgobject-2.0.so.0.3200.4
7f78d5414000-7f78d5415000 r--p 0004e000 fe:00 19707                      /usr/lib/x86_64-linux-gnu/libgobject-2.0.so.0.3200.4
7f78d5415000-7f78d5416000 rw-p 0004f000 fe:00 19707                      /usr/lib/x86_64-linux-gnu/libgobject-2.0.so.0.3200.4
7f78d5416000-7f78d5562000 r-xp 00000000 fe:00 19712                      /usr/lib/x86_64-linux-gnu/libgio-2.0.so.0.3200.4
7f78d5562000-7f78d5761000 ---p 0014c000 fe:00 19712                      /usr/lib/x86_64-linux-gnu/libgio-2.0.so.0.3200.4
7f78d5761000-7f78d5765000 r--p 0014b000 fe:00 19712                      /usr/lib/x86_64-linux-gnu/libgio-2.0.so.0.3200.4
7f78d5765000-7f78d5767000 rw-p 0014f000 fe:00 19712                      /usr/lib/x86_64-linux-gnu/libgio-2.0.so.0.3200.4
7f78d5767000-7f78d5769000 rw-p 00000000 00:00 0 
7f78d5769000-7f78d576b000 r--s 0000b000 fe:00 156016                     /home/vagrant/.m2/repository/org/codehaus/plexus/plexus-interpolation/1.11/plexus-interpolation-1.11.jar
7f78d576b000-7f78d576e000 r--s 00017000 fe:00 145374                     /usr/lib/jvm/java-7-openjdk-amd64/jre/lib/jce.jar
7f78d576e000-7f78d5770000 r--s 0000b000 fe:00 294414                     /home/vagrant/.m2/repository/org/jacoco/jacoco-maven-plugin/0.7.2.201409121644/jacoco-maven-plugin-0.7.2.201409121644.jar
7f78d5770000-7f78d5771000 r--p 00000000 00:00 0 
7f78d5771000-7f78d5776000 r--s 0004c000 fe:00 145362                     /usr/lib/jvm/java-7-openjdk-amd64/jre/lib/jsse.jar
7f78d5776000-7f78d578d000 r-xp 00000000 fe:00 273831                     /usr/lib/jvm/java-7-openjdk-amd64/jre/lib/amd64/libnet.so
7f78d578d000-7f78d598c000 ---p 00017000 fe:00 273831                     /usr/lib/jvm/java-7-openjdk-amd64/jre/lib/amd64/libnet.so
7f78d598c000-7f78d598d000 r--p 00016000 fe:00 273831                     /usr/lib/jvm/java-7-openjdk-amd64/jre/lib/amd64/libnet.so
7f78d598d000-7f78d598e000 rw-p 00017000 fe:00 273831                     /usr/lib/jvm/java-7-openjdk-amd64/jre/lib/amd64/libnet.so
7f78d598e000-7f78d599e000 r-xp 00000000 fe:00 273815                     /usr/lib/jvm/java-7-openjdk-amd64/jre/lib/amd64/libnio.so
7f78d599e000-7f78d5b9e000 ---p 00010000 fe:00 273815                     /usr/lib/jvm/java-7-openjdk-amd64/jre/lib/amd64/libnio.so
7f78d5b9e000-7f78d5b9f000 r--p 00010000 fe:00 273815                     /usr/lib/jvm/java-7-openjdk-amd64/jre/lib/amd64/libnio.so
7f78d5b9f000-7f78d5ba0000 rw-p 00011000 fe:00 273815                     /usr/lib/jvm/java-7-openjdk-amd64/jre/lib/amd64/libnio.so
7f78d5ba0000-7f78d5ba7000 r--s 00040000 fe:00 148235                     /usr/share/java/sisu-inject-bean.jar
7f78d5ba7000-7f78d5ba9000 r--s 0000a000 fe:00 277996                     /usr/share/maven/lib/maven-artifact-3.0.4.jar
7f78d5ba9000-7f78d5bad000 r--s 00033000 fe:00 148179                     /usr/share/java/plexus-utils2-2.0.5.jar
7f78d5bad000-7f78d5baf000 r--s 0000b000 fe:00 389952                     /usr/share/maven-repo/org/codehaus/plexus/plexus-interpolation/1.11/plexus-interpolation-1.11.jar
7f78d5baf000-7f78d5bb1000 r--s 00007000 fe:00 147403                     /usr/share/java/commons-cli-1.2.jar
7f78d5bb1000-7f78d5bb3000 r--s 00006000 fe:00 391352                     /usr/share/maven-repo/org/sonatype/aether/aether-connector-wagon/1.13.1/aether-connector-wagon-1.13.1.jar
7f78d5bb3000-7f78d5bb5000 r--s 00009000 fe:00 277993                     /usr/share/maven/lib/maven-plugin-api-3.0.4.jar
7f78d5bb5000-7f78d5bc1000 r--s 0007c000 fe:00 277991                     /usr/share/maven/lib/maven-core-3.0.4.jar
7f78d5bc1000-7f78d5bc3000 r--s 00009000 fe:00 277994                     /usr/share/maven/lib/maven-settings-3.0.4.jar
7f78d5bc3000-7f78d5bc5000 r--s 00007000 fe:00 277992                     /usr/share/maven/lib/maven-settings-builder-3.0.4.jar
7f78d5bc5000-7f78d5bc7000 r--s 00000000 fe:00 148187                     /usr/share/java/plexus-component-annotations-1.5-1.5.5.jar
7f78d5bc7000-7f78d5bc8000 r--s 00003000 fe:00 391334                     /usr/share/maven-repo/org/sonatype/aether/aether-spi/1.13.1/aether-spi-1.13.1.jar
7f78d5bc8000-7f78d5bc9000 r--s 00001000 fe:00 149689                     /usr/share/java/wagon-file-2.x.jar
7f78d5bc9000-7f78d5bcb000 r--s 0000a000 fe:00 149682                     /usr/share/java/wagon-provider-api-2.x.jar
7f78d5bcb000-7f78d5bcd000 r--s 00003000 fe:00 147408                     /usr/share/java/jsr305-0.1~+svn49.jar
7f78d5bcd000-7f78d5bee000 r--s 0013f000 fe:00 148216                     /usr/share/java/guava-11.0.2.jar
7f78d5bee000-7f78d5bf0000 r--s 0000b000 fe:00 277989                     /usr/share/maven/lib/maven-aether-provider-3.0.4.jar
7f78d5bf0000-7f78d5bf3000 r--s 00013000 fe:00 391381                     /usr/share/maven-repo/org/sonatype/aether/aether-api/1.13.1/aether-api-1.13.1.jar
7f78d5bf3000-7f78d5bf7000 r--s 00020000 fe:00 277988                     /usr/share/maven/lib/maven-model-builder-3.0.4.jar
7f78d5bf7000-7f78d5bfa000 r--s 0001d000 fe:00 391365                     /usr/share/maven-repo/org/sonatype/aether/aether-impl/1.13.1/aether-impl-1.13.1.jar
7f78d5bfa000-7f78d5bfc000 r--s 00025000 fe:00 277986                     /usr/share/maven/lib/maven-model-3.0.4.jar
7f78d5bfc000-7f78d5bfe000 r--s 00002000 fe:00 147711                     /usr/share/java/plexus-cipher.jar
7f78d5bfe000-7f78d5c00000 r--s 00005000 fe:00 277987                     /usr/share/maven/lib/maven-repository-metadata-3.0.4.jar
7f78d5c00000-7f78d5c18000 r--s 000d6000 fe:00 149685                     /usr/share/java/wagon-http-shaded-2.x.jar
7f78d5c18000-7f78d5c24000 r--s 00082000 fe:00 148222                     /usr/share/java/sisu-guice.jar
7f78d5c24000-7f78d5c28000 r--s 0001c000 fe:00 391358                     /usr/share/maven-repo/org/sonatype/aether/aether-util/1.13.1/aether-util-1.13.1.jar
7f78d5c28000-7f78d5c2e000 r--s 0003e000 fe:00 277995                     /usr/share/maven/lib/maven-compat-3.0.4.jar
7f78d5c2e000-7f78d5c30000 r--s 0000c000 fe:00 146966                     /usr/share/java/commons-logging-1.1.1.jar
7f78d5c30000-7f78d5c36000 r--s 00046000 fe:00 147743                     /usr/share/java/commons-httpclient-3.1.jar
7f78d5c36000-7f78d5c3c000 r--s 0002c000 fe:00 148229                     /usr/share/java/sisu-inject-plexus.jar
7f78d5c3c000-7f78d5c3d000 r--s 00006000 fe:00 147719                     /usr/share/java/plexus-sec-dispatcher.jar
7f78d5c3d000-7f78d5c43000 r--s 00034000 fe:00 147481                     /usr/share/java/commons-codec-1.6.jar
7f78d5c43000-7f78d5c45000 r--s 00008000 fe:00 277990                     /usr/share/maven/lib/maven-embedder-3.0.4.jar
7f78d5c45000-7f78d5c47000 r--s 0000a000 fe:00 147367                     /usr/share/java/plexus-classworlds2-2.4.jar
7f78d5c47000-7f78d5c48000 r--s 00002000 fe:00 273797                     /usr/lib/jvm/java-7-openjdk-amd64/jre/lib/ext/dnsns.jar
7f78d5c48000-7f78d5c4b000 r--s 00032000 fe:00 273796                     /usr/lib/jvm/java-7-openjdk-amd64/jre/lib/ext/sunjce_provider.jar
7f78d5c4b000-7f78d5c4f000 r--s 00085000 fe:00 273792                     /usr/lib/jvm/java-7-openjdk-amd64/jre/lib/ext/localedata.jar
7f78d5c4f000-7f78d5c53000 r--s 0003b000 fe:00 273793                     /usr/lib/jvm/java-7-openjdk-amd64/jre/lib/ext/sunpkcs11.jar
7f78d5c53000-7f78d5c54000 ---p 00000000 00:00 0 
7f78d5c54000-7f78d5d54000 rw-p 00000000 00:00 0 
7f78d5d54000-7f78d5d57000 ---p 00000000 00:00 0 
7f78d5d57000-7f78d5e55000 rw-p 00000000 00:00 0 
7f78d5e55000-7f78d5e58000 ---p 00000000 00:00 0 
7f78d5e58000-7f78d5f56000 rw-p 00000000 00:00 0 
7f78d5f56000-7f78d5f59000 ---p 00000000 00:00 0 
7f78d5f59000-7f78d6057000 rw-p 00000000 00:00 0 
7f78d6057000-7f78d605a000 ---p 00000000 00:00 0 
7f78d605a000-7f78d6158000 rw-p 00000000 00:00 0 
7f78d6158000-7f78d62cf000 r--p 00000000 fe:00 719                        /usr/lib/locale/locale-archive
7f78d62cf000-7f78d62d2000 ---p 00000000 00:00 0 
7f78d62d2000-7f78d63d0000 rw-p 00000000 00:00 0 
7f78d63d0000-7f78d63d3000 ---p 00000000 00:00 0 
7f78d63d3000-7f78d64d1000 rw-p 00000000 00:00 0 
7f78d64d1000-7f78d64d2000 ---p 00000000 00:00 0 
7f78d64d2000-7f78d661b000 rw-p 00000000 00:00 0 
7f78d661b000-7f78d67c9000 r--s 01cfc000 fe:00 145363                     /usr/lib/jvm/java-7-openjdk-amd64/jre/lib/rt.jar
7f78d67c9000-7f78d68b6000 rw-p 00000000 00:00 0 
7f78d68b6000-7f78d68ee000 rw-p 00000000 00:00 0 
7f78d68ee000-7f78d6923000 rw-p 00000000 00:00 0 
7f78d6923000-7f78d6926000 ---p 00000000 00:00 0 
7f78d6926000-7f78d6996000 rw-p 00000000 00:00 0 
7f78d6996000-7f78d69b1000 rw-p 00000000 00:00 0 
7f78d69b1000-7f78d69e9000 rw-p 00000000 00:00 0 
7f78d69e9000-7f78d6a1f000 rw-p 00000000 00:00 0 
7f78d6a1f000-7f78d6a21000 ---p 00000000 00:00 0 
7f78d6a21000-7f78d6a91000 rw-p 00000000 00:00 0 
7f78d6a91000-7f78d6aad000 rw-p 00000000 00:00 0 
7f78d6aad000-7f78d6ae4000 rw-p 00000000 00:00 0 
7f78d6ae4000-7f78d6ae5000 rw-p 00000000 00:00 0 
7f78d6ae5000-7f78d7095000 rwxp 00000000 00:00 0 
7f78d70a4000-7f78d70a5000 rw-p 00000000 00:00 0 
7f78d70a5000-7f78d9ae5000 rw-p 00000000 00:00 0 
7f78d9ae5000-7f78d9aed000 r-xp 00000000 fe:00 273827                     /usr/lib/jvm/java-7-openjdk-amd64/jre/lib/amd64/libzip.so
7f78d9aed000-7f78d9cec000 ---p 00008000 fe:00 273827                     /usr/lib/jvm/java-7-openjdk-amd64/jre/lib/amd64/libzip.so
7f78d9cec000-7f78d9ced000 r--p 00007000 fe:00 273827                     /usr/lib/jvm/java-7-openjdk-amd64/jre/lib/amd64/libzip.so
7f78d9ced000-7f78d9cee000 rw-p 00008000 fe:00 273827                     /usr/lib/jvm/java-7-openjdk-amd64/jre/lib/amd64/libzip.so
7f78d9cee000-7f78d9cf9000 r-xp 00000000 fe:00 135362                     /lib/x86_64-linux-gnu/libnss_files-2.13.so
7f78d9cf9000-7f78d9ef8000 ---p 0000b000 fe:00 135362                     /lib/x86_64-linux-gnu/libnss_files-2.13.so
7f78d9ef8000-7f78d9ef9000 r--p 0000a000 fe:00 135362                     /lib/x86_64-linux-gnu/libnss_files-2.13.so
7f78d9ef9000-7f78d9efa000 rw-p 0000b000 fe:00 135362                     /lib/x86_64-linux-gnu/libnss_files-2.13.so
7f78d9efa000-7f78d9f04000 r-xp 00000000 fe:00 135364                     /lib/x86_64-linux-gnu/libnss_nis-2.13.so
7f78d9f04000-7f78da103000 ---p 0000a000 fe:00 135364                     /lib/x86_64-linux-gnu/libnss_nis-2.13.so
7f78da103000-7f78da104000 r--p 00009000 fe:00 135364                     /lib/x86_64-linux-gnu/libnss_nis-2.13.so
7f78da104000-7f78da105000 rw-p 0000a000 fe:00 135364                     /lib/x86_64-linux-gnu/libnss_nis-2.13.so
7f78da105000-7f78da11a000 r-xp 00000000 fe:00 135359                     /lib/x86_64-linux-gnu/libnsl-2.13.so
7f78da11a000-7f78da319000 ---p 00015000 fe:00 135359                     /lib/x86_64-linux-gnu/libnsl-2.13.so
7f78da319000-7f78da31a000 r--p 00014000 fe:00 135359                     /lib/x86_64-linux-gnu/libnsl-2.13.so
7f78da31a000-7f78da31b000 rw-p 00015000 fe:00 135359                     /lib/x86_64-linux-gnu/libnsl-2.13.so
7f78da31b000-7f78da31d000 rw-p 00000000 00:00 0 
7f78da31d000-7f78da324000 r-xp 00000000 fe:00 135360                     /lib/x86_64-linux-gnu/libnss_compat-2.13.so
7f78da324000-7f78da523000 ---p 00007000 fe:00 135360                     /lib/x86_64-linux-gnu/libnss_compat-2.13.so
7f78da523000-7f78da524000 r--p 00006000 fe:00 135360                     /lib/x86_64-linux-gnu/libnss_compat-2.13.so
7f78da524000-7f78da525000 rw-p 00007000 fe:00 135360                     /lib/x86_64-linux-gnu/libnss_compat-2.13.so
7f78da525000-7f78da550000 r-xp 00000000 fe:00 273832                     /usr/lib/jvm/java-7-openjdk-amd64/jre/lib/amd64/libjava.so
7f78da550000-7f78da74f000 ---p 0002b000 fe:00 273832                     /usr/lib/jvm/java-7-openjdk-amd64/jre/lib/amd64/libjava.so
7f78da74f000-7f78da750000 r--p 0002a000 fe:00 273832                     /usr/lib/jvm/java-7-openjdk-amd64/jre/lib/amd64/libjava.so
7f78da750000-7f78da752000 rw-p 0002b000 fe:00 273832                     /usr/lib/jvm/java-7-openjdk-amd64/jre/lib/amd64/libjava.so
7f78da752000-7f78da761000 r-xp 00000000 fe:00 273833                     /usr/lib/jvm/java-7-openjdk-amd64/jre/lib/amd64/libverify.so
7f78da761000-7f78da960000 ---p 0000f000 fe:00 273833                     /usr/lib/jvm/java-7-openjdk-amd64/jre/lib/amd64/libverify.so
7f78da960000-7f78da962000 r--p 0000e000 fe:00 273833                     /usr/lib/jvm/java-7-openjdk-amd64/jre/lib/amd64/libverify.so
7f78da962000-7f78da963000 rw-p 00010000 fe:00 273833                     /usr/lib/jvm/java-7-openjdk-amd64/jre/lib/amd64/libverify.so
7f78da963000-7f78da96a000 r-xp 00000000 fe:00 135369                     /lib/x86_64-linux-gnu/librt-2.13.so
7f78da96a000-7f78dab69000 ---p 00007000 fe:00 135369                     /lib/x86_64-linux-gnu/librt-2.13.so
7f78dab69000-7f78dab6a000 r--p 00006000 fe:00 135369                     /lib/x86_64-linux-gnu/librt-2.13.so
7f78dab6a000-7f78dab6b000 rw-p 00007000 fe:00 135369                     /lib/x86_64-linux-gnu/librt-2.13.so
7f78dab6b000-7f78dab80000 r-xp 00000000 fe:00 129288                     /lib/x86_64-linux-gnu/libgcc_s.so.1
7f78dab80000-7f78dad80000 ---p 00015000 fe:00 129288                     /lib/x86_64-linux-gnu/libgcc_s.so.1
7f78dad80000-7f78dad81000 rw-p 00015000 fe:00 129288                     /lib/x86_64-linux-gnu/libgcc_s.so.1
7f78dad81000-7f78dae02000 r-xp 00000000 fe:00 135357                     /lib/x86_64-linux-gnu/libm-2.13.so
7f78dae02000-7f78db001000 ---p 00081000 fe:00 135357                     /lib/x86_64-linux-gnu/libm-2.13.so
7f78db001000-7f78db002000 r--p 00080000 fe:00 135357                     /lib/x86_64-linux-gnu/libm-2.13.so
7f78db002000-7f78db003000 rw-p 00081000 fe:00 135357                     /lib/x86_64-linux-gnu/libm-2.13.so
7f78db003000-7f78db0eb000 r-xp 00000000 fe:00 4038                       /usr/lib/x86_64-linux-gnu/libstdc++.so.6.0.17
7f78db0eb000-7f78db2eb000 ---p 000e8000 fe:00 4038                       /usr/lib/x86_64-linux-gnu/libstdc++.so.6.0.17
7f78db2eb000-7f78db2f3000 r--p 000e8000 fe:00 4038                       /usr/lib/x86_64-linux-gnu/libstdc++.so.6.0.17
7f78db2f3000-7f78db2f5000 rw-p 000f0000 fe:00 4038                       /usr/lib/x86_64-linux-gnu/libstdc++.so.6.0.17
7f78db2f5000-7f78db30a000 rw-p 00000000 00:00 0 
7f78db30a000-7f78dbdd3000 r-xp 00000000 fe:00 273821                     /usr/lib/jvm/java-7-openjdk-amd64/jre/lib/amd64/server/libjvm.so
7f78dbdd3000-7f78dbfd3000 ---p 00ac9000 fe:00 273821                     /usr/lib/jvm/java-7-openjdk-amd64/jre/lib/amd64/server/libjvm.so
7f78dbfd3000-7f78dc06b000 r--p 00ac9000 fe:00 273821                     /usr/lib/jvm/java-7-openjdk-amd64/jre/lib/amd64/server/libjvm.so
7f78dc06b000-7f78dc08e000 rw-p 00b61000 fe:00 273821                     /usr/lib/jvm/java-7-openjdk-amd64/jre/lib/amd64/server/libjvm.so
7f78dc08e000-7f78dc0bb000 rw-p 00000000 00:00 0 
7f78dc0bb000-7f78dc0d1000 r-xp 00000000 fe:00 129531                     /lib/x86_64-linux-gnu/libz.so.1.2.7
7f78dc0d1000-7f78dc2d0000 ---p 00016000 fe:00 129531                     /lib/x86_64-linux-gnu/libz.so.1.2.7
7f78dc2d0000-7f78dc2d1000 r--p 00015000 fe:00 129531                     /lib/x86_64-linux-gnu/libz.so.1.2.7
7f78dc2d1000-7f78dc2d2000 rw-p 00016000 fe:00 129531                     /lib/x86_64-linux-gnu/libz.so.1.2.7
7f78dc2d2000-7f78dc454000 r-xp 00000000 fe:00 135353                     /lib/x86_64-linux-gnu/libc-2.13.so
7f78dc454000-7f78dc653000 ---p 00182000 fe:00 135353                     /lib/x86_64-linux-gnu/libc-2.13.so
7f78dc653000-7f78dc657000 r--p 00181000 fe:00 135353                     /lib/x86_64-linux-gnu/libc-2.13.so
7f78dc657000-7f78dc658000 rw-p 00185000 fe:00 135353                     /lib/x86_64-linux-gnu/libc-2.13.so
7f78dc658000-7f78dc65d000 rw-p 00000000 00:00 0 
7f78dc65d000-7f78dc65f000 r-xp 00000000 fe:00 135356                     /lib/x86_64-linux-gnu/libdl-2.13.so
7f78dc65f000-7f78dc85f000 ---p 00002000 fe:00 135356                     /lib/x86_64-linux-gnu/libdl-2.13.so
7f78dc85f000-7f78dc860000 r--p 00002000 fe:00 135356                     /lib/x86_64-linux-gnu/libdl-2.13.so
7f78dc860000-7f78dc861000 rw-p 00003000 fe:00 135356                     /lib/x86_64-linux-gnu/libdl-2.13.so
7f78dc861000-7f78dc86e000 r-xp 00000000 fe:00 273824                     /usr/lib/jvm/java-7-openjdk-amd64/jre/lib/amd64/jli/libjli.so
7f78dc86e000-7f78dca6d000 ---p 0000d000 fe:00 273824                     /usr/lib/jvm/java-7-openjdk-amd64/jre/lib/amd64/jli/libjli.so
7f78dca6d000-7f78dca6e000 r--p 0000c000 fe:00 273824                     /usr/lib/jvm/java-7-openjdk-amd64/jre/lib/amd64/jli/libjli.so
7f78dca6e000-7f78dca6f000 rw-p 0000d000 fe:00 273824                     /usr/lib/jvm/java-7-openjdk-amd64/jre/lib/amd64/jli/libjli.so
7f78dca6f000-7f78dca86000 r-xp 00000000 fe:00 135367                     /lib/x86_64-linux-gnu/libpthread-2.13.so
7f78dca86000-7f78dcc85000 ---p 00017000 fe:00 135367                     /lib/x86_64-linux-gnu/libpthread-2.13.so
7f78dcc85000-7f78dcc86000 r--p 00016000 fe:00 135367                     /lib/x86_64-linux-gnu/libpthread-2.13.so
7f78dcc86000-7f78dcc87000 rw-p 00017000 fe:00 135367                     /lib/x86_64-linux-gnu/libpthread-2.13.so
7f78dcc87000-7f78dcc8b000 rw-p 00000000 00:00 0 
7f78dcc8b000-7f78dccab000 r-xp 00000000 fe:00 131123                     /lib/x86_64-linux-gnu/ld-2.13.so
7f78dccab000-7f78dccad000 r--s 00012000 fe:00 273794                     /usr/lib/jvm/java-7-openjdk-amd64/jre/lib/ext/zipfs.jar
7f78dccad000-7f78dccec000 rw-p 00000000 00:00 0 
7f78dccec000-7f78dcd95000 rw-p 00000000 00:00 0 
7f78dcd95000-7f78dcd98000 ---p 00000000 00:00 0 
7f78dcd98000-7f78dce9b000 rw-p 00000000 00:00 0 
7f78dce9b000-7f78dce9c000 r--s 00007000 fe:00 144694                     /usr/share/java/java-atk-wrapper.jar
7f78dce9c000-7f78dce9e000 r--s 0000f000 fe:00 273795                     /usr/lib/jvm/java-7-openjdk-amd64/jre/lib/ext/pulse-java.jar
7f78dce9e000-7f78dcea6000 rw-s 00000000 fe:00 157003                     /tmp/hsperfdata_vagrant/8627
7f78dcea6000-7f78dcea7000 rw-p 00000000 00:00 0 
7f78dcea7000-7f78dcea8000 r--p 00000000 00:00 0 
7f78dcea8000-7f78dceaa000 rw-p 00000000 00:00 0 
7f78dceaa000-7f78dceab000 r--p 0001f000 fe:00 131123                     /lib/x86_64-linux-gnu/ld-2.13.so
7f78dceab000-7f78dceac000 rw-p 00020000 fe:00 131123                     /lib/x86_64-linux-gnu/ld-2.13.so
7f78dceac000-7f78dcead000 rw-p 00000000 00:00 0 
7fff0e450000-7fff0e471000 rw-p 00000000 00:00 0                          [stack]
7fff0e4c9000-7fff0e4ca000 r-xp 00000000 00:00 0                          [vdso]
ffffffffff600000-ffffffffff601000 r-xp 00000000 00:00 0                  [vsyscall]

VM Arguments:
jvm_args: -Dclassworlds.conf=/usr/share/maven/bin/m2.conf -Dmaven.home=/usr/share/maven 
java_command: org.codehaus.plexus.classworlds.launcher.Launcher -q jetty:run -Dmobile.path=/vagrant/arsnova-mobile/src/main/webapp/build/testing/ARSnova
Launcher Type: SUN_STANDARD

Environment Variables:
JAVA_HOME=/usr/lib/jvm/java-7-openjdk-amd64
PATH=/usr/local/bin/Sencha/Cmd/4.0.4.84:/usr/local/bin/Sencha/Cmd/4.0.4.84:/usr/local/bin:/usr/bin:/bin:/usr/local/games:/usr/games:/usr/local/bin/Sencha/Cmd/4.0.4.84
SHELL=/bin/bash

Signal Handlers:
SIGSEGV: [libjvm.so+0x8f9750], sa_mask[0]=0x7ffbfeff, sa_flags=0x10000004
SIGBUS: [libjvm.so+0x8f9750], sa_mask[0]=0x7ffbfeff, sa_flags=0x10000004
SIGFPE: [libjvm.so+0x7827c0], sa_mask[0]=0x7ffbfeff, sa_flags=0x10000004
SIGPIPE: [libjvm.so+0x7827c0], sa_mask[0]=0x7ffbfeff, sa_flags=0x10000004
SIGXFSZ: [libjvm.so+0x7827c0], sa_mask[0]=0x7ffbfeff, sa_flags=0x10000004
SIGILL: [libjvm.so+0x7827c0], sa_mask[0]=0x7ffbfeff, sa_flags=0x10000004
SIGUSR1: SIG_DFL, sa_mask[0]=0x00000000, sa_flags=0x00000000
SIGUSR2: [libjvm.so+0x782ab0], sa_mask[0]=0x00000000, sa_flags=0x10000004
SIGHUP: [libjvm.so+0x782c20], sa_mask[0]=0x7ffbfeff, sa_flags=0x10000004
SIGINT: SIG_IGN, sa_mask[0]=0x00000000, sa_flags=0x00000000
SIGTERM: [libjvm.so+0x782c20], sa_mask[0]=0x7ffbfeff, sa_flags=0x10000004
SIGQUIT: [libjvm.so+0x782c20], sa_mask[0]=0x7ffbfeff, sa_flags=0x10000004


---------------  S Y S T E M  ---------------

OS:7.6

uname:Linux 3.2.0-4-amd64 #1 SMP Debian 3.2.60-1+deb7u1 x86_64
libc:glibc 2.13 NPTL 2.13 
rlimit: STACK 8192k, CORE 0k, NPROC 7917, NOFILE 4096, AS infinity
load average:6.76 5.37 4.89

/proc/meminfo:
MemTotal:        1027012 kB
MemFree:          365132 kB
Buffers:             380 kB
Cached:            11116 kB
SwapCached:         7184 kB
Active:           317236 kB
Inactive:         305712 kB
Active(anon):     314504 kB
Inactive(anon):   297088 kB
Active(file):       2732 kB
Inactive(file):     8624 kB
Unevictable:           0 kB
Mlocked:               0 kB
SwapTotal:        385020 kB
SwapFree:             12 kB
Dirty:                44 kB
Writeback:             0 kB
AnonPages:        604324 kB
Mapped:             4156 kB
Shmem:               108 kB
Slab:              19936 kB
SReclaimable:       9812 kB
SUnreclaim:        10124 kB
KernelStack:        2064 kB
PageTables:         6200 kB
NFS_Unstable:          0 kB
Bounce:                0 kB
WritebackTmp:          0 kB
CommitLimit:      898524 kB
Committed_AS:    1223196 kB
VmallocTotal:   34359738367 kB
VmallocUsed:       21812 kB
VmallocChunk:   34359716143 kB
HardwareCorrupted:     0 kB
AnonHugePages:         0 kB
HugePages_Total:       0
HugePages_Free:        0
HugePages_Rsvd:        0
HugePages_Surp:        0
Hugepagesize:       2048 kB
DirectMap4k:       38848 kB
DirectMap2M:     1009664 kB


CPU:total 1 (1 cores per cpu, 1 threads per core) family 6 model 37 stepping 2, cmov, cx8, fxsr, mmx, sse, sse2, sse3, ssse3, tsc

/proc/cpuinfo:
processor	: 0
vendor_id	: GenuineIntel
cpu family	: 6
model		: 37
model name	: Intel(R) Core(TM) i3 CPU       M 350  @ 2.27GHz
stepping	: 2
microcode	: 0x616
cpu MHz		: 2251.712
cache size	: 6144 KB
fpu		: yes
fpu_exception	: yes
cpuid level	: 5
wp		: yes
flags		: fpu vme de pse tsc msr pae mce cx8 apic sep mtrr pge mca cmov pat pse36 clflush mmx fxsr sse sse2 syscall nx rdtscp lm constant_tsc up rep_good nopl pni monitor ssse3 lahf_lm
bogomips	: 4503.42
clflush size	: 64
cache_alignment	: 64
address sizes	: 36 bits physical, 48 bits virtual
power management:



Memory: 4k page, physical 1027012k(365132k free), swap 385020k(12k free)

vm_info: OpenJDK 64-Bit Server VM (24.51-b03) for linux-amd64 JRE (1.7.0_55-b14), built on May  2 2014 11:33:06 by "buildd" with gcc 4.7.2

time: Wed Mar 11 11:10:51 2015
elapsed time: 803 seconds

