#
# There is insufficient memory for the Java Runtime Environment to continue.
# Native memory allocation (malloc) failed to allocate 196608 bytes for committing reserved memory.
# Possible reasons:
#   The system is out of physical RAM or swap space
#   In 32 bit mode, the process size limit was hit
# Possible solutions:
#   Reduce memory load on the system
#   Increase physical memory or swap space
#   Check if swap backing store is full
#   Use 64 bit Java on a 64 bit OS
#   Decrease Java heap size (-Xmx/-Xms)
#   Decrease number of Java threads
#   Decrease Java thread stack sizes (-Xss)
#   Set larger code cache with -XX:ReservedCodeCacheSize=
# This output file may be truncated or incomplete.
#
#  Out of Memory Error (os_linux.cpp:2769), pid=7280, tid=139923389064960
#
# JRE version: OpenJDK Runtime Environment (7.0_55-b14) (build 1.7.0_55-b14)
# Java VM: OpenJDK 64-Bit Server VM (24.51-b03 mixed mode linux-amd64 compressed oops)
# Failed to write core dump. Core dumps have been disabled. To enable core dumping, try "ulimit -c unlimited" before starting Java again
#

---------------  T H R E A D  ---------------

Current thread (0x0000000001752000):  VMThread [stack: 0x00007f4273d6a000,0x00007f4273e6b000] [id=7307]

Stack: [0x00007f4273d6a000,0x00007f4273e6b000],  sp=0x00007f4273e68ee0,  free space=1019k
Native frames: (J=compiled Java code, j=interpreted, Vv=VM code, C=native code)
V  [libjvm.so+0x8f8c75]  VMError::report_and_die()+0x175
V  [libjvm.so+0x46afd0]  report_vm_out_of_memory(char const*, int, unsigned long, char const*)+0x70
V  [libjvm.so+0x78729e]  os::Linux::commit_memory_impl(char*, unsigned long, unsigned long, bool)+0x17e
V  [libjvm.so+0x78733c]  os::pd_commit_memory(char*, unsigned long, unsigned long, bool)+0xc
V  [libjvm.so+0x781bb6]  os::commit_memory(char*, unsigned long, unsigned long, bool)+0x26
V  [libjvm.so+0x8f5ba4]  VirtualSpace::expand_by(unsigned long, bool)+0x1b4
V  [libjvm.so+0x537355]  OneContigSpaceCardGeneration::grow_by(unsigned long)+0x25
V  [libjvm.so+0x5378c8]  OneContigSpaceCardGeneration::expand(unsigned long, unsigned long)+0xd8
V  [libjvm.so+0x5377b8]  OneContigSpaceCardGeneration::expand_and_allocate(unsigned long, bool, bool)+0xc8
V  [libjvm.so+0x52a0bb]  GenCollectedHeap::handle_failed_promotion(Generation*, oopDesc*, unsigned long)+0xdb
V  [libjvm.so+0x471583]  DefNewGeneration::copy_to_survivor_space(oopDesc*)+0x83
V  [libjvm.so+0x5714ab]  instanceKlass::oop_oop_iterate_nv(oopDesc*, FastScanClosure*)+0xfb
V  [libjvm.so+0x833398]  ContiguousSpace::oop_since_save_marks_iterate_nv(FastScanClosure*)+0x68
V  [libjvm.so+0x537159]  OneContigSpaceCardGeneration::oop_since_save_marks_iterate_nv(FastScanClosure*)+0x39
V  [libjvm.so+0x5294fa]  GenCollectedHeap::oop_since_save_marks_iterate(int, FastScanClosure*, FastScanClosure*)+0x5a
V  [libjvm.so+0x46ebf4]  DefNewGeneration::FastEvacuateFollowersClosure::do_void()+0x24
V  [libjvm.so+0x7f02ba]  ReferenceProcessor::process_phase3(DiscoveredList&, bool, BoolObjectClosure*, OopClosure*, VoidClosure*)+0x16a
V  [libjvm.so+0x7f0f15]  ReferenceProcessor::process_discovered_reflist(DiscoveredList*, ReferencePolicy*, bool, BoolObjectClosure*, OopClosure*, VoidClosure*, AbstractRefProcTaskExecutor*) [clone .constprop.117]+0x135
V  [libjvm.so+0x7f1323]  ReferenceProcessor::process_discovered_references(BoolObjectClosure*, OopClosure*, VoidClosure*, AbstractRefProcTaskExecutor*, GCTimer*)+0x323
V  [libjvm.so+0x4705d0]  DefNewGeneration::collect(bool, bool, unsigned long, bool)+0x4d0
V  [libjvm.so+0x528735]  GenCollectedHeap::do_collection(bool, bool, unsigned long, bool, int)+0x4e5
V  [libjvm.so+0x40707a]  GenCollectorPolicy::satisfy_failed_allocation(unsigned long, bool)+0x15a
V  [libjvm.so+0x8f9b8d]  VM_GenCollectForAllocation::doit()+0x8d
V  [libjvm.so+0x8fed92]  VM_Operation::evaluate()+0x52
V  [libjvm.so+0x8fd798]  VMThread::evaluate_operation(VM_Operation*)+0x318
V  [libjvm.so+0x8fdbbe]  VMThread::loop()+0x1ee
V  [libjvm.so+0x8fe002]  VMThread::run()+0x72
V  [libjvm.so+0x784242]  java_start(Thread*)+0xf2

VM_Operation (0x00007f42710cd450): GenCollectForAllocation, mode: safepoint, requested by thread 0x00007f426c0c2800


---------------  P R O C E S S  ---------------

Java Threads: ( => current thread )
  0x000000000221d000 JavaThread "Scanner-0" daemon [_thread_blocked, id=7536, stack(0x00007f4270582000,0x00007f4270683000)]
  0x00000000023ce000 JavaThread "org.eclipse.jetty.server.session.HashSessionManager@13921fdaTimer" daemon [_thread_blocked, id=7533, stack(0x00007f4270683000,0x00007f4270784000)]
  0x00000000021ee000 JavaThread "org.eclipse.jetty.server.session.HashSessionManager@2f2addc8Timer" daemon [_thread_blocked, id=7532, stack(0x00007f4270784000,0x00007f4270885000)]
  0x00007f426c0c4000 JavaThread "qtp395674180-19" [_thread_blocked, id=7388, stack(0x00007f4270ecd000,0x00007f4270fce000)]
  0x00007f426c0c2800 JavaThread "qtp395674180-18" [_thread_blocked, id=7387, stack(0x00007f4270fce000,0x00007f42710cf000)]
  0x00007f426c25c000 JavaThread "qtp395674180-17" [_thread_blocked, id=7386, stack(0x00007f42710cf000,0x00007f42711d0000)]
  0x00007f426c25a000 JavaThread "qtp395674180-16-acceptor-0@65d604d-ServerConnector@5c5d627e{HTTP/1.1}{0.0.0.0:8080}" [_thread_in_native, id=7385, stack(0x00007f42711d0000,0x00007f42712d1000)]
  0x00007f426c4a5000 JavaThread "qtp395674180-15" [_thread_blocked, id=7384, stack(0x00007f42712d1000,0x00007f42713d2000)]
  0x00007f426c481800 JavaThread "qtp395674180-14" [_thread_blocked, id=7383, stack(0x00007f42713d2000,0x00007f42714d3000)]
  0x00007f426ca7d000 JavaThread "qtp395674180-13" [_thread_blocked, id=7382, stack(0x00007f42714d3000,0x00007f42715d4000)]
  0x00007f426ca7c000 JavaThread "qtp395674180-12-selector-ServerConnectorManager@4acbb47b/0" [_thread_in_native, id=7381, stack(0x00007f42715d4000,0x00007f42716d5000)]
  0x0000000001790800 JavaThread "Service Thread" daemon [_thread_blocked, id=7318, stack(0x00007f42735ed000,0x00007f42736ee000)]
  0x0000000001785000 JavaThread "C2 CompilerThread1" daemon [_thread_blocked, id=7317, stack(0x00007f42736ee000,0x00007f42737ef000)]
  0x0000000001783000 JavaThread "C2 CompilerThread0" daemon [_thread_blocked, id=7316, stack(0x00007f42737ef000,0x00007f42738f0000)]
  0x0000000001780800 JavaThread "Signal Dispatcher" daemon [_thread_blocked, id=7315, stack(0x00007f42738f0000,0x00007f42739f1000)]
  0x0000000001758000 JavaThread "Finalizer" daemon [_thread_blocked, id=7309, stack(0x00007f4273b68000,0x00007f4273c69000)]
  0x0000000001756000 JavaThread "Reference Handler" daemon [_thread_blocked, id=7308, stack(0x00007f4273c69000,0x00007f4273d6a000)]
  0x00000000016f0800 JavaThread "main" [_thread_blocked, id=7306, stack(0x00007f427a62e000,0x00007f427a72f000)]

Other Threads:
=>0x0000000001752000 VMThread [stack: 0x00007f4273d6a000,0x00007f4273e6b000] [id=7307]
  0x000000000179b800 WatcherThread [stack: 0x00007f42734ec000,0x00007f42735ed000] [id=7319]

VM state:at safepoint (normal execution)

VM Mutex/Monitor currently owned by a thread:  ([mutex/lock_event])
[0x00000000016ecae0] Threads_lock - owner thread: 0x0000000001752000
[0x00000000016ecfe0] Heap_lock - owner thread: 0x00007f426c0c2800

Heap
 def new generation   total 47232K, used 47232K [0x00000000d6400000, 0x00000000d9740000, 0x00000000e0b50000)
  eden space 41984K, 100% used [0x00000000d6400000, 0x00000000d8d00000, 0x00000000d8d00000)
  from space 5248K, 100% used [0x00000000d9220000, 0x00000000d9740000, 0x00000000d9740000)
  to   space 5248K,  99% used [0x00000000d8d00000, 0x00000000d921fff8, 0x00000000d9220000)
 tenured generation   total 113872K, used 113871K [0x00000000e0b50000, 0x00000000e7a84000, 0x00000000f5a00000)
   the space 113872K,  99% used [0x00000000e0b50000, 0x00000000e7a83fc8, 0x00000000e7a84000, 0x00000000e7a84000)
 compacting perm gen  total 49728K, used 49485K [0x00000000f5a00000, 0x00000000f8a90000, 0x0000000100000000)
   the space 49728K,  99% used [0x00000000f5a00000, 0x00000000f8a53670, 0x00000000f8a53800, 0x00000000f8a90000)
No shared spaces configured.

Card table byte_map: [0x00007f427422f000,0x00007f427437e000] byte_map_base: 0x00007f4273b7d000

Polling page: 0x00007f427a740000

Code Cache  [0x00007f427437e000, 0x00007f427490e000, 0x00007f427737e000)
 total_blobs=1917 nmethods=1539 adapters=331 free_code_cache=43901Kb largest_free_block=44544320

Compilation events (10 events):
Event: 504.844 Thread 0x0000000001785000 1766             java.util.jar.JarVerifier::mapSignersToCertArray (60 bytes)
Event: 504.861 Thread 0x0000000001785000 nmethod 1766 0x00007f427473a690 code [0x00007f427473a800, 0x00007f427473ab48]
Event: 504.900 Thread 0x0000000001783000 1767             java.lang.ThreadLocal$ThreadLocalMap::cleanSomeSlots (60 bytes)
Event: 504.902 Thread 0x0000000001783000 nmethod 1767 0x00007f4274544050 code [0x00007f42745441a0, 0x00007f4274544298]
Event: 509.818 Thread 0x0000000001785000 1768             java.util.HashMap::resize (62 bytes)
Event: 509.868 Thread 0x0000000001785000 nmethod 1768 0x00007f427462f690 code [0x00007f427462f820, 0x00007f427462fc88]
Event: 510.481 Thread 0x0000000001783000 1769             sun.security.provider.X509Factory::readFully (68 bytes)
Event: 510.507 Thread 0x0000000001783000 nmethod 1769 0x00007f42744ab010 code [0x00007f42744ab180, 0x00007f42744ab738]
Event: 515.456 Thread 0x0000000001785000 1770             sun.security.util.ManifestEntryVerifier::verify (272 bytes)
Event: 515.647 Thread 0x0000000001785000 nmethod 1770 0x00007f4274858350 code [0x00007f42748585e0, 0x00007f4274859c10]

GC Heap History (10 events):
Event: 514.443 GC heap after
Heap after GC invocations=619 (full 68):
 def new generation   total 47232K, used 5248K [0x00000000d6400000, 0x00000000d9740000, 0x00000000e0b50000)
  eden space 41984K,   0% used [0x00000000d6400000, 0x00000000d6400000, 0x00000000d8d00000)
  from space 5248K, 100% used [0x00000000d9220000, 0x00000000d9740000, 0x00000000d9740000)
  to   space 5248K,   0% used [0x00000000d8d00000, 0x00000000d8d00000, 0x00000000d9220000)
 tenured generation   total 104848K, used 80174K [0x00000000e0b50000, 0x00000000e71b4000, 0x00000000f5a00000)
   the space 104848K,  76% used [0x00000000e0b50000, 0x00000000e599b918, 0x00000000e599ba00, 0x00000000e71b4000)
 compacting perm gen  total 49728K, used 49485K [0x00000000f5a00000, 0x00000000f8a90000, 0x0000000100000000)
   the space 49728K,  99% used [0x00000000f5a00000, 0x00000000f8a53670, 0x00000000f8a53800, 0x00000000f8a90000)
No shared spaces configured.
}
Event: 514.713 GC heap before
{Heap before GC invocations=619 (full 68):
 def new generation   total 47232K, used 47232K [0x00000000d6400000, 0x00000000d9740000, 0x00000000e0b50000)
  eden space 41984K, 100% used [0x00000000d6400000, 0x00000000d8d00000, 0x00000000d8d00000)
  from space 5248K, 100% used [0x00000000d9220000, 0x00000000d9740000, 0x00000000d9740000)
  to   space 5248K,   0% used [0x00000000d8d00000, 0x00000000d8d00000, 0x00000000d9220000)
 tenured generation   total 104848K, used 80174K [0x00000000e0b50000, 0x00000000e71b4000, 0x00000000f5a00000)
   the space 104848K,  76% used [0x00000000e0b50000, 0x00000000e599b918, 0x00000000e599ba00, 0x00000000e71b4000)
 compacting perm gen  total 49728K, used 49485K [0x00000000f5a00000, 0x00000000f8a90000, 0x0000000100000000)
   the space 49728K,  99% used [0x00000000f5a00000, 0x00000000f8a53670, 0x00000000f8a53800, 0x00000000f8a90000)
No shared spaces configured.
Event: 514.784 GC heap after
Heap after GC invocations=620 (full 68):
 def new generation   total 47232K, used 5248K [0x00000000d6400000, 0x00000000d9740000, 0x00000000e0b50000)
  eden space 41984K,   0% used [0x00000000d6400000, 0x00000000d6400000, 0x00000000d8d00000)
  from space 5248K, 100% used [0x00000000d8d00000, 0x00000000d9220000, 0x00000000d9220000)
  to   space 5248K,   0% used [0x00000000d9220000, 0x00000000d9220000, 0x00000000d9740000)
 tenured generation   total 104848K, used 85121K [0x00000000e0b50000, 0x00000000e71b4000, 0x00000000f5a00000)
   the space 104848K,  81% used [0x00000000e0b50000, 0x00000000e5e70510, 0x00000000e5e70600, 0x00000000e71b4000)
 compacting perm gen  total 49728K, used 49485K [0x00000000f5a00000, 0x00000000f8a90000, 0x0000000100000000)
   the space 49728K,  99% used [0x00000000f5a00000, 0x00000000f8a53670, 0x00000000f8a53800, 0x00000000f8a90000)
No shared spaces configured.
}
Event: 515.059 GC heap before
{Heap before GC invocations=620 (full 68):
 def new generation   total 47232K, used 47217K [0x00000000d6400000, 0x00000000d9740000, 0x00000000e0b50000)
  eden space 41984K,  99% used [0x00000000d6400000, 0x00000000d8cfc410, 0x00000000d8d00000)
  from space 5248K, 100% used [0x00000000d8d00000, 0x00000000d9220000, 0x00000000d9220000)
  to   space 5248K,   0% used [0x00000000d9220000, 0x00000000d9220000, 0x00000000d9740000)
 tenured generation   total 104848K, used 85121K [0x00000000e0b50000, 0x00000000e71b4000, 0x00000000f5a00000)
   the space 104848K,  81% used [0x00000000e0b50000, 0x00000000e5e70510, 0x00000000e5e70600, 0x00000000e71b4000)
 compacting perm gen  total 49728K, used 49485K [0x00000000f5a00000, 0x00000000f8a90000, 0x0000000100000000)
   the space 49728K,  99% used [0x00000000f5a00000, 0x00000000f8a53670, 0x00000000f8a53800, 0x00000000f8a90000)
No shared spaces configured.
Event: 515.127 GC heap after
Heap after GC invocations=621 (full 68):
 def new generation   total 47232K, used 5247K [0x00000000d6400000, 0x00000000d9740000, 0x00000000e0b50000)
  eden space 41984K,   0% used [0x00000000d6400000, 0x00000000d6400000, 0x00000000d8d00000)
  from space 5248K,  99% used [0x00000000d9220000, 0x00000000d973fff8, 0x00000000d9740000)
  to   space 5248K,   0% used [0x00000000d8d00000, 0x00000000d8d00000, 0x00000000d9220000)
 tenured generation   total 104848K, used 89445K [0x00000000e0b50000, 0x00000000e71b4000, 0x00000000f5a00000)
   the space 104848K,  85% used [0x00000000e0b50000, 0x00000000e62a94d8, 0x00000000e62a9600, 0x00000000e71b4000)
 compacting perm gen  total 49728K, used 49485K [0x00000000f5a00000, 0x00000000f8a90000, 0x0000000100000000)
   the space 49728K,  99% used [0x00000000f5a00000, 0x00000000f8a53670, 0x00000000f8a53800, 0x00000000f8a90000)
No shared spaces configured.
}
Event: 515.359 GC heap before
{Heap before GC invocations=621 (full 68):
 def new generation   total 47232K, used 47231K [0x00000000d6400000, 0x00000000d9740000, 0x00000000e0b50000)
  eden space 41984K, 100% used [0x00000000d6400000, 0x00000000d8d00000, 0x00000000d8d00000)
  from space 5248K,  99% used [0x00000000d9220000, 0x00000000d973fff8, 0x00000000d9740000)
  to   space 5248K,   0% used [0x00000000d8d00000, 0x00000000d8d00000, 0x00000000d9220000)
 tenured generation   total 104848K, used 89445K [0x00000000e0b50000, 0x00000000e71b4000, 0x00000000f5a00000)
   the space 104848K,  85% used [0x00000000e0b50000, 0x00000000e62a94d8, 0x00000000e62a9600, 0x00000000e71b4000)
 compacting perm gen  total 49728K, used 49485K [0x00000000f5a00000, 0x00000000f8a90000, 0x0000000100000000)
   the space 49728K,  99% used [0x00000000f5a00000, 0x00000000f8a53670, 0x00000000f8a53800, 0x00000000f8a90000)
No shared spaces configured.
Event: 515.434 GC heap after
Heap after GC invocations=622 (full 68):
 def new generation   total 47232K, used 5248K [0x00000000d6400000, 0x00000000d9740000, 0x00000000e0b50000)
  eden space 41984K,   0% used [0x00000000d6400000, 0x00000000d6400000, 0x00000000d8d00000)
  from space 5248K, 100% used [0x00000000d8d00000, 0x00000000d9220000, 0x00000000d9220000)
  to   space 5248K,   0% used [0x00000000d9220000, 0x00000000d9220000, 0x00000000d9740000)
 tenured generation   total 104848K, used 94265K [0x00000000e0b50000, 0x00000000e71b4000, 0x00000000f5a00000)
   the space 104848K,  89% used [0x00000000e0b50000, 0x00000000e675e5c0, 0x00000000e675e600, 0x00000000e71b4000)
 compacting perm gen  total 49728K, used 49485K [0x00000000f5a00000, 0x00000000f8a90000, 0x0000000100000000)
   the space 49728K,  99% used [0x00000000f5a00000, 0x00000000f8a53670, 0x00000000f8a53800, 0x00000000f8a90000)
No shared spaces configured.
}
Event: 516.699 GC heap before
{Heap before GC invocations=622 (full 68):
 def new generation   total 47232K, used 47232K [0x00000000d6400000, 0x00000000d9740000, 0x00000000e0b50000)
  eden space 41984K, 100% used [0x00000000d6400000, 0x00000000d8d00000, 0x00000000d8d00000)
  from space 5248K, 100% used [0x00000000d8d00000, 0x00000000d9220000, 0x00000000d9220000)
  to   space 5248K,   0% used [0x00000000d9220000, 0x00000000d9220000, 0x00000000d9740000)
 tenured generation   total 104848K, used 94265K [0x00000000e0b50000, 0x00000000e71b4000, 0x00000000f5a00000)
   the space 104848K,  89% used [0x00000000e0b50000, 0x00000000e675e5c0, 0x00000000e675e600, 0x00000000e71b4000)
 compacting perm gen  total 49728K, used 49485K [0x00000000f5a00000, 0x00000000f8a90000, 0x0000000100000000)
   the space 49728K,  99% used [0x00000000f5a00000, 0x00000000f8a53670, 0x00000000f8a53800, 0x00000000f8a90000)
No shared spaces configured.
Event: 516.917 GC heap after
Heap after GC invocations=623 (full 68):
 def new generation   total 47232K, used 5248K [0x00000000d6400000, 0x00000000d9740000, 0x00000000e0b50000)
  eden space 41984K,   0% used [0x00000000d6400000, 0x00000000d6400000, 0x00000000d8d00000)
  from space 5248K, 100% used [0x00000000d9220000, 0x00000000d9740000, 0x00000000d9740000)
  to   space 5248K,   0% used [0x00000000d8d00000, 0x00000000d8d00000, 0x00000000d9220000)
 tenured generation   total 104848K, used 102774K [0x00000000e0b50000, 0x00000000e71b4000, 0x00000000f5a00000)
   the space 104848K,  98% used [0x00000000e0b50000, 0x00000000e6fad9e8, 0x00000000e6fada00, 0x00000000e71b4000)
 compacting perm gen  total 49728K, used 49485K [0x00000000f5a00000, 0x00000000f8a90000, 0x0000000100000000)
   the space 49728K,  99% used [0x00000000f5a00000, 0x00000000f8a53670, 0x00000000f8a53800, 0x00000000f8a90000)
No shared spaces configured.
}
Event: 518.414 GC heap before
{Heap before GC invocations=623 (full 68):
 def new generation   total 47232K, used 47232K [0x00000000d6400000, 0x00000000d9740000, 0x00000000e0b50000)
  eden space 41984K, 100% used [0x00000000d6400000, 0x00000000d8d00000, 0x00000000d8d00000)
  from space 5248K, 100% used [0x00000000d9220000, 0x00000000d9740000, 0x00000000d9740000)
  to   space 5248K,   0% used [0x00000000d8d00000, 0x00000000d8d00000, 0x00000000d9220000)
 tenured generation   total 104848K, used 102774K [0x00000000e0b50000, 0x00000000e71b4000, 0x00000000f5a00000)
   the space 104848K,  98% used [0x00000000e0b50000, 0x00000000e6fad9e8, 0x00000000e6fada00, 0x00000000e71b4000)
 compacting perm gen  total 49728K, used 49485K [0x00000000f5a00000, 0x00000000f8a90000, 0x0000000100000000)
   the space 49728K,  99% used [0x00000000f5a00000, 0x00000000f8a53670, 0x00000000f8a53800, 0x00000000f8a90000)
No shared spaces configured.

Deoptimization events (10 events):
Event: 402.733 Thread 0x00007f426c25c000 Uncommon trap: reason=class_check action=maybe_recompile pc=0x00007f427483d360 method=org.eclipse.jetty.annotations.AnnotationParser.parseJarEntry(Ljava/util/Set;Lorg/eclipse/jetty/util/resource/Resource;Ljava/util/jar/JarEntry;Lorg/eclipse/jetty/annotati
Event: 402.736 Thread 0x00007f426c25c000 Uncommon trap: reason=unreached action=reinterpret pc=0x00007f42747d01ac method=java.util.concurrent.ConcurrentHashMap.containsKey(Ljava/lang/Object;)Z @ 47
Event: 402.820 Thread 0x00007f426c0c4000 Uncommon trap: reason=class_check action=maybe_recompile pc=0x00007f427483d360 method=org.eclipse.jetty.annotations.AnnotationParser.parseJarEntry(Ljava/util/Set;Lorg/eclipse/jetty/util/resource/Resource;Ljava/util/jar/JarEntry;Lorg/eclipse/jetty/annotati
Event: 402.841 Thread 0x00007f426c0c4000 Uncommon trap: reason=class_check action=maybe_recompile pc=0x00007f4274835ebc method=org.eclipse.jetty.annotations.AnnotationParser.parseJarEntry(Ljava/util/Set;Lorg/eclipse/jetty/util/resource/Resource;Ljava/util/jar/JarEntry;Lorg/eclipse/jetty/annotati
Event: 403.829 Thread 0x00007f426c0c2800 Uncommon trap: reason=class_check action=maybe_recompile pc=0x00007f42747d4e04 method=org.objectweb.asm.ClassReader.a(Ljava/io/InputStream;Z)[B @ 16
Event: 404.136 Thread 0x00007f426c0c2800 Uncommon trap: reason=class_check action=maybe_recompile pc=0x00007f42747d4e04 method=org.objectweb.asm.ClassReader.a(Ljava/io/InputStream;Z)[B @ 16
Event: 404.186 Thread 0x00007f426c0c2800 Uncommon trap: reason=class_check action=maybe_recompile pc=0x00007f42747d4e04 method=org.objectweb.asm.ClassReader.a(Ljava/io/InputStream;Z)[B @ 16
Event: 404.221 Thread 0x00007f426c0c2800 Uncommon trap: reason=class_check action=maybe_recompile pc=0x00007f42747d4e04 method=org.objectweb.asm.ClassReader.a(Ljava/io/InputStream;Z)[B @ 16
Event: 404.289 Thread 0x00007f426c0c2800 Uncommon trap: reason=class_check action=maybe_recompile pc=0x00007f42747d0a88 method=org.objectweb.asm.ClassReader.a(Ljava/io/InputStream;Z)[B @ 16
Event: 424.211 Thread 0x0000000001758000 Uncommon trap: reason=unreached action=reinterpret pc=0x00007f4274529280 method=org.eclipse.jetty.util.resource.URLResource.close()V @ 36

Internal exceptions (10 events):
Event: 402.310 Thread 0x000000000221d000 Threw 0x00000000d7f91988 at /build/openjdk-7-kBcQ8a/openjdk-7-7u55-2.4.7/build/openjdk/hotspot/src/share/vm/prims/jvm.cpp:1244
Event: 402.310 Thread 0x000000000221d000 Threw 0x00000000d7f924b0 at /build/openjdk-7-kBcQ8a/openjdk-7-7u55-2.4.7/build/openjdk/hotspot/src/share/vm/prims/jvm.cpp:1244
Event: 402.310 Thread 0x000000000221d000 Threw 0x00000000d7f926d8 at /build/openjdk-7-kBcQ8a/openjdk-7-7u55-2.4.7/build/openjdk/hotspot/src/share/vm/prims/jvm.cpp:1244
Event: 402.310 Thread 0x000000000221d000 Threw 0x00000000d7f93228 at /build/openjdk-7-kBcQ8a/openjdk-7-7u55-2.4.7/build/openjdk/hotspot/src/share/vm/prims/jvm.cpp:1244
Event: 402.310 Thread 0x000000000221d000 Threw 0x00000000d7f93450 at /build/openjdk-7-kBcQ8a/openjdk-7-7u55-2.4.7/build/openjdk/hotspot/src/share/vm/prims/jvm.cpp:1244
Event: 402.312 Thread 0x000000000221d000 Threw 0x00000000d7f9a4f8 at /build/openjdk-7-kBcQ8a/openjdk-7-7u55-2.4.7/build/openjdk/hotspot/src/share/vm/prims/jvm.cpp:1244
Event: 402.312 Thread 0x000000000221d000 Threw 0x00000000d7f9a720 at /build/openjdk-7-kBcQ8a/openjdk-7-7u55-2.4.7/build/openjdk/hotspot/src/share/vm/prims/jvm.cpp:1244
Event: 402.684 Thread 0x000000000221d000 Threw 0x00000000d8118df8 at /build/openjdk-7-kBcQ8a/openjdk-7-7u55-2.4.7/build/openjdk/hotspot/src/share/vm/prims/jvm.cpp:1244
Event: 402.735 Thread 0x00007f426c25c000 Implicit null exception at 0x00007f42747cffba to 0x00007f42747d0191
Event: 417.910 Thread 0x00007f426c0c2800 Threw 0x00000000d8146368 at /build/openjdk-7-kBcQ8a/openjdk-7-7u55-2.4.7/build/openjdk/hotspot/src/share/vm/prims/jvm.cpp:1244

Events (10 events):
Event: 514.443 Executing VM operation: GenCollectForAllocation done
Event: 514.713 Executing VM operation: GenCollectForAllocation
Event: 514.784 Executing VM operation: GenCollectForAllocation done
Event: 515.059 Executing VM operation: GenCollectForAllocation
Event: 515.127 Executing VM operation: GenCollectForAllocation done
Event: 515.359 Executing VM operation: GenCollectForAllocation
Event: 515.434 Executing VM operation: GenCollectForAllocation done
Event: 516.699 Executing VM operation: GenCollectForAllocation
Event: 516.923 Executing VM operation: GenCollectForAllocation done
Event: 518.387 Executing VM operation: GenCollectForAllocation


Dynamic libraries:
00400000-00401000 r-xp 00000000 fe:00 145358                             /usr/lib/jvm/java-7-openjdk-amd64/jre/bin/java
00600000-00601000 r--p 00000000 fe:00 145358                             /usr/lib/jvm/java-7-openjdk-amd64/jre/bin/java
00601000-00602000 rw-p 00001000 fe:00 145358                             /usr/lib/jvm/java-7-openjdk-amd64/jre/bin/java
016e3000-065af000 rw-p 00000000 00:00 0                                  [heap]
d6400000-d9740000 rw-p 00000000 00:00 0 
d9740000-e0b50000 rw-p 00000000 00:00 0 
e0b50000-e7a84000 rw-p 00000000 00:00 0 
e7ab4000-f5a00000 rw-p 00000000 00:00 0 
f5a00000-f8a90000 rw-p 00000000 00:00 0 
f8a90000-100000000 rw-p 00000000 00:00 0 
7f426c000000-7f426eefd000 rw-p 00000000 00:00 0 
7f426eefd000-7f4270000000 ---p 00000000 00:00 0 
7f4270481000-7f4270484000 ---p 00000000 00:00 0 
7f4270484000-7f4270582000 rw-p 00000000 00:00 0 
7f4270582000-7f4270585000 ---p 00000000 00:00 0 
7f4270585000-7f4270683000 rw-p 00000000 00:00 0 
7f4270683000-7f4270686000 ---p 00000000 00:00 0 
7f4270686000-7f4270784000 rw-p 00000000 00:00 0 
7f4270784000-7f4270787000 ---p 00000000 00:00 0 
7f4270787000-7f4270885000 rw-p 00000000 00:00 0 
7f4270885000-7f4270890000 r--s 00203000 fe:00 145382                     /usr/lib/jvm/java-7-openjdk-amd64/jre/lib/charsets.jar
7f4270890000-7f427089b000 r--s 00203000 fe:00 145382                     /usr/lib/jvm/java-7-openjdk-amd64/jre/lib/charsets.jar
7f427089b000-7f427089e000 ---p 00000000 00:00 0 
7f427089e000-7f427099c000 rw-p 00000000 00:00 0 
7f427099c000-7f427099f000 ---p 00000000 00:00 0 
7f427099f000-7f4270a9d000 rw-p 00000000 00:00 0 
7f4270a9d000-7f4270aa0000 ---p 00000000 00:00 0 
7f4270aa0000-7f4270b9e000 rw-p 00000000 00:00 0 
7f4270b9e000-7f4270b9f000 r--s 00004000 fe:00 155647                     /home/vagrant/.m2/repository/org/apache/directory/shared/shared-cursor/0.9.15/shared-cursor-0.9.15.jar
7f4270b9f000-7f4270ba0000 r--s 00003000 fe:00 155644                     /home/vagrant/.m2/repository/org/apache/directory/server/apacheds-bootstrap-extract/1.5.5/apacheds-bootstrap-extract-1.5.5.jar
7f4270ba0000-7f4270ba2000 r--s 00008000 fe:00 402551                     /home/vagrant/.m2/repository/org/apache/directory/server/apacheds-xdbm-base/1.5.5/apacheds-xdbm-base-1.5.5.jar
7f4270ba2000-7f4270ba4000 r--s 00006000 fe:00 155642                     /home/vagrant/.m2/repository/org/apache/directory/server/apacheds-core-avl/1.5.5/apacheds-core-avl-1.5.5.jar
7f4270ba4000-7f4270ba6000 r--s 0000e000 fe:00 155641                     /home/vagrant/.m2/repository/org/apache/directory/server/apacheds-jdbm-store/1.5.5/apacheds-jdbm-store-1.5.5.jar
7f4270ba6000-7f4270ba7000 r--s 00002000 fe:00 155640                     /home/vagrant/.m2/repository/org/apache/directory/server/apacheds-utils/1.5.5/apacheds-utils-1.5.5.jar
7f4270ba7000-7f4270ba9000 r--s 00002000 fe:00 402547                     /home/vagrant/.m2/repository/org/apache/directory/server/apacheds-core-constants/1.5.5/apacheds-core-constants-1.5.5.jar
7f4270ba9000-7f4270bab000 r--s 00002000 fe:00 402545                     /home/vagrant/.m2/repository/org/apache/directory/server/apacheds-core-shared/1.5.5/apacheds-core-shared-1.5.5.jar
7f4270bab000-7f4270bad000 r--s 0000e000 fe:00 402542                     /home/vagrant/.m2/repository/org/apache/directory/server/apacheds-schema-registries/1.5.5/apacheds-schema-registries-1.5.5.jar
7f4270bad000-7f4270baf000 r--s 0000f000 fe:00 402541                     /home/vagrant/.m2/repository/org/apache/directory/server/apacheds-core-entry/1.5.5/apacheds-core-entry-1.5.5.jar
7f4270baf000-7f4270bb1000 r--s 00014000 fe:00 402540                     /home/vagrant/.m2/repository/org/apache/directory/server/apacheds-jdbm/1.5.5/apacheds-jdbm-1.5.5.jar
7f4270bb1000-7f4270bb5000 r--s 0001d000 fe:00 155636                     /home/vagrant/.m2/repository/org/apache/directory/server/apacheds-schema-bootstrap/1.5.5/apacheds-schema-bootstrap-1.5.5.jar
7f4270bb5000-7f4270bb7000 r--s 00004000 fe:00 155635                     /home/vagrant/.m2/repository/org/apache/directory/server/apacheds-xdbm-tools/1.5.5/apacheds-xdbm-tools-1.5.5.jar
7f4270bb7000-7f4270bbd000 r--s 00022000 fe:00 155634                     /home/vagrant/.m2/repository/org/apache/directory/server/apacheds-schema-extras/1.5.5/apacheds-schema-extras-1.5.5.jar
7f4270bbd000-7f4270bc0000 r--s 00011000 fe:00 295431                     /home/vagrant/.m2/repository/org/apache/directory/server/apacheds-xdbm-search/1.5.5/apacheds-xdbm-search-1.5.5.jar
7f4270bc0000-7f4270bcb000 r--s 0008b000 fe:00 402538                     /home/vagrant/.m2/repository/org/apache/directory/server/apacheds-core/1.5.5/apacheds-core-1.5.5.jar
7f4270bcb000-7f4270bcc000 r--s 00002000 fe:00 155628                     /home/vagrant/.m2/repository/de/thm/arsnova/connector/connector-model/0.73.0/connector-model-0.73.0.jar
7f4270bcc000-7f4270bda000 r--s 0007f000 fe:00 402535                     /home/vagrant/.m2/repository/commons-collections/commons-collections/3.2.1/commons-collections-3.2.1.jar
7f4270bda000-7f4270bdc000 r--s 00000000 fe:00 155622                     /home/vagrant/.m2/repository/de/thm/arsnova/connector/connector-client/0.73.0/connector-client-0.73.0.jar
7f4270bdc000-7f4270be2000 r--s 00033000 fe:00 402533                     /home/vagrant/.m2/repository/commons-codec/commons-codec/1.6/commons-codec-1.6.jar
7f4270be2000-7f4270be9000 r--s 0003f000 fe:00 295426                     /home/vagrant/.m2/repository/org/apache/httpcomponents/httpcore/4.3.3/httpcore-4.3.3.jar
7f4270be9000-7f4270bf5000 r--s 00085000 fe:00 295424                     /home/vagrant/.m2/repository/org/apache/httpcomponents/httpclient/4.3.6/httpclient-4.3.6.jar
7f4270bf5000-7f4270bf9000 r--s 0002a000 fe:00 402531                     /home/vagrant/.m2/repository/commons-io/commons-io/2.4/commons-io-2.4.jar
7f4270bf9000-7f4270bfb000 r--s 0000b000 fe:00 295414                     /home/vagrant/.m2/repository/org/springframework/spring-aspects/4.0.9.RELEASE/spring-aspects-4.0.9.RELEASE.jar
7f4270bfb000-7f4270c13000 r--s 001ac000 fe:00 155577                     /home/vagrant/.m2/repository/org/aspectj/aspectjweaver/1.7.4/aspectjweaver-1.7.4.jar
7f4270c13000-7f4270c18000 r--s 00019000 fe:00 155576                     /home/vagrant/.m2/repository/org/aspectj/aspectjrt/1.7.4/aspectjrt-1.7.4.jar
7f4270c18000-7f4270c21000 r--s 0004e000 fe:00 295412                     /home/vagrant/.m2/repository/org/springframework/spring-aop/4.0.9.RELEASE/spring-aop-4.0.9.RELEASE.jar
7f4270c21000-7f4270c24000 r--s 00007000 fe:00 402517                     /home/vagrant/.m2/repository/com/fasterxml/jackson/core/jackson-annotations/2.4.0/jackson-annotations-2.4.0.jar
7f4270c24000-7f4270c35000 r--s 000f6000 fe:00 402516                     /home/vagrant/.m2/repository/com/fasterxml/jackson/core/jackson-databind/2.4.5/jackson-databind-2.4.5.jar
7f4270c35000-7f4270c39000 r--s 00034000 fe:00 155574                     /home/vagrant/.m2/repository/com/fasterxml/jackson/core/jackson-core/2.4.3/jackson-core-2.4.3.jar
7f4270c39000-7f4270c3b000 r--s 0000f000 fe:00 155571                     /home/vagrant/.m2/repository/io/netty/netty-transport-native-epoll/4.0.25.Final/netty-transport-native-epoll-4.0.25.Final.jar
7f4270c3b000-7f4270c3f000 r--s 0001f000 fe:00 155570                     /home/vagrant/.m2/repository/io/netty/netty-codec/4.0.25.Final/netty-codec-4.0.25.Final.jar
7f4270c3f000-7f4270c47000 r--s 0005f000 fe:00 155566                     /home/vagrant/.m2/repository/io/netty/netty-codec-http/4.0.25.Final/netty-codec-http-4.0.25.Final.jar
7f4270c47000-7f4270c4c000 r--s 00034000 fe:00 155567                     /home/vagrant/.m2/repository/io/netty/netty-handler/4.0.25.Final/netty-handler-4.0.25.Final.jar
7f4270c4c000-7f4270c52000 r--s 00046000 fe:00 155564                     /home/vagrant/.m2/repository/io/netty/netty-transport/4.0.25.Final/netty-transport-4.0.25.Final.jar
7f4270c52000-7f4270c5a000 r--s 0005f000 fe:00 402511                     /home/vagrant/.m2/repository/io/netty/netty-common/4.0.25.Final/netty-common-4.0.25.Final.jar
7f4270c5a000-7f4270c5c000 r--s 00027000 fe:00 402510                     /home/vagrant/.m2/repository/io/netty/netty-buffer/4.0.25.Final/netty-buffer-4.0.25.Final.jar
7f4270c5c000-7f4270c61000 r--s 00029000 fe:00 155560                     /home/vagrant/.m2/repository/com/corundumstudio/socketio/netty-socketio/1.7.6/netty-socketio-1.7.6.jar
7f4270c61000-7f4270c67000 r--s 00048000 fe:00 155561                     /home/vagrant/.m2/repository/org/apache/commons/commons-lang3/3.1/commons-lang3-3.1.jar
7f4270c67000-7f4270c6a000 r--s 00011000 fe:00 155557                     /home/vagrant/.m2/repository/org/scribe/scribe/1.3.2/scribe-1.3.2.jar
7f4270c6a000-7f4270c6e000 r--s 0001c000 fe:00 155556                     /home/vagrant/.m2/repository/org/scribe/scribe-up/1.2.0/scribe-up-1.2.0.jar
7f4270c6e000-7f4270c6f000 r--s 00002000 fe:00 155551                     /home/vagrant/.m2/repository/com/github/leleuj/springframework/security/spring-security-oauth-client/1.0.0/spring-security-oauth-client-1.0.0.jar
7f4270c6f000-7f4270c71000 r--s 0000e000 fe:00 402520                     /home/vagrant/.m2/repository/javax/activation/activation/1.1/activation-1.1.jar
7f4270c71000-7f4270c79000 r--s 00078000 fe:00 402503                     /home/vagrant/.m2/repository/javax/mail/mail/1.4.7/mail-1.4.7.jar
7f4270c79000-7f4270c7c000 r--s 00013000 fe:00 402499                     /home/vagrant/.m2/repository/net/sf/ezmorph/ezmorph/1.0.6/ezmorph-1.0.6.jar
7f4270c7c000-7f4270c81000 r--s 00034000 fe:00 402498                     /home/vagrant/.m2/repository/commons-beanutils/commons-beanutils/1.8.0/commons-beanutils-1.8.0.jar
7f4270c81000-7f4270c85000 r--s 00022000 fe:00 402497                     /home/vagrant/.m2/repository/net/sf/json-lib/json-lib/2.3/json-lib-2.3-jdk15.jar
7f4270c85000-7f4270c87000 r--s 0000d000 fe:00 295406                     /home/vagrant/.m2/repository/commons-logging/commons-logging/1.1.1/commons-logging-1.1.1.jar
7f4270c87000-7f4270c89000 r--s 00006000 fe:00 402495                     /home/vagrant/.m2/repository/couchdb4j/couchdb4j/0.3.0-i386-1/couchdb4j-0.3.0-i386-1.jar
7f4270c89000-7f4270c92000 r--s 0006f000 fe:00 402494                     /home/vagrant/.m2/repository/log4j/log4j/1.2.17/log4j-1.2.17.jar
7f4270c92000-7f4270c94000 r--s 00001000 fe:00 295405                     /home/vagrant/.m2/repository/org/slf4j/slf4j-log4j12/1.7.10/slf4j-log4j12-1.7.10.jar
7f4270c94000-7f4270c95000 r--s 00007000 fe:00 295403                     /home/vagrant/.m2/repository/org/slf4j/slf4j-api/1.7.10/slf4j-api-1.7.10.jar
7f4270c95000-7f4270c96000 r--s 0000b000 fe:00 402490                     /home/vagrant/.m2/repository/org/ow2/asm/asm/4.2/asm-4.2.jar
7f4270c96000-7f4270c9d000 r--s 0003f000 fe:00 402488                     /home/vagrant/.m2/repository/cglib/cglib/3.1/cglib-3.1.jar
7f4270c9d000-7f4270ca7000 r--s 0005c000 fe:00 402486                     /home/vagrant/.m2/repository/jstl/jstl/1.2/jstl-1.2.jar
7f4270ca7000-7f4270caf000 r--s 00034000 fe:00 295401                     /home/vagrant/.m2/repository/org/springframework/spring-tx/3.2.8.RELEASE/spring-tx-3.2.8.RELEASE.jar
7f4270caf000-7f4270cb6000 r--s 00035000 fe:00 402484                     /home/vagrant/.m2/repository/org/springframework/ldap/spring-ldap-core/1.3.2.RELEASE/spring-ldap-core-1.3.2.RELEASE.jar
7f4270cb6000-7f4270cb9000 r--s 00016000 fe:00 295399                     /home/vagrant/.m2/repository/org/springframework/security/spring-security-ldap/3.2.5.RELEASE/spring-security-ldap-3.2.5.RELEASE.jar
7f4270cb9000-7f4270cbc000 r--s 00041000 fe:00 402482                     /home/vagrant/.m2/repository/xalan/serializer/2.7.1/serializer-2.7.1.jar
7f4270cbc000-7f4270ce1000 r--s 002e3000 fe:00 402481                     /home/vagrant/.m2/repository/xalan/xalan/2.7.1/xalan-2.7.1.jar
7f4270ce1000-7f4270ce3000 r--s 00013000 fe:00 402479                     /home/vagrant/.m2/repository/xml-resolver/xml-resolver/1.2/xml-resolver-1.2.jar
7f4270ce3000-7f4270cfc000 r--s 00134000 fe:00 402477                     /home/vagrant/.m2/repository/xerces/xercesImpl/2.10.0/xercesImpl-2.10.0.jar
7f4270cfc000-7f4270d05000 r--s 0002d000 fe:00 402476                     /home/vagrant/.m2/repository/xml-apis/xml-apis/1.4.01/xml-apis-1.4.01.jar
7f4270d05000-7f4270d0b000 r--s 00054000 fe:00 295395                     /home/vagrant/.m2/repository/org/owasp/esapi/esapi/2.0GA/esapi-2.0GA.jar
7f4270d0b000-7f4270d13000 r--s 00058000 fe:00 402475                     /home/vagrant/.m2/repository/velocity/velocity/1.5/velocity-1.5.jar
7f4270d13000-7f4270d14000 r--s 00000000 fe:00 295389                     /home/vagrant/.m2/repository/net/jcip/jcip-annotations/1.0/jcip-annotations-1.0.jar
7f4270d14000-7f4270d19000 r--s 0003b000 fe:00 295388                     /home/vagrant/.m2/repository/ca/juliusdavies/not-yet-commons-ssl/0.3.9/not-yet-commons-ssl-0.3.9.jar
7f4270d19000-7f4270d24000 r--s 00063000 fe:00 295385                     /home/vagrant/.m2/repository/org/apache/santuario/xmlsec/1.4.4/xmlsec-1.4.4.jar
7f4270d24000-7f4270d49000 r--s 00172000 fe:00 295383                     /home/vagrant/.m2/repository/org/bouncycastle/bcprov-jdk15/1.45/bcprov-jdk15-1.45.jar
7f4270d49000-7f4270d58000 r--s 00076000 fe:00 295381                     /home/vagrant/.m2/repository/joda-time/joda-time/1.6.2/joda-time-1.6.2.jar
7f4270d58000-7f4270d5a000 r--s 00000000 fe:00 295380                     /home/vagrant/.m2/repository/org/slf4j/jul-to-slf4j/1.6.1/jul-to-slf4j-1.6.1.jar
7f4270d5a000-7f4270d6a000 r--s 00086000 fe:00 295378                     /home/vagrant/.m2/repository/org/opensaml/xmltooling/1.3.2-1/xmltooling-1.3.2-1.jar
7f4270d6a000-7f4270d7e000 r--s 00077000 fe:00 295376                     /home/vagrant/.m2/repository/org/opensaml/openws/1.4.2-1/openws-1.4.2-1.jar
7f4270d7e000-7f4270da6000 r--s 00123000 fe:00 295374                     /home/vagrant/.m2/repository/org/opensaml/opensaml/2.5.1-1/opensaml-2.5.1-1.jar
7f4270da6000-7f4270da9000 r--s 00018000 fe:00 295371                     /home/vagrant/.m2/repository/org/jasig/cas/client/cas-client-core/3.3.3/cas-client-core-3.3.3.jar
7f4270da9000-7f4270dab000 r--s 00005000 fe:00 295370                     /home/vagrant/.m2/repository/org/springframework/security/spring-security-cas/3.2.5.RELEASE/spring-security-cas-3.2.5.RELEASE.jar
7f4270dab000-7f4270db5000 r--s 0005a000 fe:00 295369                     /home/vagrant/.m2/repository/org/springframework/spring-jdbc/3.2.8.RELEASE/spring-jdbc-3.2.8.RELEASE.jar
7f4270db5000-7f4270db8000 r--s 00012000 fe:00 295342                     /home/vagrant/.m2/repository/org/springframework/security/spring-security-acl/3.2.5.RELEASE/spring-security-acl-3.2.5.RELEASE.jar
7f4270db8000-7f4270db9000 r--s 00005000 fe:00 295364                     /home/vagrant/.m2/repository/org/springframework/security/spring-security-taglibs/3.2.5.RELEASE/spring-security-taglibs-3.2.5.RELEASE.jar
7f4270db9000-7f4270dc3000 r--s 0004a000 fe:00 295362                     /home/vagrant/.m2/repository/org/springframework/security/spring-security-web/3.2.5.RELEASE/spring-security-web-3.2.5.RELEASE.jar
7f4270dc3000-7f4270dce000 r--s 0004f000 fe:00 295360                     /home/vagrant/.m2/repository/org/springframework/security/spring-security-core/3.2.5.RELEASE/spring-security-core-3.2.5.RELEASE.jar
7f4270dce000-7f4270dd0000 r--s 00000000 fe:00 295357                     /home/vagrant/.m2/repository/aopalliance/aopalliance/1.0/aopalliance-1.0.jar
7f4270dd0000-7f4270dd8000 r--s 0005c000 fe:00 295354                     /home/vagrant/.m2/repository/org/springframework/security/spring-security-config/3.2.5.RELEASE/spring-security-config-3.2.5.RELEASE.jar
7f4270dd8000-7f4270ddc000 r--s 00016000 fe:00 295353                     /home/vagrant/.m2/repository/org/springframework/retry/spring-retry/1.1.1.RELEASE/spring-retry-1.1.1.RELEASE.jar
7f4270ddc000-7f4270de3000 r--s 0003b000 fe:00 295355                     /home/vagrant/.m2/repository/org/springframework/spring-messaging/4.0.8.RELEASE/spring-messaging-4.0.8.RELEASE.jar
7f4270de3000-7f4270df5000 r--s 000c7000 fe:00 295349                     /home/vagrant/.m2/repository/org/springframework/integration/spring-integration-core/4.0.6.RELEASE/spring-integration-core-4.0.6.RELEASE.jar
7f4270df5000-7f4270df9000 r--s 0001e000 fe:00 295348                     /home/vagrant/.m2/repository/org/springframework/spring-context-support/4.0.8.RELEASE/spring-context-support-4.0.8.RELEASE.jar
7f4270df9000-7f4270e1c000 r--s 00163000 fe:00 402553                     /home/vagrant/.m2/repository/bouncycastle/bcprov-jdk15/140/bcprov-jdk15-140.jar
7f4270e1c000-7f4270e1d000 rw-p 00000000 00:00 0 
7f4270e1d000-7f4270e1f000 r--s 0000f000 fe:00 295343                     /home/vagrant/.m2/repository/org/springframework/integration/spring-integration-mail/4.0.6.RELEASE/spring-integration-mail-4.0.6.RELEASE.jar
7f4270e1f000-7f4270e2e000 r--s 00095000 fe:00 295339                     /home/vagrant/.m2/repository/org/springframework/spring-web/4.0.9.RELEASE/spring-web-4.0.9.RELEASE.jar
7f4270e2e000-7f4270e3b000 r--s 00096000 fe:00 295328                     /home/vagrant/.m2/repository/org/springframework/spring-webmvc/4.0.9.RELEASE/spring-webmvc-4.0.9.RELEASE.jar
7f4270e3b000-7f4270e40000 r--s 0002e000 fe:00 295334                     /home/vagrant/.m2/repository/org/springframework/spring-expression/4.0.9.RELEASE/spring-expression-4.0.9.RELEASE.jar
7f4270e40000-7f4270e53000 r--s 000dc000 fe:00 295333                     /home/vagrant/.m2/repository/org/springframework/spring-core/4.0.9.RELEASE/spring-core-4.0.9.RELEASE.jar
7f4270e53000-7f4270e60000 r--s 00098000 fe:00 295332                     /home/vagrant/.m2/repository/org/springframework/spring-beans/4.0.9.RELEASE/spring-beans-4.0.9.RELEASE.jar
7f4270e60000-7f4270e77000 r--s 000d8000 fe:00 295331                     /home/vagrant/.m2/repository/org/springframework/spring-context/4.0.9.RELEASE/spring-context-4.0.9.RELEASE.jar
7f4270e77000-7f4270e7c000 r--s 00041000 fe:00 295330                     /home/vagrant/.m2/repository/commons-lang/commons-lang/2.6/commons-lang-2.6.jar
7f4270e7c000-7f4270e7e000 r--s 0000a000 fe:00 155667                     /home/vagrant/.m2/repository/org/apache/directory/server/apacheds-core-jndi/1.5.5/apacheds-core-jndi-1.5.5.jar
7f4270e7e000-7f4270e80000 r--s 00005000 fe:00 155666                     /home/vagrant/.m2/repository/org/apache/directory/server/apacheds-protocol-shared/1.5.5/apacheds-protocol-shared-1.5.5.jar
7f4270e80000-7f4270e82000 r--s 00066000 fe:00 155662                     /home/vagrant/.m2/repository/org/apache/directory/server/apacheds-bootstrap-partition/1.5.5/apacheds-bootstrap-partition-1.5.5.jar
7f4270e82000-7f4270e89000 r--s 0003b000 fe:00 155661                     /home/vagrant/.m2/repository/org/apache/directory/server/apacheds-kerberos-shared/1.5.5/apacheds-kerberos-shared-1.5.5.jar
7f4270e89000-7f4270e96000 r--s 0008f000 fe:00 295433                     /home/vagrant/.m2/repository/org/apache/mina/mina-core/2.0.0-M6/mina-core-2.0.0-M6.jar
7f4270e96000-7f4270e98000 r--s 00002000 fe:00 155658                     /home/vagrant/.m2/repository/org/apache/directory/shared/shared-asn1-codec/0.9.15/shared-asn1-codec-0.9.15.jar
7f4270e98000-7f4270e9c000 r--s 00027000 fe:00 155656                     /home/vagrant/.m2/repository/org/apache/directory/server/apacheds-protocol-ldap/1.5.5/apacheds-protocol-ldap-1.5.5.jar
7f4270e9c000-7f4270e9d000 r--s 00003000 fe:00 155655                     /home/vagrant/.m2/repository/org/apache/directory/server/apacheds-server-jndi/1.5.5/apacheds-server-jndi-1.5.5.jar
7f4270e9d000-7f4270ea2000 r--s 00068000 fe:00 402554                     /home/vagrant/.m2/repository/antlr/antlr/2.7.7/antlr-2.7.7.jar
7f4270ea2000-7f4270ea3000 r--s 00004000 fe:00 155652                     /home/vagrant/.m2/repository/org/apache/directory/shared/shared-ldap-constants/0.9.15/shared-ldap-constants-0.9.15.jar
7f4270ea3000-7f4270ea7000 r--s 00014000 fe:00 155651                     /home/vagrant/.m2/repository/org/apache/directory/shared/shared-asn1/0.9.15/shared-asn1-0.9.15.jar
7f4270ea7000-7f4270ec4000 r--s 0011f000 fe:00 155649                     /home/vagrant/.m2/repository/org/apache/directory/shared/shared-ldap/0.9.15/shared-ldap-0.9.15.jar
7f4270ec4000-7f4270ecd000 r--s 000b9000 fe:00 145377                     /usr/lib/jvm/java-7-openjdk-amd64/jre/lib/resources.jar
7f4270ecd000-7f4270ed0000 ---p 00000000 00:00 0 
7f4270ed0000-7f4270fce000 rw-p 00000000 00:00 0 
7f4270fce000-7f4270fd1000 ---p 00000000 00:00 0 
7f4270fd1000-7f42710cf000 rw-p 00000000 00:00 0 
7f42710cf000-7f42710d2000 ---p 00000000 00:00 0 
7f42710d2000-7f42711d0000 rw-p 00000000 00:00 0 
7f42711d0000-7f42711d3000 ---p 00000000 00:00 0 
7f42711d3000-7f42712d1000 rw-p 00000000 00:00 0 
7f42712d1000-7f42712d4000 ---p 00000000 00:00 0 
7f42712d4000-7f42713d2000 rw-p 00000000 00:00 0 
7f42713d2000-7f42713d5000 ---p 00000000 00:00 0 
7f42713d5000-7f42714d3000 rw-p 00000000 00:00 0 
7f42714d3000-7f42714d6000 ---p 00000000 00:00 0 
7f42714d6000-7f42715d4000 rw-p 00000000 00:00 0 
7f42715d4000-7f42715d7000 ---p 00000000 00:00 0 
7f42715d7000-7f42716d5000 rw-p 00000000 00:00 0 
7f42716d5000-7f42716dd000 r-xp 00000000 fe:00 273837                     /usr/lib/jvm/java-7-openjdk-amd64/jre/lib/amd64/libmanagement.so
7f42716dd000-7f42718dc000 ---p 00008000 fe:00 273837                     /usr/lib/jvm/java-7-openjdk-amd64/jre/lib/amd64/libmanagement.so
7f42718dc000-7f42718dd000 r--p 00007000 fe:00 273837                     /usr/lib/jvm/java-7-openjdk-amd64/jre/lib/amd64/libmanagement.so
7f42718dd000-7f42718de000 rw-p 00008000 fe:00 273837                     /usr/lib/jvm/java-7-openjdk-amd64/jre/lib/amd64/libmanagement.so
7f42718de000-7f42718e0000 r--s 00006000 fe:00 402902                     /home/vagrant/.m2/repository/javax/transaction/javax.transaction-api/1.2/javax.transaction-api-1.2.jar
7f42718e0000-7f42718e5000 r--s 0002d000 fe:00 402901                     /home/vagrant/.m2/repository/org/apache/taglibs/taglibs-standard-impl/1.2.1/taglibs-standard-impl-1.2.1.jar
7f42718e5000-7f42718e7000 r--s 00008000 fe:00 295833                     /home/vagrant/.m2/repository/org/apache/taglibs/taglibs-standard-spec/1.2.1/taglibs-standard-spec-1.2.1.jar
7f42718e7000-7f42718e8000 r--s 00000000 fe:00 295831                     /home/vagrant/.m2/repository/org/eclipse/jetty/apache-jstl/9.2.7.v20150116/apache-jstl-9.2.7.v20150116.jar
7f42718e8000-7f42718f7000 r--s 001a0000 fe:00 402900                     /home/vagrant/.m2/repository/org/eclipse/jetty/orbit/org.eclipse.jdt.core/3.8.2.v20130121/org.eclipse.jdt.core-3.8.2.v20130121.jar
7f42718f7000-7f42718fc000 r--s 00036000 fe:00 295828                     /home/vagrant/.m2/repository/org/mortbay/jasper/apache-el/8.0.9.M3/apache-el-8.0.9.M3.jar
7f42718fc000-7f427190a000 r--s 000dc000 fe:00 295829                     /home/vagrant/.m2/repository/org/mortbay/jasper/apache-jsp/8.0.9.M3/apache-jsp-8.0.9.M3.jar
7f427190a000-7f427190c000 r--s 0002c000 fe:00 156583                     /home/vagrant/.m2/repository/org/eclipse/jetty/toolchain/jetty-schemas/3.1.M0/jetty-schemas-3.1.M0.jar
7f427190c000-7f427190d000 r--s 00002000 fe:00 156581                     /home/vagrant/.m2/repository/org/eclipse/jetty/apache-jsp/9.2.7.v20150116/apache-jsp-9.2.7.v20150116.jar
7f427190d000-7f427190f000 r--s 00003000 fe:00 295824                     /home/vagrant/.m2/repository/org/eclipse/jetty/websocket/websocket-servlet/9.2.7.v20150116/websocket-servlet-9.2.7.v20150116.jar
7f427190f000-7f4271911000 r--s 00007000 fe:00 295820                     /home/vagrant/.m2/repository/org/eclipse/jetty/websocket/websocket-client/9.2.7.v20150116/websocket-client-9.2.7.v20150116.jar
7f4271911000-7f4271913000 r--s 00009000 fe:00 295821                     /home/vagrant/.m2/repository/org/eclipse/jetty/websocket/websocket-api/9.2.7.v20150116/websocket-api-9.2.7.v20150116.jar
7f4271913000-7f4271917000 r--s 00028000 fe:00 295819                     /home/vagrant/.m2/repository/org/eclipse/jetty/websocket/websocket-common/9.2.7.v20150116/websocket-common-9.2.7.v20150116.jar
7f4271917000-7f4271919000 r--s 00008000 fe:00 295818                     /home/vagrant/.m2/repository/org/eclipse/jetty/websocket/websocket-server/9.2.7.v20150116/websocket-server-9.2.7.v20150116.jar
7f4271919000-7f427191b000 r--s 00007000 fe:00 402893                     /home/vagrant/.m2/repository/javax/websocket/javax.websocket-api/1.0/javax.websocket-api-1.0.jar
7f427191b000-7f4271920000 r--s 00022000 fe:00 295817                     /home/vagrant/.m2/repository/org/eclipse/jetty/websocket/javax-websocket-client-impl/9.2.7.v20150116/javax-websocket-client-impl-9.2.7.v20150116.jar
7f4271920000-7f4271922000 r--s 00008000 fe:00 156579                     /home/vagrant/.m2/repository/org/eclipse/jetty/websocket/javax-websocket-server-impl/9.2.7.v20150116/javax-websocket-server-impl-9.2.7.v20150116.jar
7f4271922000-7f4271924000 r--s 00006000 fe:00 402883                     /home/vagrant/.m2/repository/org/ow2/asm/asm-tree/5.0.1/asm-tree-5.0.1.jar
7f4271924000-7f4271926000 r--s 00009000 fe:00 402882                     /home/vagrant/.m2/repository/org/ow2/asm/asm-commons/5.0.1/asm-commons-5.0.1.jar
7f4271926000-7f4271927000 r--s 0000c000 fe:00 402888                     /home/vagrant/.m2/repository/org/ow2/asm/asm/5.0.1/asm-5.0.1.jar
7f4271927000-7f4271929000 r--s 00005000 fe:00 402887                     /home/vagrant/.m2/repository/javax/annotation/javax.annotation-api/1.2/javax.annotation-api-1.2.jar
7f4271929000-7f427192b000 r--s 00012000 fe:00 156576                     /home/vagrant/.m2/repository/org/eclipse/jetty/jetty-annotations/9.2.7.v20150116/jetty-annotations-9.2.7.v20150116.jar
7f427192b000-7f427192c000 r--s 00005000 fe:00 156573                     /home/vagrant/.m2/repository/org/eclipse/jetty/jetty-jmx/9.2.7.v20150116/jetty-jmx-9.2.7.v20150116.jar
7f427192c000-7f427192f000 r--s 00017000 fe:00 156571                     /home/vagrant/.m2/repository/org/eclipse/jetty/jetty-io/9.2.7.v20150116/jetty-io-9.2.7.v20150116.jar
7f427192f000-7f4271931000 r--s 00018000 fe:00 156569                     /home/vagrant/.m2/repository/org/eclipse/jetty/jetty-http/9.2.7.v20150116/jetty-http-9.2.7.v20150116.jar
7f4271931000-7f4271934000 r--s 00015000 fe:00 402885                     /home/vagrant/.m2/repository/javax/servlet/javax.servlet-api/3.1.0/javax.servlet-api-3.1.0.jar
7f4271934000-7f427193b000 r--s 00060000 fe:00 156568                     /home/vagrant/.m2/repository/org/eclipse/jetty/jetty-server/9.2.7.v20150116/jetty-server-9.2.7.v20150116.jar
7f427193b000-7f427193d000 r--s 00009000 fe:00 156567                     /home/vagrant/.m2/repository/org/eclipse/jetty/jetty-jndi/9.2.7.v20150116/jetty-jndi-9.2.7.v20150116.jar
7f427193d000-7f427193f000 r--s 0000c000 fe:00 156563                     /home/vagrant/.m2/repository/org/eclipse/jetty/jetty-plus/9.2.7.v20150116/jetty-plus-9.2.7.v20150116.jar
7f427193f000-7f4271942000 r--s 00015000 fe:00 156562                     /home/vagrant/.m2/repository/org/eclipse/jetty/jetty-security/9.2.7.v20150116/jetty-security-9.2.7.v20150116.jar
7f4271942000-7f4271944000 r--s 00008000 fe:00 156559                     /home/vagrant/.m2/repository/org/eclipse/jetty/jetty-jaas/9.2.7.v20150116/jetty-jaas-9.2.7.v20150116.jar
7f4271944000-7f4271945000 r--s 00006000 fe:00 156557                     /home/vagrant/.m2/repository/org/eclipse/jetty/jetty-quickstart/9.2.7.v20150116/jetty-quickstart-9.2.7.v20150116.jar
7f4271945000-7f4271948000 r--s 0001a000 fe:00 156555                     /home/vagrant/.m2/repository/org/eclipse/jetty/jetty-servlet/9.2.7.v20150116/jetty-servlet-9.2.7.v20150116.jar
7f4271948000-7f4271949000 r--s 0000a000 fe:00 156552                     /home/vagrant/.m2/repository/org/eclipse/jetty/jetty-xml/9.2.7.v20150116/jetty-xml-9.2.7.v20150116.jar
7f4271949000-7f427194b000 r--s 00019000 fe:00 156554                     /home/vagrant/.m2/repository/org/eclipse/jetty/jetty-webapp/9.2.7.v20150116/jetty-webapp-9.2.7.v20150116.jar
7f427194b000-7f4271951000 r--s 00050000 fe:00 295814                     /home/vagrant/.m2/repository/org/eclipse/jetty/jetty-util/9.2.7.v20150116/jetty-util-9.2.7.v20150116.jar
7f4271951000-7f4271952000 r--s 00005000 fe:00 156550                     /home/vagrant/.m2/repository/org/apache/maven/plugin-tools/maven-plugin-tools-api/3.1/maven-plugin-tools-api-3.1.jar
7f4271952000-7f4271954000 r--s 00002000 fe:00 295811                     /home/vagrant/.m2/repository/org/sonatype/plexus/plexus-cipher/1.4/plexus-cipher-1.4.jar
7f4271954000-7f4271955000 r--s 00006000 fe:00 295809                     /home/vagrant/.m2/repository/org/sonatype/plexus/plexus-sec-dispatcher/1.3/plexus-sec-dispatcher-1.3.jar
7f4271955000-7f4271957000 r--s 0000d000 fe:00 156548                     /home/vagrant/.m2/repository/org/codehaus/plexus/plexus-interpolation/1.14/plexus-interpolation-1.14.jar
7f4271957000-7f427195b000 r--s 0001a000 fe:00 295807                     /home/vagrant/.m2/repository/org/sonatype/aether/aether-util/1.11/aether-util-1.11.jar
7f427195b000-7f427195f000 r--s 00033000 fe:00 156547                     /home/vagrant/.m2/repository/org/codehaus/plexus/plexus-utils/2.0.6/plexus-utils-2.0.6.jar
7f427195f000-7f427196b000 r--s 0006b000 fe:00 295806                     /home/vagrant/.m2/repository/org/sonatype/sisu/sisu-guice/2.9.4/sisu-guice-2.9.4-no_aop.jar
7f427196b000-7f4271971000 r--s 00033000 fe:00 295805                     /home/vagrant/.m2/repository/org/sonatype/sisu/sisu-inject-bean/2.1.1/sisu-inject-bean-2.1.1.jar
7f4271971000-7f4271973000 r--s 00016000 fe:00 294401                     /home/vagrant/.m2/repository/org/eclipse/jetty/jetty-maven-plugin/9.2.7.v20150116/jetty-maven-plugin-9.2.7.v20150116.jar
7f4271973000-7f42719de000 r--s 0069c000 fe:00 150219                     /usr/lib/jvm/java-7-openjdk-amd64/lib/tools.jar
7f42719de000-7f42719e1000 r--s 0001b000 fe:00 295588                     /home/vagrant/.m2/repository/junit/junit/3.8.2/junit-3.8.2.jar
7f42719e1000-7f42719ef000 r--s 0008f000 fe:00 156322                     /home/vagrant/.m2/repository/com/google/collections/google-collections/1.0/google-collections-1.0.jar
7f42719ef000-7f42719f0000 r--s 0000a000 fe:00 295585                     /home/vagrant/.m2/repository/commons-logging/commons-logging-api/1.1/commons-logging-api-1.1.jar
7f42719f0000-7f42719f7000 r--s 00051000 fe:00 402776                     /home/vagrant/.m2/repository/log4j/log4j/1.2.12/log4j-1.2.12.jar
7f42719f7000-7f42719fb000 r--s 0001d000 fe:00 295584                     /home/vagrant/.m2/repository/org/apache/xbean/xbean-reflect/3.4/xbean-reflect-3.4.jar
7f42719fb000-7f42719fc000 r--s 00004000 fe:00 156318                     /home/vagrant/.m2/repository/org/codehaus/plexus/plexus-compiler-javac/2.4/plexus-compiler-javac-2.4.jar
7f42719fc000-7f42719fe000 r--s 00000000 fe:00 156317                     /home/vagrant/.m2/repository/org/codehaus/plexus/plexus-compiler-manager/2.4/plexus-compiler-manager-2.4.jar
7f42719fe000-7f4271a00000 r--s 00005000 fe:00 156315                     /home/vagrant/.m2/repository/org/codehaus/plexus/plexus-compiler-api/2.4/plexus-compiler-api-2.4.jar
7f4271a00000-7f4271a02000 r--s 00000000 fe:00 156311                     /home/vagrant/.m2/repository/org/codehaus/plexus/plexus-component-annotations/1.5.5/plexus-component-annotations-1.5.5.jar
7f4271a02000-7f4271a04000 r--s 00002000 fe:00 156310                     /home/vagrant/.m2/repository/org/apache/maven/shared/maven-shared-incremental/1.1/maven-shared-incremental-1.1.jar
7f4271a04000-7f4271a06000 r--s 00006000 fe:00 156308                     /home/vagrant/.m2/repository/com/google/code/findbugs/jsr305/2.0.1/jsr305-2.0.1.jar
7f4271a06000-7f4271a09000 r--s 00023000 fe:00 156309                     /home/vagrant/.m2/repository/org/apache/maven/shared/maven-shared-utils/0.1/maven-shared-utils-0.1.jar
7f4271a09000-7f4271a0d000 r--s 00030000 fe:00 156307                     /home/vagrant/.m2/repository/org/codehaus/plexus/plexus-utils/1.5.1/plexus-utils-1.5.1.jar
7f4271a0d000-7f4271a0f000 r--s 0000a000 fe:00 294382                     /home/vagrant/.m2/repository/org/apache/maven/plugins/maven-compiler-plugin/3.2/maven-compiler-plugin-3.2.jar
7f4271a0f000-7f4271a11000 r--s 0000b000 fe:00 156136                     /home/vagrant/.m2/repository/org/codehaus/plexus/plexus-interpolation/1.6/plexus-interpolation-1.6.jar
7f4271a11000-7f4271a13000 r--s 00002000 fe:00 156135                     /home/vagrant/.m2/repository/org/codehaus/plexus/plexus-interactivity-api/1.0-alpha-4/plexus-interactivity-api-1.0-alpha-4.jar
7f4271a13000-7f4271a15000 r--s 00006000 fe:00 156131                     /home/vagrant/.m2/repository/commons-cli/commons-cli/1.0/commons-cli-1.0.jar
7f4271a15000-7f4271a16000 r--s 00001000 fe:00 156129                     /home/vagrant/.m2/repository/org/apache/maven/doxia/doxia-sink-api/1.0-alpha-7/doxia-sink-api-1.0-alpha-7.jar
7f4271a16000-7f4271a17000 r--s 00002000 fe:00 156130                     /home/vagrant/.m2/repository/org/apache/maven/reporting/maven-reporting-api/2.0.6/maven-reporting-api-2.0.6.jar
7f4271a17000-7f4271a19000 r--s 00007000 fe:00 156128                     /home/vagrant/.m2/repository/org/apache/maven/shared/maven-filtering/1.0-beta-2/maven-filtering-1.0-beta-2.jar
7f4271a19000-7f4271a1c000 r--s 0001b000 fe:00 295517                     /home/vagrant/.m2/repository/junit/junit/3.8.1/junit-3.8.1.jar
7f4271a1c000-7f4271a1e000 r--s 00004000 fe:00 294433                     /home/vagrant/.m2/repository/org/apache/maven/plugins/maven-resources-plugin/2.3/maven-resources-plugin-2.3.jar
7f4271a1e000-7f4271a22000 r--s 0001f000 fe:00 295513                     /home/vagrant/.m2/repository/org/jacoco/org.jacoco.report/0.7.2.201409121644/org.jacoco.report-0.7.2.201409121644.jar
7f4271a22000-7f4271a27000 r--s 00058000 fe:00 402703                     /home/vagrant/.m2/repository/org/ow2/asm/asm-debug-all/5.0.1/asm-debug-all-5.0.1.jar
7f4271a27000-7f4271a2b000 r--s 0001d000 fe:00 295511                     /home/vagrant/.m2/repository/org/jacoco/org.jacoco.core/0.7.2.201409121644/org.jacoco.core-0.7.2.201409121644.jar
7f4271a2b000-7f4271a31000 r--s 00041000 fe:00 295512                     /home/vagrant/.m2/repository/org/jacoco/org.jacoco.agent/0.7.2.201409121644/org.jacoco.agent-0.7.2.201409121644-runtime.jar
7f4271a31000-7f4271a36000 r--s 00016000 fe:00 402701                     /home/vagrant/.m2/repository/xml-apis/xml-apis/1.0.b2/xml-apis-1.0.b2.jar
7f4271a36000-7f4271a38000 r--s 0000e000 fe:00 156051                     /home/vagrant/.m2/repository/oro/oro/2.0.8/oro-2.0.8.jar
7f4271a38000-7f4271a3a000 r--s 00008000 fe:00 295501                     /home/vagrant/.m2/repository/commons-logging/commons-logging/1.0.4/commons-logging-1.0.4.jar
7f4271a3a000-7f4271a3e000 r--s 00026000 fe:00 156050                     /home/vagrant/.m2/repository/commons-digester/commons-digester/1.6/commons-digester-1.6.jar
7f4271a3e000-7f4271a43000 r--s 0002a000 fe:00 402697                     /home/vagrant/.m2/repository/commons-beanutils/commons-beanutils/1.7.0/commons-beanutils-1.7.0.jar
7f4271a43000-7f4271a46000 r--s 00014000 fe:00 156048                     /home/vagrant/.m2/repository/commons-validator/commons-validator/1.2.0/commons-validator-1.2.0.jar
7f4271a46000-7f4271a53000 r--s 0007f000 fe:00 402696                     /home/vagrant/.m2/repository/commons-collections/commons-collections/3.2/commons-collections-3.2.jar
7f4271a53000-7f4271a5b000 r--s 00058000 fe:00 295507                     /home/vagrant/.m2/repository/org/apache/velocity/velocity/1.5/velocity-1.5.jar
7f4271a5b000-7f4271a5c000 r--s 00001000 fe:00 156046                     /home/vagrant/.m2/repository/org/codehaus/plexus/plexus-velocity/1.1.7/plexus-velocity-1.1.7.jar
7f4271a5c000-7f4271a5d000 r--s 00002000 fe:00 156042                     /home/vagrant/.m2/repository/org/codehaus/plexus/plexus-i18n/1.0-beta-7/plexus-i18n-1.0-beta-7.jar
7f4271a5d000-7f4271a5f000 r--s 00008000 fe:00 156041                     /home/vagrant/.m2/repository/org/apache/maven/doxia/doxia-module-fml/1.1.2/doxia-module-fml-1.1.2.jar
7f4271a5f000-7f4271a60000 r--s 00003000 fe:00 156038                     /home/vagrant/.m2/repository/org/apache/maven/doxia/doxia-module-xhtml/1.1.2/doxia-module-xhtml-1.1.2.jar
7f4271a60000-7f4271a62000 r--s 0000b000 fe:00 156035                     /home/vagrant/.m2/repository/org/apache/maven/doxia/doxia-decoration-model/1.1.2/doxia-decoration-model-1.1.2.jar
7f4271a62000-7f4271a64000 r--s 0000b000 fe:00 156037                     /home/vagrant/.m2/repository/org/apache/maven/doxia/doxia-site-renderer/1.1.2/doxia-site-renderer-1.1.2.jar
7f4271a64000-7f4271a66000 r--s 00006000 fe:00 295505                     /home/vagrant/.m2/repository/commons-codec/commons-codec/1.2/commons-codec-1.2.jar
7f4271a66000-7f4271a6c000 r--s 00045000 fe:00 295392                     /home/vagrant/.m2/repository/commons-httpclient/commons-httpclient/3.1/commons-httpclient-3.1.jar
7f4271a6c000-7f4271a70000 r--s 0003c000 fe:00 402694                     /home/vagrant/.m2/repository/commons-lang/commons-lang/2.4/commons-lang-2.4.jar
7f4271a70000-7f4271a87000 r--s 00112000 fe:00 156034                     /home/vagrant/.m2/repository/xerces/xercesImpl/2.8.1/xercesImpl-2.8.1.jar
7f4271a87000-7f4271a8b000 r--s 00023000 fe:00 156030                     /home/vagrant/.m2/repository/org/apache/maven/doxia/doxia-core/1.1.2/doxia-core-1.1.2.jar
7f4271a8b000-7f4271a8d000 r--s 00003000 fe:00 156032                     /home/vagrant/.m2/repository/org/apache/maven/reporting/maven-reporting-impl/2.1/maven-reporting-impl-2.1.jar
7f4271a8d000-7f4271a8e000 r--s 00002000 fe:00 156026                     /home/vagrant/.m2/repository/org/apache/maven/doxia/doxia-logging-api/1.1/doxia-logging-api-1.1.jar
7f4271a8e000-7f4271a90000 r--s 00002000 fe:00 156025                     /home/vagrant/.m2/repository/org/apache/maven/doxia/doxia-sink-api/1.1/doxia-sink-api-1.1.jar
7f4271a90000-7f4271a91000 r--s 00002000 fe:00 156024                     /home/vagrant/.m2/repository/org/apache/maven/reporting/maven-reporting-api/2.2.1/maven-reporting-api-2.2.1.jar
7f4271a91000-7f4271a93000 r--s 00008000 fe:00 156020                     /home/vagrant/.m2/repository/org/apache/maven/shared/maven-shared-io/1.1/maven-shared-io-1.1.jar
7f4271a93000-7f4271a95000 r--s 00008000 fe:00 156019                     /home/vagrant/.m2/repository/org/apache/maven/shared/file-management/1.2.1/file-management-1.2.1.jar
7f4271a95000-7f4271a9a000 r--s 00039000 fe:00 156017                     /home/vagrant/.m2/repository/org/codehaus/plexus/plexus-utils/1.5.6/plexus-utils-1.5.6.jar
7f4271a9a000-7f4271aa0000 r--s 00034000 fe:00 295503                     /home/vagrant/.m2/repository/junit/junit/4.8.2/junit-4.8.2.jar
7f4271aa0000-7f4271aa2000 r--s 0000b000 fe:00 156016                     /home/vagrant/.m2/repository/org/codehaus/plexus/plexus-interpolation/1.11/plexus-interpolation-1.11.jar
7f4271aa2000-7f4271aa5000 ---p 00000000 00:00 0 
7f4271aa5000-7f4271adb000 rw-p 00000000 00:00 0 
7f4271adb000-7f4271adc000 r--p 00000000 00:00 0 
7f4271adc000-7f4271ae1000 r--s 0004c000 fe:00 145362                     /usr/lib/jvm/java-7-openjdk-amd64/jre/lib/jsse.jar
7f4271ae1000-7f4271b1d000 r-xp 00000000 fe:00 131911                     /lib/x86_64-linux-gnu/libpcre.so.3.13.1
7f4271b1d000-7f4271d1d000 ---p 0003c000 fe:00 131911                     /lib/x86_64-linux-gnu/libpcre.so.3.13.1
7f4271d1d000-7f4271d1e000 rw-p 0003c000 fe:00 131911                     /lib/x86_64-linux-gnu/libpcre.so.3.13.1
7f4271d1e000-7f4271d2a000 r-xp 00000000 fe:00 18290                      /usr/lib/x86_64-linux-gnu/libffi.so.5.0.10
7f4271d2a000-7f4271f2a000 ---p 0000c000 fe:00 18290                      /usr/lib/x86_64-linux-gnu/libffi.so.5.0.10
7f4271f2a000-7f4271f2b000 rw-p 0000c000 fe:00 18290                      /usr/lib/x86_64-linux-gnu/libffi.so.5.0.10
7f4271f2b000-7f4271f2c000 r-xp 00000000 fe:00 19708                      /usr/lib/x86_64-linux-gnu/libgthread-2.0.so.0.3200.4
7f4271f2c000-7f427212b000 ---p 00001000 fe:00 19708                      /usr/lib/x86_64-linux-gnu/libgthread-2.0.so.0.3200.4
7f427212b000-7f427212c000 r--p 00000000 fe:00 19708                      /usr/lib/x86_64-linux-gnu/libgthread-2.0.so.0.3200.4
7f427212c000-7f427212d000 rw-p 00001000 fe:00 19708                      /usr/lib/x86_64-linux-gnu/libgthread-2.0.so.0.3200.4
7f427212d000-7f4272140000 r-xp 00000000 fe:00 135368                     /lib/x86_64-linux-gnu/libresolv-2.13.so
7f4272140000-7f427233f000 ---p 00013000 fe:00 135368                     /lib/x86_64-linux-gnu/libresolv-2.13.so
7f427233f000-7f4272340000 r--p 00012000 fe:00 135368                     /lib/x86_64-linux-gnu/libresolv-2.13.so
7f4272340000-7f4272341000 rw-p 00013000 fe:00 135368                     /lib/x86_64-linux-gnu/libresolv-2.13.so
7f4272341000-7f4272343000 rw-p 00000000 00:00 0 
7f4272343000-7f4272361000 r-xp 00000000 fe:00 129349                     /lib/x86_64-linux-gnu/libselinux.so.1
7f4272361000-7f4272560000 ---p 0001e000 fe:00 129349                     /lib/x86_64-linux-gnu/libselinux.so.1
7f4272560000-7f4272561000 r--p 0001d000 fe:00 129349                     /lib/x86_64-linux-gnu/libselinux.so.1
7f4272561000-7f4272562000 rw-p 0001e000 fe:00 129349                     /lib/x86_64-linux-gnu/libselinux.so.1
7f4272562000-7f4272563000 rw-p 00000000 00:00 0 
7f4272563000-7f4272566000 r-xp 00000000 fe:00 19709                      /usr/lib/x86_64-linux-gnu/libgmodule-2.0.so.0.3200.4
7f4272566000-7f4272765000 ---p 00003000 fe:00 19709                      /usr/lib/x86_64-linux-gnu/libgmodule-2.0.so.0.3200.4
7f4272765000-7f4272766000 r--p 00002000 fe:00 19709                      /usr/lib/x86_64-linux-gnu/libgmodule-2.0.so.0.3200.4
7f4272766000-7f4272767000 rw-p 00003000 fe:00 19709                      /usr/lib/x86_64-linux-gnu/libgmodule-2.0.so.0.3200.4
7f4272767000-7f427285c000 r-xp 00000000 fe:00 144508                     /lib/x86_64-linux-gnu/libglib-2.0.so.0.3200.4
7f427285c000-7f4272a5c000 ---p 000f5000 fe:00 144508                     /lib/x86_64-linux-gnu/libglib-2.0.so.0.3200.4
7f4272a5c000-7f4272a5d000 r--p 000f5000 fe:00 144508                     /lib/x86_64-linux-gnu/libglib-2.0.so.0.3200.4
7f4272a5d000-7f4272a5e000 rw-p 000f6000 fe:00 144508                     /lib/x86_64-linux-gnu/libglib-2.0.so.0.3200.4
7f4272a5e000-7f4272a5f000 rw-p 00000000 00:00 0 
7f4272a5f000-7f4272aad000 r-xp 00000000 fe:00 19707                      /usr/lib/x86_64-linux-gnu/libgobject-2.0.so.0.3200.4
7f4272aad000-7f4272cad000 ---p 0004e000 fe:00 19707                      /usr/lib/x86_64-linux-gnu/libgobject-2.0.so.0.3200.4
7f4272cad000-7f4272cae000 r--p 0004e000 fe:00 19707                      /usr/lib/x86_64-linux-gnu/libgobject-2.0.so.0.3200.4
7f4272cae000-7f4272caf000 rw-p 0004f000 fe:00 19707                      /usr/lib/x86_64-linux-gnu/libgobject-2.0.so.0.3200.4
7f4272caf000-7f4272dfb000 r-xp 00000000 fe:00 19712                      /usr/lib/x86_64-linux-gnu/libgio-2.0.so.0.3200.4
7f4272dfb000-7f4272ffa000 ---p 0014c000 fe:00 19712                      /usr/lib/x86_64-linux-gnu/libgio-2.0.so.0.3200.4
7f4272ffa000-7f4272ffe000 r--p 0014b000 fe:00 19712                      /usr/lib/x86_64-linux-gnu/libgio-2.0.so.0.3200.4
7f4272ffe000-7f4273000000 rw-p 0014f000 fe:00 19712                      /usr/lib/x86_64-linux-gnu/libgio-2.0.so.0.3200.4
7f4273000000-7f4273002000 rw-p 00000000 00:00 0 
7f4273002000-7f427300a000 r--s 00049000 fe:00 156015                     /home/vagrant/.m2/repository/backport-util-concurrent/backport-util-concurrent/3.1/backport-util-concurrent-3.1.jar
7f427300a000-7f427300d000 r--s 00017000 fe:00 145374                     /usr/lib/jvm/java-7-openjdk-amd64/jre/lib/jce.jar
7f427300d000-7f427300f000 r--s 0000b000 fe:00 294414                     /home/vagrant/.m2/repository/org/jacoco/jacoco-maven-plugin/0.7.2.201409121644/jacoco-maven-plugin-0.7.2.201409121644.jar
7f427300f000-7f4273026000 r-xp 00000000 fe:00 273831                     /usr/lib/jvm/java-7-openjdk-amd64/jre/lib/amd64/libnet.so
7f4273026000-7f4273225000 ---p 00017000 fe:00 273831                     /usr/lib/jvm/java-7-openjdk-amd64/jre/lib/amd64/libnet.so
7f4273225000-7f4273226000 r--p 00016000 fe:00 273831                     /usr/lib/jvm/java-7-openjdk-amd64/jre/lib/amd64/libnet.so
7f4273226000-7f4273227000 rw-p 00017000 fe:00 273831                     /usr/lib/jvm/java-7-openjdk-amd64/jre/lib/amd64/libnet.so
7f4273227000-7f4273237000 r-xp 00000000 fe:00 273815                     /usr/lib/jvm/java-7-openjdk-amd64/jre/lib/amd64/libnio.so
7f4273237000-7f4273437000 ---p 00010000 fe:00 273815                     /usr/lib/jvm/java-7-openjdk-amd64/jre/lib/amd64/libnio.so
7f4273437000-7f4273438000 r--p 00010000 fe:00 273815                     /usr/lib/jvm/java-7-openjdk-amd64/jre/lib/amd64/libnio.so
7f4273438000-7f4273439000 rw-p 00011000 fe:00 273815                     /usr/lib/jvm/java-7-openjdk-amd64/jre/lib/amd64/libnio.so
7f4273439000-7f4273440000 r--s 00040000 fe:00 148235                     /usr/share/java/sisu-inject-bean.jar
7f4273440000-7f4273442000 r--s 0000a000 fe:00 277996                     /usr/share/maven/lib/maven-artifact-3.0.4.jar
7f4273442000-7f4273446000 r--s 00033000 fe:00 148179                     /usr/share/java/plexus-utils2-2.0.5.jar
7f4273446000-7f4273448000 r--s 0000b000 fe:00 389952                     /usr/share/maven-repo/org/codehaus/plexus/plexus-interpolation/1.11/plexus-interpolation-1.11.jar
7f4273448000-7f427344a000 r--s 00007000 fe:00 147403                     /usr/share/java/commons-cli-1.2.jar
7f427344a000-7f427344c000 r--s 00006000 fe:00 391352                     /usr/share/maven-repo/org/sonatype/aether/aether-connector-wagon/1.13.1/aether-connector-wagon-1.13.1.jar
7f427344c000-7f427344e000 r--s 00009000 fe:00 277993                     /usr/share/maven/lib/maven-plugin-api-3.0.4.jar
7f427344e000-7f427345a000 r--s 0007c000 fe:00 277991                     /usr/share/maven/lib/maven-core-3.0.4.jar
7f427345a000-7f427345c000 r--s 00009000 fe:00 277994                     /usr/share/maven/lib/maven-settings-3.0.4.jar
7f427345c000-7f427345e000 r--s 00007000 fe:00 277992                     /usr/share/maven/lib/maven-settings-builder-3.0.4.jar
7f427345e000-7f4273460000 r--s 00000000 fe:00 148187                     /usr/share/java/plexus-component-annotations-1.5-1.5.5.jar
7f4273460000-7f4273461000 r--s 00003000 fe:00 391334                     /usr/share/maven-repo/org/sonatype/aether/aether-spi/1.13.1/aether-spi-1.13.1.jar
7f4273461000-7f4273462000 r--s 00001000 fe:00 149689                     /usr/share/java/wagon-file-2.x.jar
7f4273462000-7f4273464000 r--s 0000a000 fe:00 149682                     /usr/share/java/wagon-provider-api-2.x.jar
7f4273464000-7f4273466000 r--s 00003000 fe:00 147408                     /usr/share/java/jsr305-0.1~+svn49.jar
7f4273466000-7f4273487000 r--s 0013f000 fe:00 148216                     /usr/share/java/guava-11.0.2.jar
7f4273487000-7f4273489000 r--s 0000b000 fe:00 277989                     /usr/share/maven/lib/maven-aether-provider-3.0.4.jar
7f4273489000-7f427348c000 r--s 00013000 fe:00 391381                     /usr/share/maven-repo/org/sonatype/aether/aether-api/1.13.1/aether-api-1.13.1.jar
7f427348c000-7f4273490000 r--s 00020000 fe:00 277988                     /usr/share/maven/lib/maven-model-builder-3.0.4.jar
7f4273490000-7f4273493000 r--s 0001d000 fe:00 391365                     /usr/share/maven-repo/org/sonatype/aether/aether-impl/1.13.1/aether-impl-1.13.1.jar
7f4273493000-7f4273495000 r--s 00025000 fe:00 277986                     /usr/share/maven/lib/maven-model-3.0.4.jar
7f4273495000-7f4273497000 r--s 00002000 fe:00 147711                     /usr/share/java/plexus-cipher.jar
7f4273497000-7f4273499000 r--s 00005000 fe:00 277987                     /usr/share/maven/lib/maven-repository-metadata-3.0.4.jar
7f4273499000-7f42734b1000 r--s 000d6000 fe:00 149685                     /usr/share/java/wagon-http-shaded-2.x.jar
7f42734b1000-7f42734bd000 r--s 00082000 fe:00 148222                     /usr/share/java/sisu-guice.jar
7f42734bd000-7f42734c1000 r--s 0001c000 fe:00 391358                     /usr/share/maven-repo/org/sonatype/aether/aether-util/1.13.1/aether-util-1.13.1.jar
7f42734c1000-7f42734c7000 r--s 0003e000 fe:00 277995                     /usr/share/maven/lib/maven-compat-3.0.4.jar
7f42734c7000-7f42734c9000 r--s 0000c000 fe:00 146966                     /usr/share/java/commons-logging-1.1.1.jar
7f42734c9000-7f42734cf000 r--s 00046000 fe:00 147743                     /usr/share/java/commons-httpclient-3.1.jar
7f42734cf000-7f42734d5000 r--s 0002c000 fe:00 148229                     /usr/share/java/sisu-inject-plexus.jar
7f42734d5000-7f42734d6000 r--s 00006000 fe:00 147719                     /usr/share/java/plexus-sec-dispatcher.jar
7f42734d6000-7f42734dc000 r--s 00034000 fe:00 147481                     /usr/share/java/commons-codec-1.6.jar
7f42734dc000-7f42734de000 r--s 00008000 fe:00 277990                     /usr/share/maven/lib/maven-embedder-3.0.4.jar
7f42734de000-7f42734e0000 r--s 0000a000 fe:00 147367                     /usr/share/java/plexus-classworlds2-2.4.jar
7f42734e0000-7f42734e1000 r--s 00002000 fe:00 273797                     /usr/lib/jvm/java-7-openjdk-amd64/jre/lib/ext/dnsns.jar
7f42734e1000-7f42734e4000 r--s 00032000 fe:00 273796                     /usr/lib/jvm/java-7-openjdk-amd64/jre/lib/ext/sunjce_provider.jar
7f42734e4000-7f42734e8000 r--s 00085000 fe:00 273792                     /usr/lib/jvm/java-7-openjdk-amd64/jre/lib/ext/localedata.jar
7f42734e8000-7f42734ec000 r--s 0003b000 fe:00 273793                     /usr/lib/jvm/java-7-openjdk-amd64/jre/lib/ext/sunpkcs11.jar
7f42734ec000-7f42734ed000 ---p 00000000 00:00 0 
7f42734ed000-7f42735ed000 rw-p 00000000 00:00 0 
7f42735ed000-7f42735f0000 ---p 00000000 00:00 0 
7f42735f0000-7f42736ee000 rw-p 00000000 00:00 0 
7f42736ee000-7f42736f1000 ---p 00000000 00:00 0 
7f42736f1000-7f42737ef000 rw-p 00000000 00:00 0 
7f42737ef000-7f42737f2000 ---p 00000000 00:00 0 
7f42737f2000-7f42738f0000 rw-p 00000000 00:00 0 
7f42738f0000-7f42738f3000 ---p 00000000 00:00 0 
7f42738f3000-7f42739f1000 rw-p 00000000 00:00 0 
7f42739f1000-7f4273b68000 r--p 00000000 fe:00 719                        /usr/lib/locale/locale-archive
7f4273b68000-7f4273b6b000 ---p 00000000 00:00 0 
7f4273b6b000-7f4273c69000 rw-p 00000000 00:00 0 
7f4273c69000-7f4273c6c000 ---p 00000000 00:00 0 
7f4273c6c000-7f4273d6a000 rw-p 00000000 00:00 0 
7f4273d6a000-7f4273d6b000 ---p 00000000 00:00 0 
7f4273d6b000-7f4273eb4000 rw-p 00000000 00:00 0 
7f4273eb4000-7f4274062000 r--s 01cfc000 fe:00 145363                     /usr/lib/jvm/java-7-openjdk-amd64/jre/lib/rt.jar
7f4274062000-7f427414c000 rw-p 00000000 00:00 0 
7f427414c000-7f4274187000 rw-p 00000000 00:00 0 
7f4274187000-7f42741bf000 rw-p 00000000 00:00 0 
7f42741bf000-7f427422f000 rw-p 00000000 00:00 0 
7f427422f000-7f4274249000 rw-p 00000000 00:00 0 
7f4274249000-7f4274282000 rw-p 00000000 00:00 0 
7f4274282000-7f42742bb000 rw-p 00000000 00:00 0 
7f42742bb000-7f427432a000 rw-p 00000000 00:00 0 
7f427432a000-7f4274343000 rw-p 00000000 00:00 0 
7f4274343000-7f427437d000 rw-p 00000000 00:00 0 
7f427437d000-7f427437e000 rw-p 00000000 00:00 0 
7f427437e000-7f427490e000 rwxp 00000000 00:00 0 
7f427490e000-7f427737e000 rw-p 00000000 00:00 0 
7f427737e000-7f4277386000 r-xp 00000000 fe:00 273827                     /usr/lib/jvm/java-7-openjdk-amd64/jre/lib/amd64/libzip.so
7f4277386000-7f4277585000 ---p 00008000 fe:00 273827                     /usr/lib/jvm/java-7-openjdk-amd64/jre/lib/amd64/libzip.so
7f4277585000-7f4277586000 r--p 00007000 fe:00 273827                     /usr/lib/jvm/java-7-openjdk-amd64/jre/lib/amd64/libzip.so
7f4277586000-7f4277587000 rw-p 00008000 fe:00 273827                     /usr/lib/jvm/java-7-openjdk-amd64/jre/lib/amd64/libzip.so
7f4277587000-7f4277592000 r-xp 00000000 fe:00 135362                     /lib/x86_64-linux-gnu/libnss_files-2.13.so
7f4277592000-7f4277791000 ---p 0000b000 fe:00 135362                     /lib/x86_64-linux-gnu/libnss_files-2.13.so
7f4277791000-7f4277792000 r--p 0000a000 fe:00 135362                     /lib/x86_64-linux-gnu/libnss_files-2.13.so
7f4277792000-7f4277793000 rw-p 0000b000 fe:00 135362                     /lib/x86_64-linux-gnu/libnss_files-2.13.so
7f4277793000-7f427779d000 r-xp 00000000 fe:00 135364                     /lib/x86_64-linux-gnu/libnss_nis-2.13.so
7f427779d000-7f427799c000 ---p 0000a000 fe:00 135364                     /lib/x86_64-linux-gnu/libnss_nis-2.13.so
7f427799c000-7f427799d000 r--p 00009000 fe:00 135364                     /lib/x86_64-linux-gnu/libnss_nis-2.13.so
7f427799d000-7f427799e000 rw-p 0000a000 fe:00 135364                     /lib/x86_64-linux-gnu/libnss_nis-2.13.so
7f427799e000-7f42779b3000 r-xp 00000000 fe:00 135359                     /lib/x86_64-linux-gnu/libnsl-2.13.so
7f42779b3000-7f4277bb2000 ---p 00015000 fe:00 135359                     /lib/x86_64-linux-gnu/libnsl-2.13.so
7f4277bb2000-7f4277bb3000 r--p 00014000 fe:00 135359                     /lib/x86_64-linux-gnu/libnsl-2.13.so
7f4277bb3000-7f4277bb4000 rw-p 00015000 fe:00 135359                     /lib/x86_64-linux-gnu/libnsl-2.13.so
7f4277bb4000-7f4277bb6000 rw-p 00000000 00:00 0 
7f4277bb6000-7f4277bbd000 r-xp 00000000 fe:00 135360                     /lib/x86_64-linux-gnu/libnss_compat-2.13.so
7f4277bbd000-7f4277dbc000 ---p 00007000 fe:00 135360                     /lib/x86_64-linux-gnu/libnss_compat-2.13.so
7f4277dbc000-7f4277dbd000 r--p 00006000 fe:00 135360                     /lib/x86_64-linux-gnu/libnss_compat-2.13.so
7f4277dbd000-7f4277dbe000 rw-p 00007000 fe:00 135360                     /lib/x86_64-linux-gnu/libnss_compat-2.13.so
7f4277dbe000-7f4277de9000 r-xp 00000000 fe:00 273832                     /usr/lib/jvm/java-7-openjdk-amd64/jre/lib/amd64/libjava.so
7f4277de9000-7f4277fe8000 ---p 0002b000 fe:00 273832                     /usr/lib/jvm/java-7-openjdk-amd64/jre/lib/amd64/libjava.so
7f4277fe8000-7f4277fe9000 r--p 0002a000 fe:00 273832                     /usr/lib/jvm/java-7-openjdk-amd64/jre/lib/amd64/libjava.so
7f4277fe9000-7f4277feb000 rw-p 0002b000 fe:00 273832                     /usr/lib/jvm/java-7-openjdk-amd64/jre/lib/amd64/libjava.so
7f4277feb000-7f4277ffa000 r-xp 00000000 fe:00 273833                     /usr/lib/jvm/java-7-openjdk-amd64/jre/lib/amd64/libverify.so
7f4277ffa000-7f42781f9000 ---p 0000f000 fe:00 273833                     /usr/lib/jvm/java-7-openjdk-amd64/jre/lib/amd64/libverify.so
7f42781f9000-7f42781fb000 r--p 0000e000 fe:00 273833                     /usr/lib/jvm/java-7-openjdk-amd64/jre/lib/amd64/libverify.so
7f42781fb000-7f42781fc000 rw-p 00010000 fe:00 273833                     /usr/lib/jvm/java-7-openjdk-amd64/jre/lib/amd64/libverify.so
7f42781fc000-7f4278203000 r-xp 00000000 fe:00 135369                     /lib/x86_64-linux-gnu/librt-2.13.so
7f4278203000-7f4278402000 ---p 00007000 fe:00 135369                     /lib/x86_64-linux-gnu/librt-2.13.so
7f4278402000-7f4278403000 r--p 00006000 fe:00 135369                     /lib/x86_64-linux-gnu/librt-2.13.so
7f4278403000-7f4278404000 rw-p 00007000 fe:00 135369                     /lib/x86_64-linux-gnu/librt-2.13.so
7f4278404000-7f4278419000 r-xp 00000000 fe:00 129288                     /lib/x86_64-linux-gnu/libgcc_s.so.1
7f4278419000-7f4278619000 ---p 00015000 fe:00 129288                     /lib/x86_64-linux-gnu/libgcc_s.so.1
7f4278619000-7f427861a000 rw-p 00015000 fe:00 129288                     /lib/x86_64-linux-gnu/libgcc_s.so.1
7f427861a000-7f427869b000 r-xp 00000000 fe:00 135357                     /lib/x86_64-linux-gnu/libm-2.13.so
7f427869b000-7f427889a000 ---p 00081000 fe:00 135357                     /lib/x86_64-linux-gnu/libm-2.13.so
7f427889a000-7f427889b000 r--p 00080000 fe:00 135357                     /lib/x86_64-linux-gnu/libm-2.13.so
7f427889b000-7f427889c000 rw-p 00081000 fe:00 135357                     /lib/x86_64-linux-gnu/libm-2.13.so
7f427889c000-7f4278984000 r-xp 00000000 fe:00 4038                       /usr/lib/x86_64-linux-gnu/libstdc++.so.6.0.17
7f4278984000-7f4278b84000 ---p 000e8000 fe:00 4038                       /usr/lib/x86_64-linux-gnu/libstdc++.so.6.0.17
7f4278b84000-7f4278b8c000 r--p 000e8000 fe:00 4038                       /usr/lib/x86_64-linux-gnu/libstdc++.so.6.0.17
7f4278b8c000-7f4278b8e000 rw-p 000f0000 fe:00 4038                       /usr/lib/x86_64-linux-gnu/libstdc++.so.6.0.17
7f4278b8e000-7f4278ba3000 rw-p 00000000 00:00 0 
7f4278ba3000-7f427966c000 r-xp 00000000 fe:00 273821                     /usr/lib/jvm/java-7-openjdk-amd64/jre/lib/amd64/server/libjvm.so
7f427966c000-7f427986c000 ---p 00ac9000 fe:00 273821                     /usr/lib/jvm/java-7-openjdk-amd64/jre/lib/amd64/server/libjvm.so
7f427986c000-7f4279904000 r--p 00ac9000 fe:00 273821                     /usr/lib/jvm/java-7-openjdk-amd64/jre/lib/amd64/server/libjvm.so
7f4279904000-7f4279927000 rw-p 00b61000 fe:00 273821                     /usr/lib/jvm/java-7-openjdk-amd64/jre/lib/amd64/server/libjvm.so
7f4279927000-7f4279954000 rw-p 00000000 00:00 0 
7f4279954000-7f427996a000 r-xp 00000000 fe:00 129531                     /lib/x86_64-linux-gnu/libz.so.1.2.7
7f427996a000-7f4279b69000 ---p 00016000 fe:00 129531                     /lib/x86_64-linux-gnu/libz.so.1.2.7
7f4279b69000-7f4279b6a000 r--p 00015000 fe:00 129531                     /lib/x86_64-linux-gnu/libz.so.1.2.7
7f4279b6a000-7f4279b6b000 rw-p 00016000 fe:00 129531                     /lib/x86_64-linux-gnu/libz.so.1.2.7
7f4279b6b000-7f4279ced000 r-xp 00000000 fe:00 135353                     /lib/x86_64-linux-gnu/libc-2.13.so
7f4279ced000-7f4279eec000 ---p 00182000 fe:00 135353                     /lib/x86_64-linux-gnu/libc-2.13.so
7f4279eec000-7f4279ef0000 r--p 00181000 fe:00 135353                     /lib/x86_64-linux-gnu/libc-2.13.so
7f4279ef0000-7f4279ef1000 rw-p 00185000 fe:00 135353                     /lib/x86_64-linux-gnu/libc-2.13.so
7f4279ef1000-7f4279ef6000 rw-p 00000000 00:00 0 
7f4279ef6000-7f4279ef8000 r-xp 00000000 fe:00 135356                     /lib/x86_64-linux-gnu/libdl-2.13.so
7f4279ef8000-7f427a0f8000 ---p 00002000 fe:00 135356                     /lib/x86_64-linux-gnu/libdl-2.13.so
7f427a0f8000-7f427a0f9000 r--p 00002000 fe:00 135356                     /lib/x86_64-linux-gnu/libdl-2.13.so
7f427a0f9000-7f427a0fa000 rw-p 00003000 fe:00 135356                     /lib/x86_64-linux-gnu/libdl-2.13.so
7f427a0fa000-7f427a107000 r-xp 00000000 fe:00 273824                     /usr/lib/jvm/java-7-openjdk-amd64/jre/lib/amd64/jli/libjli.so
7f427a107000-7f427a306000 ---p 0000d000 fe:00 273824                     /usr/lib/jvm/java-7-openjdk-amd64/jre/lib/amd64/jli/libjli.so
7f427a306000-7f427a307000 r--p 0000c000 fe:00 273824                     /usr/lib/jvm/java-7-openjdk-amd64/jre/lib/amd64/jli/libjli.so
7f427a307000-7f427a308000 rw-p 0000d000 fe:00 273824                     /usr/lib/jvm/java-7-openjdk-amd64/jre/lib/amd64/jli/libjli.so
7f427a308000-7f427a31f000 r-xp 00000000 fe:00 135367                     /lib/x86_64-linux-gnu/libpthread-2.13.so
7f427a31f000-7f427a51e000 ---p 00017000 fe:00 135367                     /lib/x86_64-linux-gnu/libpthread-2.13.so
7f427a51e000-7f427a51f000 r--p 00016000 fe:00 135367                     /lib/x86_64-linux-gnu/libpthread-2.13.so
7f427a51f000-7f427a520000 rw-p 00017000 fe:00 135367                     /lib/x86_64-linux-gnu/libpthread-2.13.so
7f427a520000-7f427a524000 rw-p 00000000 00:00 0 
7f427a524000-7f427a544000 r-xp 00000000 fe:00 131123                     /lib/x86_64-linux-gnu/ld-2.13.so
7f427a544000-7f427a546000 r--s 00012000 fe:00 273794                     /usr/lib/jvm/java-7-openjdk-amd64/jre/lib/ext/zipfs.jar
7f427a546000-7f427a585000 rw-p 00000000 00:00 0 
7f427a585000-7f427a62e000 rw-p 00000000 00:00 0 
7f427a62e000-7f427a631000 ---p 00000000 00:00 0 
7f427a631000-7f427a734000 rw-p 00000000 00:00 0 
7f427a734000-7f427a735000 r--s 00007000 fe:00 144694                     /usr/share/java/java-atk-wrapper.jar
7f427a735000-7f427a737000 r--s 0000f000 fe:00 273795                     /usr/lib/jvm/java-7-openjdk-amd64/jre/lib/ext/pulse-java.jar
7f427a737000-7f427a73f000 rw-s 00000000 fe:00 154574                     /tmp/hsperfdata_vagrant/7280
7f427a73f000-7f427a740000 rw-p 00000000 00:00 0 
7f427a740000-7f427a741000 ---p 00000000 00:00 0 
7f427a741000-7f427a743000 rw-p 00000000 00:00 0 
7f427a743000-7f427a744000 r--p 0001f000 fe:00 131123                     /lib/x86_64-linux-gnu/ld-2.13.so
7f427a744000-7f427a745000 rw-p 00020000 fe:00 131123                     /lib/x86_64-linux-gnu/ld-2.13.so
7f427a745000-7f427a746000 rw-p 00000000 00:00 0 
7fff1113a000-7fff1115b000 rw-p 00000000 00:00 0                          [stack]
7fff1117d000-7fff1117e000 r-xp 00000000 00:00 0                          [vdso]
ffffffffff600000-ffffffffff601000 r-xp 00000000 00:00 0                  [vsyscall]

VM Arguments:
jvm_args: -Dclassworlds.conf=/usr/share/maven/bin/m2.conf -Dmaven.home=/usr/share/maven 
java_command: org.codehaus.plexus.classworlds.launcher.Launcher -q jetty:run -Dmobile.path=/vagrant/arsnova-mobile/src/main/webapp/build/testing/ARSnova
Launcher Type: SUN_STANDARD

Environment Variables:
JAVA_HOME=/usr/lib/jvm/java-7-openjdk-amd64
PATH=/usr/local/bin/Sencha/Cmd/4.0.4.84:/usr/local/bin/Sencha/Cmd/4.0.4.84:/usr/local/bin:/usr/bin:/bin:/usr/local/games:/usr/games:/usr/local/bin/Sencha/Cmd/4.0.4.84
SHELL=/bin/bash

Signal Handlers:
SIGSEGV: [libjvm.so+0x8f9750], sa_mask[0]=0x7ffbfeff, sa_flags=0x10000004
SIGBUS: [libjvm.so+0x8f9750], sa_mask[0]=0x7ffbfeff, sa_flags=0x10000004
SIGFPE: [libjvm.so+0x7827c0], sa_mask[0]=0x7ffbfeff, sa_flags=0x10000004
SIGPIPE: [libjvm.so+0x7827c0], sa_mask[0]=0x7ffbfeff, sa_flags=0x10000004
SIGXFSZ: [libjvm.so+0x7827c0], sa_mask[0]=0x7ffbfeff, sa_flags=0x10000004
SIGILL: [libjvm.so+0x7827c0], sa_mask[0]=0x7ffbfeff, sa_flags=0x10000004
SIGUSR1: SIG_DFL, sa_mask[0]=0x00000000, sa_flags=0x00000000
SIGUSR2: [libjvm.so+0x782ab0], sa_mask[0]=0x00000000, sa_flags=0x10000004
SIGHUP: [libjvm.so+0x782c20], sa_mask[0]=0x7ffbfeff, sa_flags=0x10000004
SIGINT: SIG_IGN, sa_mask[0]=0x00000000, sa_flags=0x00000000
SIGTERM: [libjvm.so+0x782c20], sa_mask[0]=0x7ffbfeff, sa_flags=0x10000004
SIGQUIT: [libjvm.so+0x782c20], sa_mask[0]=0x7ffbfeff, sa_flags=0x10000004


---------------  S Y S T E M  ---------------

OS:7.6

uname:Linux 3.2.0-4-amd64 #1 SMP Debian 3.2.60-1+deb7u1 x86_64
libc:glibc 2.13 NPTL 2.13 
rlimit: STACK 8192k, CORE 0k, NPROC 7917, NOFILE 4096, AS infinity
load average:5.49 4.76 5.08

/proc/meminfo:
MemTotal:        1027012 kB
MemFree:          188724 kB
Buffers:             628 kB
Cached:            11316 kB
SwapCached:         9820 kB
Active:           410404 kB
Inactive:         391280 kB
Active(anon):     409832 kB
Inactive(anon):   380056 kB
Active(file):        572 kB
Inactive(file):    11224 kB
Unevictable:           0 kB
Mlocked:               0 kB
SwapTotal:        385020 kB
SwapFree:         189852 kB
Dirty:                88 kB
Writeback:             0 kB
AnonPages:        779976 kB
Mapped:             3680 kB
Shmem:               120 kB
Slab:              17968 kB
SReclaimable:       7980 kB
SUnreclaim:         9988 kB
KernelStack:        2064 kB
PageTables:         6168 kB
NFS_Unstable:          0 kB
Bounce:                0 kB
WritebackTmp:          0 kB
CommitLimit:      898524 kB
Committed_AS:    1221432 kB
VmallocTotal:   34359738367 kB
VmallocUsed:       21812 kB
VmallocChunk:   34359716143 kB
HardwareCorrupted:     0 kB
AnonHugePages:         0 kB
HugePages_Total:       0
HugePages_Free:        0
HugePages_Rsvd:        0
HugePages_Surp:        0
Hugepagesize:       2048 kB
DirectMap4k:       38848 kB
DirectMap2M:     1009664 kB


CPU:total 1 (1 cores per cpu, 1 threads per core) family 6 model 37 stepping 2, cmov, cx8, fxsr, mmx, sse, sse2, sse3, ssse3, tsc

/proc/cpuinfo:
processor	: 0
vendor_id	: GenuineIntel
cpu family	: 6
model		: 37
model name	: Intel(R) Core(TM) i3 CPU       M 350  @ 2.27GHz
stepping	: 2
microcode	: 0x616
cpu MHz		: 2251.712
cache size	: 6144 KB
fpu		: yes
fpu_exception	: yes
cpuid level	: 5
wp		: yes
flags		: fpu vme de pse tsc msr pae mce cx8 apic sep mtrr pge mca cmov pat pse36 clflush mmx fxsr sse sse2 syscall nx rdtscp lm constant_tsc up rep_good nopl pni monitor ssse3 lahf_lm
bogomips	: 4503.42
clflush size	: 64
cache_alignment	: 64
address sizes	: 36 bits physical, 48 bits virtual
power management:



Memory: 4k page, physical 1027012k(188724k free), swap 385020k(189852k free)

vm_info: OpenJDK 64-Bit Server VM (24.51-b03) for linux-amd64 JRE (1.7.0_55-b14), built on May  2 2014 11:33:06 by "buildd" with gcc 4.7.2

time: Wed Mar 11 10:14:05 2015
elapsed time: 521 seconds

